[2024-04-22T18:27:48.690+0000] {processor.py:161} INFO - Started process (PID=1493) to work on /opt/airflow/dags/goodbye_dag.py
[2024-04-22T18:27:48.692+0000] {processor.py:830} INFO - Processing file /opt/airflow/dags/goodbye_dag.py for tasks to queue
[2024-04-22T18:27:48.695+0000] {logging_mixin.py:188} INFO - [2024-04-22T18:27:48.694+0000] {dagbag.py:540} INFO - Filling up the DagBag from /opt/airflow/dags/goodbye_dag.py
[2024-04-22T18:27:48.821+0000] {processor.py:840} INFO - DAG(s) 'goodbye_dag' retrieved from /opt/airflow/dags/goodbye_dag.py
[2024-04-22T18:27:48.895+0000] {logging_mixin.py:188} INFO - [2024-04-22T18:27:48.895+0000] {dag.py:3096} INFO - Sync 1 DAGs
[2024-04-22T18:27:49.011+0000] {logging_mixin.py:188} INFO - [2024-04-22T18:27:49.011+0000] {dag.py:3954} INFO - Setting next_dagrun for goodbye_dag to 2024-04-21 23:00:00+00:00, run_after=2024-04-22 23:00:00+00:00
[2024-04-22T18:27:49.042+0000] {processor.py:183} INFO - Processing /opt/airflow/dags/goodbye_dag.py took 0.357 seconds
[2024-04-22T18:28:19.562+0000] {processor.py:161} INFO - Started process (PID=1495) to work on /opt/airflow/dags/goodbye_dag.py
[2024-04-22T18:28:19.565+0000] {processor.py:830} INFO - Processing file /opt/airflow/dags/goodbye_dag.py for tasks to queue
[2024-04-22T18:28:19.567+0000] {logging_mixin.py:188} INFO - [2024-04-22T18:28:19.566+0000] {dagbag.py:540} INFO - Filling up the DagBag from /opt/airflow/dags/goodbye_dag.py
[2024-04-22T18:28:19.659+0000] {processor.py:840} INFO - DAG(s) 'goodbye_dag' retrieved from /opt/airflow/dags/goodbye_dag.py
[2024-04-22T18:28:19.681+0000] {logging_mixin.py:188} INFO - [2024-04-22T18:28:19.681+0000] {dag.py:3096} INFO - Sync 1 DAGs
[2024-04-22T18:28:19.720+0000] {logging_mixin.py:188} INFO - [2024-04-22T18:28:19.720+0000] {dag.py:3954} INFO - Setting next_dagrun for goodbye_dag to 2024-04-21 23:00:00+00:00, run_after=2024-04-22 23:00:00+00:00
[2024-04-22T18:28:19.756+0000] {processor.py:183} INFO - Processing /opt/airflow/dags/goodbye_dag.py took 0.198 seconds
[2024-04-22T18:28:50.294+0000] {processor.py:161} INFO - Started process (PID=1497) to work on /opt/airflow/dags/goodbye_dag.py
[2024-04-22T18:28:50.296+0000] {processor.py:830} INFO - Processing file /opt/airflow/dags/goodbye_dag.py for tasks to queue
[2024-04-22T18:28:50.298+0000] {logging_mixin.py:188} INFO - [2024-04-22T18:28:50.298+0000] {dagbag.py:540} INFO - Filling up the DagBag from /opt/airflow/dags/goodbye_dag.py
[2024-04-22T18:28:50.396+0000] {processor.py:840} INFO - DAG(s) 'goodbye_dag' retrieved from /opt/airflow/dags/goodbye_dag.py
[2024-04-22T18:28:50.413+0000] {logging_mixin.py:188} INFO - [2024-04-22T18:28:50.413+0000] {dag.py:3096} INFO - Sync 1 DAGs
[2024-04-22T18:28:50.429+0000] {logging_mixin.py:188} INFO - [2024-04-22T18:28:50.429+0000] {dag.py:3954} INFO - Setting next_dagrun for goodbye_dag to 2024-04-21 23:00:00+00:00, run_after=2024-04-22 23:00:00+00:00
[2024-04-22T18:28:50.458+0000] {processor.py:183} INFO - Processing /opt/airflow/dags/goodbye_dag.py took 0.170 seconds
[2024-04-22T18:29:21.027+0000] {processor.py:161} INFO - Started process (PID=1499) to work on /opt/airflow/dags/goodbye_dag.py
[2024-04-22T18:29:21.029+0000] {processor.py:830} INFO - Processing file /opt/airflow/dags/goodbye_dag.py for tasks to queue
[2024-04-22T18:29:21.032+0000] {logging_mixin.py:188} INFO - [2024-04-22T18:29:21.032+0000] {dagbag.py:540} INFO - Filling up the DagBag from /opt/airflow/dags/goodbye_dag.py
[2024-04-22T18:29:21.144+0000] {processor.py:840} INFO - DAG(s) 'goodbye_dag' retrieved from /opt/airflow/dags/goodbye_dag.py
[2024-04-22T18:29:21.161+0000] {logging_mixin.py:188} INFO - [2024-04-22T18:29:21.160+0000] {dag.py:3096} INFO - Sync 1 DAGs
[2024-04-22T18:29:21.176+0000] {logging_mixin.py:188} INFO - [2024-04-22T18:29:21.176+0000] {dag.py:3954} INFO - Setting next_dagrun for goodbye_dag to 2024-04-21 23:00:00+00:00, run_after=2024-04-22 23:00:00+00:00
[2024-04-22T18:29:21.207+0000] {processor.py:183} INFO - Processing /opt/airflow/dags/goodbye_dag.py took 0.187 seconds
[2024-04-22T18:29:51.533+0000] {processor.py:161} INFO - Started process (PID=1501) to work on /opt/airflow/dags/goodbye_dag.py
[2024-04-22T18:29:51.535+0000] {processor.py:830} INFO - Processing file /opt/airflow/dags/goodbye_dag.py for tasks to queue
[2024-04-22T18:29:51.537+0000] {logging_mixin.py:188} INFO - [2024-04-22T18:29:51.537+0000] {dagbag.py:540} INFO - Filling up the DagBag from /opt/airflow/dags/goodbye_dag.py
[2024-04-22T18:29:51.635+0000] {processor.py:840} INFO - DAG(s) 'goodbye_dag' retrieved from /opt/airflow/dags/goodbye_dag.py
[2024-04-22T18:29:51.652+0000] {logging_mixin.py:188} INFO - [2024-04-22T18:29:51.651+0000] {dag.py:3096} INFO - Sync 1 DAGs
[2024-04-22T18:29:51.667+0000] {logging_mixin.py:188} INFO - [2024-04-22T18:29:51.667+0000] {dag.py:3954} INFO - Setting next_dagrun for goodbye_dag to 2024-04-21 23:00:00+00:00, run_after=2024-04-22 23:00:00+00:00
[2024-04-22T18:29:51.696+0000] {processor.py:183} INFO - Processing /opt/airflow/dags/goodbye_dag.py took 0.167 seconds
[2024-04-22T18:30:21.971+0000] {processor.py:161} INFO - Started process (PID=1503) to work on /opt/airflow/dags/goodbye_dag.py
[2024-04-22T18:30:21.972+0000] {processor.py:830} INFO - Processing file /opt/airflow/dags/goodbye_dag.py for tasks to queue
[2024-04-22T18:30:21.974+0000] {logging_mixin.py:188} INFO - [2024-04-22T18:30:21.974+0000] {dagbag.py:540} INFO - Filling up the DagBag from /opt/airflow/dags/goodbye_dag.py
[2024-04-22T18:30:22.076+0000] {processor.py:840} INFO - DAG(s) 'goodbye_dag' retrieved from /opt/airflow/dags/goodbye_dag.py
[2024-04-22T18:30:22.092+0000] {logging_mixin.py:188} INFO - [2024-04-22T18:30:22.092+0000] {dag.py:3096} INFO - Sync 1 DAGs
[2024-04-22T18:30:22.108+0000] {logging_mixin.py:188} INFO - [2024-04-22T18:30:22.108+0000] {dag.py:3954} INFO - Setting next_dagrun for goodbye_dag to 2024-04-21 23:00:00+00:00, run_after=2024-04-22 23:00:00+00:00
[2024-04-22T18:30:22.142+0000] {processor.py:183} INFO - Processing /opt/airflow/dags/goodbye_dag.py took 0.176 seconds
[2024-04-22T18:30:52.495+0000] {processor.py:161} INFO - Started process (PID=1505) to work on /opt/airflow/dags/goodbye_dag.py
[2024-04-22T18:30:52.498+0000] {processor.py:830} INFO - Processing file /opt/airflow/dags/goodbye_dag.py for tasks to queue
[2024-04-22T18:30:52.500+0000] {logging_mixin.py:188} INFO - [2024-04-22T18:30:52.500+0000] {dagbag.py:540} INFO - Filling up the DagBag from /opt/airflow/dags/goodbye_dag.py
[2024-04-22T18:30:52.603+0000] {processor.py:840} INFO - DAG(s) 'goodbye_dag' retrieved from /opt/airflow/dags/goodbye_dag.py
[2024-04-22T18:30:52.620+0000] {logging_mixin.py:188} INFO - [2024-04-22T18:30:52.619+0000] {dag.py:3096} INFO - Sync 1 DAGs
[2024-04-22T18:30:52.636+0000] {logging_mixin.py:188} INFO - [2024-04-22T18:30:52.635+0000] {dag.py:3954} INFO - Setting next_dagrun for goodbye_dag to 2024-04-21 23:00:00+00:00, run_after=2024-04-22 23:00:00+00:00
[2024-04-22T18:30:52.669+0000] {processor.py:183} INFO - Processing /opt/airflow/dags/goodbye_dag.py took 0.179 seconds
[2024-04-22T18:31:23.069+0000] {processor.py:161} INFO - Started process (PID=1507) to work on /opt/airflow/dags/goodbye_dag.py
[2024-04-22T18:31:23.071+0000] {processor.py:830} INFO - Processing file /opt/airflow/dags/goodbye_dag.py for tasks to queue
[2024-04-22T18:31:23.074+0000] {logging_mixin.py:188} INFO - [2024-04-22T18:31:23.073+0000] {dagbag.py:540} INFO - Filling up the DagBag from /opt/airflow/dags/goodbye_dag.py
[2024-04-22T18:31:23.159+0000] {processor.py:840} INFO - DAG(s) 'goodbye_dag' retrieved from /opt/airflow/dags/goodbye_dag.py
[2024-04-22T18:31:23.174+0000] {logging_mixin.py:188} INFO - [2024-04-22T18:31:23.174+0000] {dag.py:3096} INFO - Sync 1 DAGs
[2024-04-22T18:31:23.190+0000] {logging_mixin.py:188} INFO - [2024-04-22T18:31:23.190+0000] {dag.py:3954} INFO - Setting next_dagrun for goodbye_dag to 2024-04-21 23:00:00+00:00, run_after=2024-04-22 23:00:00+00:00
[2024-04-22T18:31:23.323+0000] {processor.py:183} INFO - Processing /opt/airflow/dags/goodbye_dag.py took 0.259 seconds
[2024-04-22T18:31:53.497+0000] {processor.py:161} INFO - Started process (PID=1509) to work on /opt/airflow/dags/goodbye_dag.py
[2024-04-22T18:31:53.498+0000] {processor.py:830} INFO - Processing file /opt/airflow/dags/goodbye_dag.py for tasks to queue
[2024-04-22T18:31:53.500+0000] {logging_mixin.py:188} INFO - [2024-04-22T18:31:53.499+0000] {dagbag.py:540} INFO - Filling up the DagBag from /opt/airflow/dags/goodbye_dag.py
[2024-04-22T18:31:53.561+0000] {processor.py:840} INFO - DAG(s) 'goodbye_dag' retrieved from /opt/airflow/dags/goodbye_dag.py
[2024-04-22T18:31:53.581+0000] {logging_mixin.py:188} INFO - [2024-04-22T18:31:53.581+0000] {dag.py:3096} INFO - Sync 1 DAGs
[2024-04-22T18:31:53.719+0000] {logging_mixin.py:188} INFO - [2024-04-22T18:31:53.719+0000] {dag.py:3954} INFO - Setting next_dagrun for goodbye_dag to 2024-04-21 23:00:00+00:00, run_after=2024-04-22 23:00:00+00:00
[2024-04-22T18:31:53.748+0000] {processor.py:183} INFO - Processing /opt/airflow/dags/goodbye_dag.py took 0.256 seconds
[2024-04-22T18:32:24.133+0000] {processor.py:161} INFO - Started process (PID=1511) to work on /opt/airflow/dags/goodbye_dag.py
[2024-04-22T18:32:24.135+0000] {processor.py:830} INFO - Processing file /opt/airflow/dags/goodbye_dag.py for tasks to queue
[2024-04-22T18:32:24.138+0000] {logging_mixin.py:188} INFO - [2024-04-22T18:32:24.138+0000] {dagbag.py:540} INFO - Filling up the DagBag from /opt/airflow/dags/goodbye_dag.py
[2024-04-22T18:32:24.260+0000] {processor.py:840} INFO - DAG(s) 'goodbye_dag' retrieved from /opt/airflow/dags/goodbye_dag.py
[2024-04-22T18:32:24.276+0000] {logging_mixin.py:188} INFO - [2024-04-22T18:32:24.276+0000] {dag.py:3096} INFO - Sync 1 DAGs
[2024-04-22T18:32:24.292+0000] {logging_mixin.py:188} INFO - [2024-04-22T18:32:24.292+0000] {dag.py:3954} INFO - Setting next_dagrun for goodbye_dag to 2024-04-21 23:00:00+00:00, run_after=2024-04-22 23:00:00+00:00
[2024-04-22T18:32:24.320+0000] {processor.py:183} INFO - Processing /opt/airflow/dags/goodbye_dag.py took 0.193 seconds
[2024-04-22T18:32:54.568+0000] {processor.py:161} INFO - Started process (PID=1513) to work on /opt/airflow/dags/goodbye_dag.py
[2024-04-22T18:32:54.570+0000] {processor.py:830} INFO - Processing file /opt/airflow/dags/goodbye_dag.py for tasks to queue
[2024-04-22T18:32:54.572+0000] {logging_mixin.py:188} INFO - [2024-04-22T18:32:54.572+0000] {dagbag.py:540} INFO - Filling up the DagBag from /opt/airflow/dags/goodbye_dag.py
[2024-04-22T18:32:54.666+0000] {processor.py:840} INFO - DAG(s) 'goodbye_dag' retrieved from /opt/airflow/dags/goodbye_dag.py
[2024-04-22T18:32:54.682+0000] {logging_mixin.py:188} INFO - [2024-04-22T18:32:54.682+0000] {dag.py:3096} INFO - Sync 1 DAGs
[2024-04-22T18:32:54.698+0000] {logging_mixin.py:188} INFO - [2024-04-22T18:32:54.698+0000] {dag.py:3954} INFO - Setting next_dagrun for goodbye_dag to 2024-04-21 23:00:00+00:00, run_after=2024-04-22 23:00:00+00:00
[2024-04-22T18:32:54.731+0000] {processor.py:183} INFO - Processing /opt/airflow/dags/goodbye_dag.py took 0.169 seconds
[2024-04-22T18:33:25.237+0000] {processor.py:161} INFO - Started process (PID=1515) to work on /opt/airflow/dags/goodbye_dag.py
[2024-04-22T18:33:25.239+0000] {processor.py:830} INFO - Processing file /opt/airflow/dags/goodbye_dag.py for tasks to queue
[2024-04-22T18:33:25.241+0000] {logging_mixin.py:188} INFO - [2024-04-22T18:33:25.241+0000] {dagbag.py:540} INFO - Filling up the DagBag from /opt/airflow/dags/goodbye_dag.py
[2024-04-22T18:33:25.348+0000] {processor.py:840} INFO - DAG(s) 'goodbye_dag' retrieved from /opt/airflow/dags/goodbye_dag.py
[2024-04-22T18:33:25.382+0000] {logging_mixin.py:188} INFO - [2024-04-22T18:33:25.381+0000] {dag.py:3096} INFO - Sync 1 DAGs
[2024-04-22T18:33:25.411+0000] {logging_mixin.py:188} INFO - [2024-04-22T18:33:25.411+0000] {dag.py:3954} INFO - Setting next_dagrun for goodbye_dag to 2024-04-21 23:00:00+00:00, run_after=2024-04-22 23:00:00+00:00
[2024-04-22T18:33:25.465+0000] {processor.py:183} INFO - Processing /opt/airflow/dags/goodbye_dag.py took 0.238 seconds
[2024-04-22T18:33:49.721+0000] {processor.py:161} INFO - Started process (PID=1522) to work on /opt/airflow/dags/goodbye_dag.py
[2024-04-22T18:33:49.723+0000] {processor.py:830} INFO - Processing file /opt/airflow/dags/goodbye_dag.py for tasks to queue
[2024-04-22T18:33:49.725+0000] {logging_mixin.py:188} INFO - [2024-04-22T18:33:49.724+0000] {dagbag.py:540} INFO - Filling up the DagBag from /opt/airflow/dags/goodbye_dag.py
[2024-04-22T18:33:49.837+0000] {processor.py:840} INFO - DAG(s) 'goodbye_dag' retrieved from /opt/airflow/dags/goodbye_dag.py
[2024-04-22T18:33:50.079+0000] {logging_mixin.py:188} INFO - [2024-04-22T18:33:50.079+0000] {dag.py:3096} INFO - Sync 1 DAGs
[2024-04-22T18:33:50.092+0000] {logging_mixin.py:188} INFO - [2024-04-22T18:33:50.092+0000] {dag.py:3954} INFO - Setting next_dagrun for goodbye_dag to 2024-04-21 23:00:00+00:00, run_after=2024-04-22 23:00:00+00:00
[2024-04-22T18:33:50.131+0000] {processor.py:183} INFO - Processing /opt/airflow/dags/goodbye_dag.py took 0.415 seconds
[2024-04-22T18:34:20.341+0000] {processor.py:161} INFO - Started process (PID=1524) to work on /opt/airflow/dags/goodbye_dag.py
[2024-04-22T18:34:20.342+0000] {processor.py:830} INFO - Processing file /opt/airflow/dags/goodbye_dag.py for tasks to queue
[2024-04-22T18:34:20.344+0000] {logging_mixin.py:188} INFO - [2024-04-22T18:34:20.344+0000] {dagbag.py:540} INFO - Filling up the DagBag from /opt/airflow/dags/goodbye_dag.py
[2024-04-22T18:34:20.415+0000] {processor.py:840} INFO - DAG(s) 'goodbye_dag' retrieved from /opt/airflow/dags/goodbye_dag.py
[2024-04-22T18:34:20.432+0000] {logging_mixin.py:188} INFO - [2024-04-22T18:34:20.432+0000] {dag.py:3096} INFO - Sync 1 DAGs
[2024-04-22T18:34:20.449+0000] {logging_mixin.py:188} INFO - [2024-04-22T18:34:20.449+0000] {dag.py:3954} INFO - Setting next_dagrun for goodbye_dag to 2024-04-21 23:00:00+00:00, run_after=2024-04-22 23:00:00+00:00
[2024-04-22T18:34:20.478+0000] {processor.py:183} INFO - Processing /opt/airflow/dags/goodbye_dag.py took 0.142 seconds
