[2024-04-22T17:47:44.330+0000] {processor.py:161} INFO - Started process (PID=1382) to work on /opt/airflow/dags/good_bye_dag.py
[2024-04-22T17:47:44.333+0000] {processor.py:830} INFO - Processing file /opt/airflow/dags/good_bye_dag.py for tasks to queue
[2024-04-22T17:47:44.335+0000] {logging_mixin.py:188} INFO - [2024-04-22T17:47:44.335+0000] {dagbag.py:540} INFO - Filling up the DagBag from /opt/airflow/dags/good_bye_dag.py
[2024-04-22T17:47:44.494+0000] {processor.py:840} INFO - DAG(s) 'welcome' retrieved from /opt/airflow/dags/good_bye_dag.py
[2024-04-22T17:47:44.585+0000] {logging_mixin.py:188} INFO - [2024-04-22T17:47:44.584+0000] {override.py:1829} INFO - Created Permission View: can delete on DAG:welcome
[2024-04-22T17:47:44.597+0000] {logging_mixin.py:188} INFO - [2024-04-22T17:47:44.597+0000] {override.py:1829} INFO - Created Permission View: can edit on DAG:welcome
[2024-04-22T17:47:44.607+0000] {logging_mixin.py:188} INFO - [2024-04-22T17:47:44.606+0000] {override.py:1829} INFO - Created Permission View: can read on DAG:welcome
[2024-04-22T17:47:44.608+0000] {logging_mixin.py:188} INFO - [2024-04-22T17:47:44.608+0000] {dag.py:3096} INFO - Sync 1 DAGs
[2024-04-22T17:47:44.618+0000] {logging_mixin.py:188} INFO - [2024-04-22T17:47:44.618+0000] {dag.py:3118} INFO - Creating ORM DAG for welcome
[2024-04-22T17:47:44.752+0000] {logging_mixin.py:188} INFO - [2024-04-22T17:47:44.752+0000] {dag.py:3954} INFO - Setting next_dagrun for welcome to 2024-04-21 23:00:00+00:00, run_after=2024-04-22 23:00:00+00:00
[2024-04-22T17:47:44.793+0000] {processor.py:183} INFO - Processing /opt/airflow/dags/good_bye_dag.py took 0.469 seconds
[2024-04-22T17:48:15.390+0000] {processor.py:161} INFO - Started process (PID=1383) to work on /opt/airflow/dags/good_bye_dag.py
[2024-04-22T17:48:15.392+0000] {processor.py:830} INFO - Processing file /opt/airflow/dags/good_bye_dag.py for tasks to queue
[2024-04-22T17:48:15.394+0000] {logging_mixin.py:188} INFO - [2024-04-22T17:48:15.393+0000] {dagbag.py:540} INFO - Filling up the DagBag from /opt/airflow/dags/good_bye_dag.py
[2024-04-22T17:48:15.483+0000] {processor.py:840} INFO - DAG(s) 'welcome' retrieved from /opt/airflow/dags/good_bye_dag.py
[2024-04-22T17:48:15.502+0000] {logging_mixin.py:188} INFO - [2024-04-22T17:48:15.502+0000] {dag.py:3096} INFO - Sync 1 DAGs
[2024-04-22T17:48:15.522+0000] {logging_mixin.py:188} INFO - [2024-04-22T17:48:15.521+0000] {dag.py:3954} INFO - Setting next_dagrun for welcome to 2024-04-21 23:00:00+00:00, run_after=2024-04-22 23:00:00+00:00
[2024-04-22T17:48:15.550+0000] {processor.py:183} INFO - Processing /opt/airflow/dags/good_bye_dag.py took 0.165 seconds
[2024-04-22T17:48:46.595+0000] {processor.py:161} INFO - Started process (PID=1384) to work on /opt/airflow/dags/good_bye_dag.py
[2024-04-22T17:48:46.596+0000] {processor.py:830} INFO - Processing file /opt/airflow/dags/good_bye_dag.py for tasks to queue
[2024-04-22T17:48:46.598+0000] {logging_mixin.py:188} INFO - [2024-04-22T17:48:46.598+0000] {dagbag.py:540} INFO - Filling up the DagBag from /opt/airflow/dags/good_bye_dag.py
[2024-04-22T17:48:46.686+0000] {processor.py:840} INFO - DAG(s) 'welcome' retrieved from /opt/airflow/dags/good_bye_dag.py
[2024-04-22T17:48:46.709+0000] {logging_mixin.py:188} INFO - [2024-04-22T17:48:46.709+0000] {dag.py:3096} INFO - Sync 1 DAGs
[2024-04-22T17:48:46.730+0000] {logging_mixin.py:188} INFO - [2024-04-22T17:48:46.729+0000] {dag.py:3954} INFO - Setting next_dagrun for welcome to 2024-04-21 23:00:00+00:00, run_after=2024-04-22 23:00:00+00:00
[2024-04-22T17:48:46.759+0000] {processor.py:183} INFO - Processing /opt/airflow/dags/good_bye_dag.py took 0.169 seconds
[2024-04-22T17:49:17.194+0000] {processor.py:161} INFO - Started process (PID=1385) to work on /opt/airflow/dags/good_bye_dag.py
[2024-04-22T17:49:17.195+0000] {processor.py:830} INFO - Processing file /opt/airflow/dags/good_bye_dag.py for tasks to queue
[2024-04-22T17:49:17.198+0000] {logging_mixin.py:188} INFO - [2024-04-22T17:49:17.197+0000] {dagbag.py:540} INFO - Filling up the DagBag from /opt/airflow/dags/good_bye_dag.py
[2024-04-22T17:49:17.277+0000] {processor.py:840} INFO - DAG(s) 'welcome' retrieved from /opt/airflow/dags/good_bye_dag.py
[2024-04-22T17:49:17.298+0000] {logging_mixin.py:188} INFO - [2024-04-22T17:49:17.298+0000] {dag.py:3096} INFO - Sync 1 DAGs
[2024-04-22T17:49:17.320+0000] {logging_mixin.py:188} INFO - [2024-04-22T17:49:17.320+0000] {dag.py:3954} INFO - Setting next_dagrun for welcome to 2024-04-21 23:00:00+00:00, run_after=2024-04-22 23:00:00+00:00
[2024-04-22T17:49:17.352+0000] {processor.py:183} INFO - Processing /opt/airflow/dags/good_bye_dag.py took 0.164 seconds
[2024-04-22T17:49:47.760+0000] {processor.py:161} INFO - Started process (PID=1386) to work on /opt/airflow/dags/good_bye_dag.py
[2024-04-22T17:49:47.762+0000] {processor.py:830} INFO - Processing file /opt/airflow/dags/good_bye_dag.py for tasks to queue
[2024-04-22T17:49:47.764+0000] {logging_mixin.py:188} INFO - [2024-04-22T17:49:47.763+0000] {dagbag.py:540} INFO - Filling up the DagBag from /opt/airflow/dags/good_bye_dag.py
[2024-04-22T17:49:47.856+0000] {processor.py:840} INFO - DAG(s) 'welcome' retrieved from /opt/airflow/dags/good_bye_dag.py
[2024-04-22T17:49:47.879+0000] {logging_mixin.py:188} INFO - [2024-04-22T17:49:47.879+0000] {dag.py:3096} INFO - Sync 1 DAGs
[2024-04-22T17:49:47.899+0000] {logging_mixin.py:188} INFO - [2024-04-22T17:49:47.899+0000] {dag.py:3954} INFO - Setting next_dagrun for welcome to 2024-04-21 23:00:00+00:00, run_after=2024-04-22 23:00:00+00:00
[2024-04-22T17:49:47.954+0000] {processor.py:183} INFO - Processing /opt/airflow/dags/good_bye_dag.py took 0.200 seconds
