[2024-04-22T17:32:41.624+0000] {processor.py:161} INFO - Started process (PID=1341) to work on /opt/airflow/dags/t-liked-moccasin.py
[2024-04-22T17:32:41.625+0000] {processor.py:830} INFO - Processing file /opt/airflow/dags/t-liked-moccasin.py for tasks to queue
[2024-04-22T17:32:41.627+0000] {logging_mixin.py:188} INFO - [2024-04-22T17:32:41.627+0000] {dagbag.py:540} INFO - Filling up the DagBag from /opt/airflow/dags/t-liked-moccasin.py
[2024-04-22T17:32:41.778+0000] {processor.py:840} INFO - DAG(s) 'e' retrieved from /opt/airflow/dags/t-liked-moccasin.py
[2024-04-22T17:32:42.136+0000] {logging_mixin.py:188} INFO - [2024-04-22T17:32:42.135+0000] {dag.py:3096} INFO - Sync 1 DAGs
[2024-04-22T17:32:42.150+0000] {logging_mixin.py:188} INFO - [2024-04-22T17:32:42.150+0000] {dag.py:3954} INFO - Setting next_dagrun for e to 2024-04-21 23:00:00+00:00, run_after=2024-04-22 23:00:00+00:00
[2024-04-22T17:32:42.181+0000] {processor.py:183} INFO - Processing /opt/airflow/dags/t-liked-moccasin.py took 0.562 seconds
[2024-04-22T17:33:12.578+0000] {processor.py:161} INFO - Started process (PID=1342) to work on /opt/airflow/dags/t-liked-moccasin.py
[2024-04-22T17:33:12.580+0000] {processor.py:830} INFO - Processing file /opt/airflow/dags/t-liked-moccasin.py for tasks to queue
[2024-04-22T17:33:12.582+0000] {logging_mixin.py:188} INFO - [2024-04-22T17:33:12.582+0000] {dagbag.py:540} INFO - Filling up the DagBag from /opt/airflow/dags/t-liked-moccasin.py
[2024-04-22T17:33:12.658+0000] {processor.py:840} INFO - DAG(s) 'e' retrieved from /opt/airflow/dags/t-liked-moccasin.py
[2024-04-22T17:33:12.675+0000] {logging_mixin.py:188} INFO - [2024-04-22T17:33:12.675+0000] {dag.py:3096} INFO - Sync 1 DAGs
[2024-04-22T17:33:12.694+0000] {logging_mixin.py:188} INFO - [2024-04-22T17:33:12.694+0000] {dag.py:3954} INFO - Setting next_dagrun for e to 2024-04-21 23:00:00+00:00, run_after=2024-04-22 23:00:00+00:00
[2024-04-22T17:33:12.725+0000] {processor.py:183} INFO - Processing /opt/airflow/dags/t-liked-moccasin.py took 0.153 seconds
[2024-04-22T17:33:42.938+0000] {processor.py:161} INFO - Started process (PID=1343) to work on /opt/airflow/dags/t-liked-moccasin.py
[2024-04-22T17:33:42.939+0000] {processor.py:830} INFO - Processing file /opt/airflow/dags/t-liked-moccasin.py for tasks to queue
[2024-04-22T17:33:42.941+0000] {logging_mixin.py:188} INFO - [2024-04-22T17:33:42.940+0000] {dagbag.py:540} INFO - Filling up the DagBag from /opt/airflow/dags/t-liked-moccasin.py
[2024-04-22T17:33:43.018+0000] {processor.py:840} INFO - DAG(s) 'e' retrieved from /opt/airflow/dags/t-liked-moccasin.py
[2024-04-22T17:33:43.037+0000] {logging_mixin.py:188} INFO - [2024-04-22T17:33:43.036+0000] {dag.py:3096} INFO - Sync 1 DAGs
[2024-04-22T17:33:43.053+0000] {logging_mixin.py:188} INFO - [2024-04-22T17:33:43.053+0000] {dag.py:3954} INFO - Setting next_dagrun for e to 2024-04-21 23:00:00+00:00, run_after=2024-04-22 23:00:00+00:00
[2024-04-22T17:33:43.082+0000] {processor.py:183} INFO - Processing /opt/airflow/dags/t-liked-moccasin.py took 0.149 seconds
[2024-04-22T17:34:13.452+0000] {processor.py:161} INFO - Started process (PID=1344) to work on /opt/airflow/dags/t-liked-moccasin.py
[2024-04-22T17:34:13.455+0000] {processor.py:830} INFO - Processing file /opt/airflow/dags/t-liked-moccasin.py for tasks to queue
[2024-04-22T17:34:13.457+0000] {logging_mixin.py:188} INFO - [2024-04-22T17:34:13.457+0000] {dagbag.py:540} INFO - Filling up the DagBag from /opt/airflow/dags/t-liked-moccasin.py
[2024-04-22T17:34:13.568+0000] {processor.py:840} INFO - DAG(s) 'e' retrieved from /opt/airflow/dags/t-liked-moccasin.py
[2024-04-22T17:34:13.599+0000] {logging_mixin.py:188} INFO - [2024-04-22T17:34:13.598+0000] {dag.py:3096} INFO - Sync 1 DAGs
[2024-04-22T17:34:13.631+0000] {logging_mixin.py:188} INFO - [2024-04-22T17:34:13.630+0000] {dag.py:3954} INFO - Setting next_dagrun for e to 2024-04-21 23:00:00+00:00, run_after=2024-04-22 23:00:00+00:00
[2024-04-22T17:34:13.678+0000] {processor.py:183} INFO - Processing /opt/airflow/dags/t-liked-moccasin.py took 0.234 seconds
[2024-04-22T17:34:44.112+0000] {processor.py:161} INFO - Started process (PID=1345) to work on /opt/airflow/dags/t-liked-moccasin.py
[2024-04-22T17:34:44.114+0000] {processor.py:830} INFO - Processing file /opt/airflow/dags/t-liked-moccasin.py for tasks to queue
[2024-04-22T17:34:44.116+0000] {logging_mixin.py:188} INFO - [2024-04-22T17:34:44.115+0000] {dagbag.py:540} INFO - Filling up the DagBag from /opt/airflow/dags/t-liked-moccasin.py
[2024-04-22T17:34:44.203+0000] {processor.py:840} INFO - DAG(s) 'e' retrieved from /opt/airflow/dags/t-liked-moccasin.py
[2024-04-22T17:34:44.222+0000] {logging_mixin.py:188} INFO - [2024-04-22T17:34:44.222+0000] {dag.py:3096} INFO - Sync 1 DAGs
[2024-04-22T17:34:44.240+0000] {logging_mixin.py:188} INFO - [2024-04-22T17:34:44.240+0000] {dag.py:3954} INFO - Setting next_dagrun for e to 2024-04-21 23:00:00+00:00, run_after=2024-04-22 23:00:00+00:00
[2024-04-22T17:34:44.268+0000] {processor.py:183} INFO - Processing /opt/airflow/dags/t-liked-moccasin.py took 0.161 seconds
[2024-04-22T17:35:14.751+0000] {processor.py:161} INFO - Started process (PID=1346) to work on /opt/airflow/dags/t-liked-moccasin.py
[2024-04-22T17:35:14.753+0000] {processor.py:830} INFO - Processing file /opt/airflow/dags/t-liked-moccasin.py for tasks to queue
[2024-04-22T17:35:14.756+0000] {logging_mixin.py:188} INFO - [2024-04-22T17:35:14.756+0000] {dagbag.py:540} INFO - Filling up the DagBag from /opt/airflow/dags/t-liked-moccasin.py
[2024-04-22T17:35:14.839+0000] {processor.py:840} INFO - DAG(s) 'e' retrieved from /opt/airflow/dags/t-liked-moccasin.py
[2024-04-22T17:35:14.859+0000] {logging_mixin.py:188} INFO - [2024-04-22T17:35:14.859+0000] {dag.py:3096} INFO - Sync 1 DAGs
[2024-04-22T17:35:14.879+0000] {logging_mixin.py:188} INFO - [2024-04-22T17:35:14.879+0000] {dag.py:3954} INFO - Setting next_dagrun for e to 2024-04-21 23:00:00+00:00, run_after=2024-04-22 23:00:00+00:00
[2024-04-22T17:35:14.905+0000] {processor.py:183} INFO - Processing /opt/airflow/dags/t-liked-moccasin.py took 0.158 seconds
[2024-04-22T17:35:45.257+0000] {processor.py:161} INFO - Started process (PID=1347) to work on /opt/airflow/dags/t-liked-moccasin.py
[2024-04-22T17:35:45.259+0000] {processor.py:830} INFO - Processing file /opt/airflow/dags/t-liked-moccasin.py for tasks to queue
[2024-04-22T17:35:45.261+0000] {logging_mixin.py:188} INFO - [2024-04-22T17:35:45.261+0000] {dagbag.py:540} INFO - Filling up the DagBag from /opt/airflow/dags/t-liked-moccasin.py
[2024-04-22T17:35:45.361+0000] {processor.py:840} INFO - DAG(s) 'e' retrieved from /opt/airflow/dags/t-liked-moccasin.py
[2024-04-22T17:35:45.377+0000] {logging_mixin.py:188} INFO - [2024-04-22T17:35:45.377+0000] {dag.py:3096} INFO - Sync 1 DAGs
[2024-04-22T17:35:45.394+0000] {logging_mixin.py:188} INFO - [2024-04-22T17:35:45.394+0000] {dag.py:3954} INFO - Setting next_dagrun for e to 2024-04-21 23:00:00+00:00, run_after=2024-04-22 23:00:00+00:00
[2024-04-22T17:35:45.429+0000] {processor.py:183} INFO - Processing /opt/airflow/dags/t-liked-moccasin.py took 0.177 seconds
[2024-04-22T17:36:15.726+0000] {processor.py:161} INFO - Started process (PID=1348) to work on /opt/airflow/dags/t-liked-moccasin.py
[2024-04-22T17:36:15.727+0000] {processor.py:830} INFO - Processing file /opt/airflow/dags/t-liked-moccasin.py for tasks to queue
[2024-04-22T17:36:15.728+0000] {logging_mixin.py:188} INFO - [2024-04-22T17:36:15.728+0000] {dagbag.py:540} INFO - Filling up the DagBag from /opt/airflow/dags/t-liked-moccasin.py
[2024-04-22T17:36:15.815+0000] {processor.py:840} INFO - DAG(s) 'e' retrieved from /opt/airflow/dags/t-liked-moccasin.py
[2024-04-22T17:36:15.834+0000] {logging_mixin.py:188} INFO - [2024-04-22T17:36:15.833+0000] {dag.py:3096} INFO - Sync 1 DAGs
[2024-04-22T17:36:15.852+0000] {logging_mixin.py:188} INFO - [2024-04-22T17:36:15.852+0000] {dag.py:3954} INFO - Setting next_dagrun for e to 2024-04-21 23:00:00+00:00, run_after=2024-04-22 23:00:00+00:00
[2024-04-22T17:36:15.883+0000] {processor.py:183} INFO - Processing /opt/airflow/dags/t-liked-moccasin.py took 0.162 seconds
[2024-04-22T17:36:46.161+0000] {processor.py:161} INFO - Started process (PID=1349) to work on /opt/airflow/dags/t-liked-moccasin.py
[2024-04-22T17:36:46.163+0000] {processor.py:830} INFO - Processing file /opt/airflow/dags/t-liked-moccasin.py for tasks to queue
[2024-04-22T17:36:46.168+0000] {logging_mixin.py:188} INFO - [2024-04-22T17:36:46.167+0000] {dagbag.py:540} INFO - Filling up the DagBag from /opt/airflow/dags/t-liked-moccasin.py
[2024-04-22T17:36:46.261+0000] {processor.py:840} INFO - DAG(s) 'e' retrieved from /opt/airflow/dags/t-liked-moccasin.py
[2024-04-22T17:36:46.280+0000] {logging_mixin.py:188} INFO - [2024-04-22T17:36:46.279+0000] {dag.py:3096} INFO - Sync 1 DAGs
[2024-04-22T17:36:46.298+0000] {logging_mixin.py:188} INFO - [2024-04-22T17:36:46.298+0000] {dag.py:3954} INFO - Setting next_dagrun for e to 2024-04-21 23:00:00+00:00, run_after=2024-04-22 23:00:00+00:00
[2024-04-22T17:36:46.333+0000] {processor.py:183} INFO - Processing /opt/airflow/dags/t-liked-moccasin.py took 0.177 seconds
[2024-04-22T17:37:16.603+0000] {processor.py:161} INFO - Started process (PID=1350) to work on /opt/airflow/dags/t-liked-moccasin.py
[2024-04-22T17:37:16.605+0000] {processor.py:830} INFO - Processing file /opt/airflow/dags/t-liked-moccasin.py for tasks to queue
[2024-04-22T17:37:16.606+0000] {logging_mixin.py:188} INFO - [2024-04-22T17:37:16.606+0000] {dagbag.py:540} INFO - Filling up the DagBag from /opt/airflow/dags/t-liked-moccasin.py
[2024-04-22T17:37:16.682+0000] {processor.py:840} INFO - DAG(s) 'e' retrieved from /opt/airflow/dags/t-liked-moccasin.py
[2024-04-22T17:37:16.702+0000] {logging_mixin.py:188} INFO - [2024-04-22T17:37:16.702+0000] {dag.py:3096} INFO - Sync 1 DAGs
[2024-04-22T17:37:16.722+0000] {logging_mixin.py:188} INFO - [2024-04-22T17:37:16.722+0000] {dag.py:3954} INFO - Setting next_dagrun for e to 2024-04-21 23:00:00+00:00, run_after=2024-04-22 23:00:00+00:00
[2024-04-22T17:37:16.746+0000] {processor.py:183} INFO - Processing /opt/airflow/dags/t-liked-moccasin.py took 0.149 seconds
