[2024-04-22T16:37:35.730+0000] {processor.py:161} INFO - Started process (PID=1194) to work on /opt/airflow/dags/t.py
[2024-04-22T16:37:35.732+0000] {processor.py:830} INFO - Processing file /opt/airflow/dags/t.py for tasks to queue
[2024-04-22T16:37:35.735+0000] {logging_mixin.py:188} INFO - [2024-04-22T16:37:35.734+0000] {dagbag.py:540} INFO - Filling up the DagBag from /opt/airflow/dags/t.py
[2024-04-22T16:37:35.849+0000] {processor.py:840} INFO - DAG(s) 'e' retrieved from /opt/airflow/dags/t.py
[2024-04-22T16:37:36.056+0000] {logging_mixin.py:188} INFO - [2024-04-22T16:37:36.055+0000] {dag.py:3096} INFO - Sync 1 DAGs
[2024-04-22T16:37:37.398+0000] {logging_mixin.py:188} INFO - [2024-04-22T16:37:37.397+0000] {dag.py:3954} INFO - Setting next_dagrun for e to 2024-04-21 23:00:00+00:00, run_after=2024-04-22 23:00:00+00:00
[2024-04-22T16:37:37.428+0000] {processor.py:183} INFO - Processing /opt/airflow/dags/t.py took 1.706 seconds
[2024-04-22T16:38:07.823+0000] {processor.py:161} INFO - Started process (PID=1195) to work on /opt/airflow/dags/t.py
[2024-04-22T16:38:07.825+0000] {processor.py:830} INFO - Processing file /opt/airflow/dags/t.py for tasks to queue
[2024-04-22T16:38:07.827+0000] {logging_mixin.py:188} INFO - [2024-04-22T16:38:07.826+0000] {dagbag.py:540} INFO - Filling up the DagBag from /opt/airflow/dags/t.py
[2024-04-22T16:38:07.939+0000] {processor.py:840} INFO - DAG(s) 'e' retrieved from /opt/airflow/dags/t.py
[2024-04-22T16:38:07.956+0000] {logging_mixin.py:188} INFO - [2024-04-22T16:38:07.956+0000] {dag.py:3096} INFO - Sync 1 DAGs
[2024-04-22T16:38:07.972+0000] {logging_mixin.py:188} INFO - [2024-04-22T16:38:07.971+0000] {dag.py:3954} INFO - Setting next_dagrun for e to 2024-04-21 23:00:00+00:00, run_after=2024-04-22 23:00:00+00:00
[2024-04-22T16:38:07.997+0000] {processor.py:183} INFO - Processing /opt/airflow/dags/t.py took 0.179 seconds
[2024-04-22T16:38:38.402+0000] {processor.py:161} INFO - Started process (PID=1196) to work on /opt/airflow/dags/t.py
[2024-04-22T16:38:38.404+0000] {processor.py:830} INFO - Processing file /opt/airflow/dags/t.py for tasks to queue
[2024-04-22T16:38:38.406+0000] {logging_mixin.py:188} INFO - [2024-04-22T16:38:38.405+0000] {dagbag.py:540} INFO - Filling up the DagBag from /opt/airflow/dags/t.py
[2024-04-22T16:38:38.466+0000] {processor.py:840} INFO - DAG(s) 'e' retrieved from /opt/airflow/dags/t.py
[2024-04-22T16:38:38.483+0000] {logging_mixin.py:188} INFO - [2024-04-22T16:38:38.483+0000] {dag.py:3096} INFO - Sync 1 DAGs
[2024-04-22T16:38:38.501+0000] {logging_mixin.py:188} INFO - [2024-04-22T16:38:38.501+0000] {dag.py:3954} INFO - Setting next_dagrun for e to 2024-04-21 23:00:00+00:00, run_after=2024-04-22 23:00:00+00:00
[2024-04-22T16:38:38.533+0000] {processor.py:183} INFO - Processing /opt/airflow/dags/t.py took 0.136 seconds
[2024-04-22T16:39:08.931+0000] {processor.py:161} INFO - Started process (PID=1197) to work on /opt/airflow/dags/t.py
[2024-04-22T16:39:08.933+0000] {processor.py:830} INFO - Processing file /opt/airflow/dags/t.py for tasks to queue
[2024-04-22T16:39:08.936+0000] {logging_mixin.py:188} INFO - [2024-04-22T16:39:08.935+0000] {dagbag.py:540} INFO - Filling up the DagBag from /opt/airflow/dags/t.py
[2024-04-22T16:39:09.029+0000] {processor.py:840} INFO - DAG(s) 'e' retrieved from /opt/airflow/dags/t.py
[2024-04-22T16:39:09.051+0000] {logging_mixin.py:188} INFO - [2024-04-22T16:39:09.051+0000] {dag.py:3096} INFO - Sync 1 DAGs
[2024-04-22T16:39:09.073+0000] {logging_mixin.py:188} INFO - [2024-04-22T16:39:09.072+0000] {dag.py:3954} INFO - Setting next_dagrun for e to 2024-04-21 23:00:00+00:00, run_after=2024-04-22 23:00:00+00:00
[2024-04-22T16:39:09.110+0000] {processor.py:183} INFO - Processing /opt/airflow/dags/t.py took 0.186 seconds
[2024-04-22T16:39:39.548+0000] {processor.py:161} INFO - Started process (PID=1198) to work on /opt/airflow/dags/t.py
[2024-04-22T16:39:39.550+0000] {processor.py:830} INFO - Processing file /opt/airflow/dags/t.py for tasks to queue
[2024-04-22T16:39:39.552+0000] {logging_mixin.py:188} INFO - [2024-04-22T16:39:39.552+0000] {dagbag.py:540} INFO - Filling up the DagBag from /opt/airflow/dags/t.py
[2024-04-22T16:39:39.641+0000] {processor.py:840} INFO - DAG(s) 'e' retrieved from /opt/airflow/dags/t.py
[2024-04-22T16:39:39.659+0000] {logging_mixin.py:188} INFO - [2024-04-22T16:39:39.659+0000] {dag.py:3096} INFO - Sync 1 DAGs
[2024-04-22T16:39:39.678+0000] {logging_mixin.py:188} INFO - [2024-04-22T16:39:39.678+0000] {dag.py:3954} INFO - Setting next_dagrun for e to 2024-04-21 23:00:00+00:00, run_after=2024-04-22 23:00:00+00:00
[2024-04-22T16:39:39.709+0000] {processor.py:183} INFO - Processing /opt/airflow/dags/t.py took 0.170 seconds
[2024-04-22T16:40:10.099+0000] {processor.py:161} INFO - Started process (PID=1199) to work on /opt/airflow/dags/t.py
[2024-04-22T16:40:10.101+0000] {processor.py:830} INFO - Processing file /opt/airflow/dags/t.py for tasks to queue
[2024-04-22T16:40:10.103+0000] {logging_mixin.py:188} INFO - [2024-04-22T16:40:10.103+0000] {dagbag.py:540} INFO - Filling up the DagBag from /opt/airflow/dags/t.py
[2024-04-22T16:40:10.164+0000] {processor.py:840} INFO - DAG(s) 'e' retrieved from /opt/airflow/dags/t.py
[2024-04-22T16:40:10.181+0000] {logging_mixin.py:188} INFO - [2024-04-22T16:40:10.181+0000] {dag.py:3096} INFO - Sync 1 DAGs
[2024-04-22T16:40:10.200+0000] {logging_mixin.py:188} INFO - [2024-04-22T16:40:10.199+0000] {dag.py:3954} INFO - Setting next_dagrun for e to 2024-04-21 23:00:00+00:00, run_after=2024-04-22 23:00:00+00:00
[2024-04-22T16:40:10.225+0000] {processor.py:183} INFO - Processing /opt/airflow/dags/t.py took 0.131 seconds
[2024-04-22T16:40:40.475+0000] {processor.py:161} INFO - Started process (PID=1200) to work on /opt/airflow/dags/t.py
[2024-04-22T16:40:40.476+0000] {processor.py:830} INFO - Processing file /opt/airflow/dags/t.py for tasks to queue
[2024-04-22T16:40:40.478+0000] {logging_mixin.py:188} INFO - [2024-04-22T16:40:40.477+0000] {dagbag.py:540} INFO - Filling up the DagBag from /opt/airflow/dags/t.py
[2024-04-22T16:40:40.573+0000] {processor.py:840} INFO - DAG(s) 'e' retrieved from /opt/airflow/dags/t.py
[2024-04-22T16:40:40.592+0000] {logging_mixin.py:188} INFO - [2024-04-22T16:40:40.591+0000] {dag.py:3096} INFO - Sync 1 DAGs
[2024-04-22T16:40:40.612+0000] {logging_mixin.py:188} INFO - [2024-04-22T16:40:40.612+0000] {dag.py:3954} INFO - Setting next_dagrun for e to 2024-04-21 23:00:00+00:00, run_after=2024-04-22 23:00:00+00:00
[2024-04-22T16:40:40.636+0000] {processor.py:183} INFO - Processing /opt/airflow/dags/t.py took 0.167 seconds
[2024-04-22T16:41:10.951+0000] {processor.py:161} INFO - Started process (PID=1201) to work on /opt/airflow/dags/t.py
[2024-04-22T16:41:10.955+0000] {processor.py:830} INFO - Processing file /opt/airflow/dags/t.py for tasks to queue
[2024-04-22T16:41:10.958+0000] {logging_mixin.py:188} INFO - [2024-04-22T16:41:10.958+0000] {dagbag.py:540} INFO - Filling up the DagBag from /opt/airflow/dags/t.py
[2024-04-22T16:41:11.058+0000] {processor.py:840} INFO - DAG(s) 'e' retrieved from /opt/airflow/dags/t.py
[2024-04-22T16:41:11.076+0000] {logging_mixin.py:188} INFO - [2024-04-22T16:41:11.076+0000] {dag.py:3096} INFO - Sync 1 DAGs
[2024-04-22T16:41:11.093+0000] {logging_mixin.py:188} INFO - [2024-04-22T16:41:11.092+0000] {dag.py:3954} INFO - Setting next_dagrun for e to 2024-04-21 23:00:00+00:00, run_after=2024-04-22 23:00:00+00:00
[2024-04-22T16:41:11.128+0000] {processor.py:183} INFO - Processing /opt/airflow/dags/t.py took 0.194 seconds
