[2024-04-22T17:52:44.851+0000] {processor.py:161} INFO - Started process (PID=1412) to work on /opt/airflow/dags/welcome_dag1.py
[2024-04-22T17:52:44.853+0000] {processor.py:830} INFO - Processing file /opt/airflow/dags/welcome_dag1.py for tasks to queue
[2024-04-22T17:52:44.855+0000] {logging_mixin.py:188} INFO - [2024-04-22T17:52:44.854+0000] {dagbag.py:540} INFO - Filling up the DagBag from /opt/airflow/dags/welcome_dag1.py
[2024-04-22T17:52:45.017+0000] {processor.py:840} INFO - DAG(s) 'welcome_dag1' retrieved from /opt/airflow/dags/welcome_dag1.py
[2024-04-22T17:52:45.108+0000] {logging_mixin.py:188} INFO - [2024-04-22T17:52:45.107+0000] {override.py:1829} INFO - Created Permission View: can delete on DAG:welcome_dag1
[2024-04-22T17:52:45.120+0000] {logging_mixin.py:188} INFO - [2024-04-22T17:52:45.120+0000] {override.py:1829} INFO - Created Permission View: can edit on DAG:welcome_dag1
[2024-04-22T17:52:45.130+0000] {logging_mixin.py:188} INFO - [2024-04-22T17:52:45.130+0000] {override.py:1829} INFO - Created Permission View: can read on DAG:welcome_dag1
[2024-04-22T17:52:45.132+0000] {logging_mixin.py:188} INFO - [2024-04-22T17:52:45.132+0000] {dag.py:3096} INFO - Sync 1 DAGs
[2024-04-22T17:52:45.244+0000] {logging_mixin.py:188} INFO - [2024-04-22T17:52:45.244+0000] {dag.py:3118} INFO - Creating ORM DAG for welcome_dag1
[2024-04-22T17:52:45.253+0000] {logging_mixin.py:188} INFO - [2024-04-22T17:52:45.252+0000] {dag.py:3954} INFO - Setting next_dagrun for welcome_dag1 to 2024-04-21 23:00:00+00:00, run_after=2024-04-22 23:00:00+00:00
[2024-04-22T17:52:45.285+0000] {processor.py:183} INFO - Processing /opt/airflow/dags/welcome_dag1.py took 0.443 seconds
[2024-04-22T17:53:15.771+0000] {processor.py:161} INFO - Started process (PID=1413) to work on /opt/airflow/dags/welcome_dag1.py
[2024-04-22T17:53:15.773+0000] {processor.py:830} INFO - Processing file /opt/airflow/dags/welcome_dag1.py for tasks to queue
[2024-04-22T17:53:15.776+0000] {logging_mixin.py:188} INFO - [2024-04-22T17:53:15.775+0000] {dagbag.py:540} INFO - Filling up the DagBag from /opt/airflow/dags/welcome_dag1.py
[2024-04-22T17:53:15.885+0000] {processor.py:840} INFO - DAG(s) 'welcome_dag1' retrieved from /opt/airflow/dags/welcome_dag1.py
[2024-04-22T17:53:15.904+0000] {logging_mixin.py:188} INFO - [2024-04-22T17:53:15.904+0000] {dag.py:3096} INFO - Sync 1 DAGs
[2024-04-22T17:53:15.920+0000] {logging_mixin.py:188} INFO - [2024-04-22T17:53:15.920+0000] {dag.py:3954} INFO - Setting next_dagrun for welcome_dag1 to 2024-04-21 23:00:00+00:00, run_after=2024-04-22 23:00:00+00:00
[2024-04-22T17:53:15.957+0000] {processor.py:183} INFO - Processing /opt/airflow/dags/welcome_dag1.py took 0.191 seconds
[2024-04-22T17:53:46.415+0000] {processor.py:161} INFO - Started process (PID=1414) to work on /opt/airflow/dags/welcome_dag1.py
[2024-04-22T17:53:46.417+0000] {processor.py:830} INFO - Processing file /opt/airflow/dags/welcome_dag1.py for tasks to queue
[2024-04-22T17:53:46.419+0000] {logging_mixin.py:188} INFO - [2024-04-22T17:53:46.418+0000] {dagbag.py:540} INFO - Filling up the DagBag from /opt/airflow/dags/welcome_dag1.py
[2024-04-22T17:53:46.516+0000] {processor.py:840} INFO - DAG(s) 'welcome_dag1' retrieved from /opt/airflow/dags/welcome_dag1.py
[2024-04-22T17:53:46.533+0000] {logging_mixin.py:188} INFO - [2024-04-22T17:53:46.533+0000] {dag.py:3096} INFO - Sync 1 DAGs
[2024-04-22T17:53:46.549+0000] {logging_mixin.py:188} INFO - [2024-04-22T17:53:46.548+0000] {dag.py:3954} INFO - Setting next_dagrun for welcome_dag1 to 2024-04-21 23:00:00+00:00, run_after=2024-04-22 23:00:00+00:00
[2024-04-22T17:53:46.580+0000] {processor.py:183} INFO - Processing /opt/airflow/dags/welcome_dag1.py took 0.171 seconds
[2024-04-22T17:54:17.055+0000] {processor.py:161} INFO - Started process (PID=1415) to work on /opt/airflow/dags/welcome_dag1.py
[2024-04-22T17:54:17.057+0000] {processor.py:830} INFO - Processing file /opt/airflow/dags/welcome_dag1.py for tasks to queue
[2024-04-22T17:54:17.059+0000] {logging_mixin.py:188} INFO - [2024-04-22T17:54:17.059+0000] {dagbag.py:540} INFO - Filling up the DagBag from /opt/airflow/dags/welcome_dag1.py
[2024-04-22T17:54:17.149+0000] {processor.py:840} INFO - DAG(s) 'welcome_dag1' retrieved from /opt/airflow/dags/welcome_dag1.py
[2024-04-22T17:54:17.168+0000] {logging_mixin.py:188} INFO - [2024-04-22T17:54:17.168+0000] {dag.py:3096} INFO - Sync 1 DAGs
[2024-04-22T17:54:17.184+0000] {logging_mixin.py:188} INFO - [2024-04-22T17:54:17.184+0000] {dag.py:3954} INFO - Setting next_dagrun for welcome_dag1 to 2024-04-21 23:00:00+00:00, run_after=2024-04-22 23:00:00+00:00
[2024-04-22T17:54:17.212+0000] {processor.py:183} INFO - Processing /opt/airflow/dags/welcome_dag1.py took 0.162 seconds
[2024-04-22T17:54:47.708+0000] {processor.py:161} INFO - Started process (PID=1416) to work on /opt/airflow/dags/welcome_dag1.py
[2024-04-22T17:54:47.710+0000] {processor.py:830} INFO - Processing file /opt/airflow/dags/welcome_dag1.py for tasks to queue
[2024-04-22T17:54:47.712+0000] {logging_mixin.py:188} INFO - [2024-04-22T17:54:47.712+0000] {dagbag.py:540} INFO - Filling up the DagBag from /opt/airflow/dags/welcome_dag1.py
[2024-04-22T17:54:47.808+0000] {processor.py:840} INFO - DAG(s) 'welcome_dag1' retrieved from /opt/airflow/dags/welcome_dag1.py
[2024-04-22T17:54:47.825+0000] {logging_mixin.py:188} INFO - [2024-04-22T17:54:47.824+0000] {dag.py:3096} INFO - Sync 1 DAGs
[2024-04-22T17:54:47.840+0000] {logging_mixin.py:188} INFO - [2024-04-22T17:54:47.840+0000] {dag.py:3954} INFO - Setting next_dagrun for welcome_dag1 to 2024-04-21 23:00:00+00:00, run_after=2024-04-22 23:00:00+00:00
[2024-04-22T17:54:47.873+0000] {processor.py:183} INFO - Processing /opt/airflow/dags/welcome_dag1.py took 0.170 seconds
[2024-04-22T17:55:18.326+0000] {processor.py:161} INFO - Started process (PID=1417) to work on /opt/airflow/dags/welcome_dag1.py
[2024-04-22T17:55:18.327+0000] {processor.py:830} INFO - Processing file /opt/airflow/dags/welcome_dag1.py for tasks to queue
[2024-04-22T17:55:18.329+0000] {logging_mixin.py:188} INFO - [2024-04-22T17:55:18.328+0000] {dagbag.py:540} INFO - Filling up the DagBag from /opt/airflow/dags/welcome_dag1.py
[2024-04-22T17:55:18.395+0000] {processor.py:840} INFO - DAG(s) 'welcome_dag1' retrieved from /opt/airflow/dags/welcome_dag1.py
[2024-04-22T17:55:18.413+0000] {logging_mixin.py:188} INFO - [2024-04-22T17:55:18.413+0000] {dag.py:3096} INFO - Sync 1 DAGs
[2024-04-22T17:55:18.430+0000] {logging_mixin.py:188} INFO - [2024-04-22T17:55:18.430+0000] {dag.py:3954} INFO - Setting next_dagrun for welcome_dag1 to 2024-04-21 23:00:00+00:00, run_after=2024-04-22 23:00:00+00:00
[2024-04-22T17:55:18.459+0000] {processor.py:183} INFO - Processing /opt/airflow/dags/welcome_dag1.py took 0.138 seconds
[2024-04-22T17:55:48.850+0000] {processor.py:161} INFO - Started process (PID=1418) to work on /opt/airflow/dags/welcome_dag1.py
[2024-04-22T17:55:48.853+0000] {processor.py:830} INFO - Processing file /opt/airflow/dags/welcome_dag1.py for tasks to queue
[2024-04-22T17:55:48.855+0000] {logging_mixin.py:188} INFO - [2024-04-22T17:55:48.854+0000] {dagbag.py:540} INFO - Filling up the DagBag from /opt/airflow/dags/welcome_dag1.py
[2024-04-22T17:55:48.958+0000] {processor.py:840} INFO - DAG(s) 'welcome_dag1' retrieved from /opt/airflow/dags/welcome_dag1.py
[2024-04-22T17:55:48.975+0000] {logging_mixin.py:188} INFO - [2024-04-22T17:55:48.974+0000] {dag.py:3096} INFO - Sync 1 DAGs
[2024-04-22T17:55:48.990+0000] {logging_mixin.py:188} INFO - [2024-04-22T17:55:48.990+0000] {dag.py:3954} INFO - Setting next_dagrun for welcome_dag1 to 2024-04-21 23:00:00+00:00, run_after=2024-04-22 23:00:00+00:00
[2024-04-22T17:55:49.021+0000] {processor.py:183} INFO - Processing /opt/airflow/dags/welcome_dag1.py took 0.175 seconds
[2024-04-22T17:56:19.484+0000] {processor.py:161} INFO - Started process (PID=1419) to work on /opt/airflow/dags/welcome_dag1.py
[2024-04-22T17:56:19.486+0000] {processor.py:830} INFO - Processing file /opt/airflow/dags/welcome_dag1.py for tasks to queue
[2024-04-22T17:56:19.489+0000] {logging_mixin.py:188} INFO - [2024-04-22T17:56:19.488+0000] {dagbag.py:540} INFO - Filling up the DagBag from /opt/airflow/dags/welcome_dag1.py
[2024-04-22T17:56:19.561+0000] {processor.py:840} INFO - DAG(s) 'welcome_dag1' retrieved from /opt/airflow/dags/welcome_dag1.py
[2024-04-22T17:56:19.592+0000] {logging_mixin.py:188} INFO - [2024-04-22T17:56:19.592+0000] {dag.py:3096} INFO - Sync 1 DAGs
[2024-04-22T17:56:19.630+0000] {logging_mixin.py:188} INFO - [2024-04-22T17:56:19.630+0000] {dag.py:3954} INFO - Setting next_dagrun for welcome_dag1 to 2024-04-21 23:00:00+00:00, run_after=2024-04-22 23:00:00+00:00
[2024-04-22T17:56:19.676+0000] {processor.py:183} INFO - Processing /opt/airflow/dags/welcome_dag1.py took 0.198 seconds
[2024-04-22T17:56:50.127+0000] {processor.py:161} INFO - Started process (PID=1420) to work on /opt/airflow/dags/welcome_dag1.py
[2024-04-22T17:56:50.129+0000] {processor.py:830} INFO - Processing file /opt/airflow/dags/welcome_dag1.py for tasks to queue
[2024-04-22T17:56:50.131+0000] {logging_mixin.py:188} INFO - [2024-04-22T17:56:50.130+0000] {dagbag.py:540} INFO - Filling up the DagBag from /opt/airflow/dags/welcome_dag1.py
[2024-04-22T17:56:50.229+0000] {processor.py:840} INFO - DAG(s) 'welcome_dag1' retrieved from /opt/airflow/dags/welcome_dag1.py
[2024-04-22T17:56:50.255+0000] {logging_mixin.py:188} INFO - [2024-04-22T17:56:50.254+0000] {dag.py:3096} INFO - Sync 1 DAGs
[2024-04-22T17:56:50.272+0000] {logging_mixin.py:188} INFO - [2024-04-22T17:56:50.272+0000] {dag.py:3954} INFO - Setting next_dagrun for welcome_dag1 to 2024-04-21 23:00:00+00:00, run_after=2024-04-22 23:00:00+00:00
[2024-04-22T17:56:50.308+0000] {processor.py:183} INFO - Processing /opt/airflow/dags/welcome_dag1.py took 0.186 seconds
[2024-04-22T17:57:20.747+0000] {processor.py:161} INFO - Started process (PID=1421) to work on /opt/airflow/dags/welcome_dag1.py
[2024-04-22T17:57:20.750+0000] {processor.py:830} INFO - Processing file /opt/airflow/dags/welcome_dag1.py for tasks to queue
[2024-04-22T17:57:20.752+0000] {logging_mixin.py:188} INFO - [2024-04-22T17:57:20.752+0000] {dagbag.py:540} INFO - Filling up the DagBag from /opt/airflow/dags/welcome_dag1.py
[2024-04-22T17:57:20.844+0000] {processor.py:840} INFO - DAG(s) 'welcome_dag1' retrieved from /opt/airflow/dags/welcome_dag1.py
[2024-04-22T17:57:20.860+0000] {logging_mixin.py:188} INFO - [2024-04-22T17:57:20.860+0000] {dag.py:3096} INFO - Sync 1 DAGs
[2024-04-22T17:57:20.875+0000] {logging_mixin.py:188} INFO - [2024-04-22T17:57:20.875+0000] {dag.py:3954} INFO - Setting next_dagrun for welcome_dag1 to 2024-04-21 23:00:00+00:00, run_after=2024-04-22 23:00:00+00:00
[2024-04-22T17:57:20.910+0000] {processor.py:183} INFO - Processing /opt/airflow/dags/welcome_dag1.py took 0.168 seconds
[2024-04-22T17:57:51.211+0000] {processor.py:161} INFO - Started process (PID=1422) to work on /opt/airflow/dags/welcome_dag1.py
[2024-04-22T17:57:51.214+0000] {processor.py:830} INFO - Processing file /opt/airflow/dags/welcome_dag1.py for tasks to queue
[2024-04-22T17:57:51.216+0000] {logging_mixin.py:188} INFO - [2024-04-22T17:57:51.216+0000] {dagbag.py:540} INFO - Filling up the DagBag from /opt/airflow/dags/welcome_dag1.py
[2024-04-22T17:57:51.350+0000] {processor.py:840} INFO - DAG(s) 'welcome_dag1' retrieved from /opt/airflow/dags/welcome_dag1.py
[2024-04-22T17:57:51.371+0000] {logging_mixin.py:188} INFO - [2024-04-22T17:57:51.370+0000] {dag.py:3096} INFO - Sync 1 DAGs
[2024-04-22T17:57:51.387+0000] {logging_mixin.py:188} INFO - [2024-04-22T17:57:51.387+0000] {dag.py:3954} INFO - Setting next_dagrun for welcome_dag1 to 2024-04-21 23:00:00+00:00, run_after=2024-04-22 23:00:00+00:00
[2024-04-22T17:57:51.421+0000] {processor.py:183} INFO - Processing /opt/airflow/dags/welcome_dag1.py took 0.220 seconds
[2024-04-22T17:58:21.735+0000] {processor.py:161} INFO - Started process (PID=1423) to work on /opt/airflow/dags/welcome_dag1.py
[2024-04-22T17:58:21.737+0000] {processor.py:830} INFO - Processing file /opt/airflow/dags/welcome_dag1.py for tasks to queue
[2024-04-22T17:58:21.739+0000] {logging_mixin.py:188} INFO - [2024-04-22T17:58:21.739+0000] {dagbag.py:540} INFO - Filling up the DagBag from /opt/airflow/dags/welcome_dag1.py
[2024-04-22T17:58:21.840+0000] {processor.py:840} INFO - DAG(s) 'welcome_dag1' retrieved from /opt/airflow/dags/welcome_dag1.py
[2024-04-22T17:58:21.858+0000] {logging_mixin.py:188} INFO - [2024-04-22T17:58:21.858+0000] {dag.py:3096} INFO - Sync 1 DAGs
[2024-04-22T17:58:21.876+0000] {logging_mixin.py:188} INFO - [2024-04-22T17:58:21.876+0000] {dag.py:3954} INFO - Setting next_dagrun for welcome_dag1 to 2024-04-21 23:00:00+00:00, run_after=2024-04-22 23:00:00+00:00
[2024-04-22T17:58:21.904+0000] {processor.py:183} INFO - Processing /opt/airflow/dags/welcome_dag1.py took 0.175 seconds
[2024-04-22T17:58:52.137+0000] {processor.py:161} INFO - Started process (PID=1424) to work on /opt/airflow/dags/welcome_dag1.py
[2024-04-22T17:58:52.139+0000] {processor.py:830} INFO - Processing file /opt/airflow/dags/welcome_dag1.py for tasks to queue
[2024-04-22T17:58:52.141+0000] {logging_mixin.py:188} INFO - [2024-04-22T17:58:52.140+0000] {dagbag.py:540} INFO - Filling up the DagBag from /opt/airflow/dags/welcome_dag1.py
[2024-04-22T17:58:52.237+0000] {processor.py:840} INFO - DAG(s) 'welcome_dag1' retrieved from /opt/airflow/dags/welcome_dag1.py
[2024-04-22T17:58:52.255+0000] {logging_mixin.py:188} INFO - [2024-04-22T17:58:52.255+0000] {dag.py:3096} INFO - Sync 1 DAGs
[2024-04-22T17:58:52.271+0000] {logging_mixin.py:188} INFO - [2024-04-22T17:58:52.271+0000] {dag.py:3954} INFO - Setting next_dagrun for welcome_dag1 to 2024-04-21 23:00:00+00:00, run_after=2024-04-22 23:00:00+00:00
[2024-04-22T17:58:52.298+0000] {processor.py:183} INFO - Processing /opt/airflow/dags/welcome_dag1.py took 0.167 seconds
[2024-04-22T17:59:22.576+0000] {processor.py:161} INFO - Started process (PID=1425) to work on /opt/airflow/dags/welcome_dag1.py
[2024-04-22T17:59:22.578+0000] {processor.py:830} INFO - Processing file /opt/airflow/dags/welcome_dag1.py for tasks to queue
[2024-04-22T17:59:22.580+0000] {logging_mixin.py:188} INFO - [2024-04-22T17:59:22.579+0000] {dagbag.py:540} INFO - Filling up the DagBag from /opt/airflow/dags/welcome_dag1.py
[2024-04-22T17:59:22.658+0000] {processor.py:840} INFO - DAG(s) 'welcome_dag1' retrieved from /opt/airflow/dags/welcome_dag1.py
[2024-04-22T17:59:22.675+0000] {logging_mixin.py:188} INFO - [2024-04-22T17:59:22.675+0000] {dag.py:3096} INFO - Sync 1 DAGs
[2024-04-22T17:59:22.701+0000] {logging_mixin.py:188} INFO - [2024-04-22T17:59:22.701+0000] {dag.py:3954} INFO - Setting next_dagrun for welcome_dag1 to 2024-04-21 23:00:00+00:00, run_after=2024-04-22 23:00:00+00:00
[2024-04-22T17:59:22.734+0000] {processor.py:183} INFO - Processing /opt/airflow/dags/welcome_dag1.py took 0.163 seconds
[2024-04-22T17:59:53.011+0000] {processor.py:161} INFO - Started process (PID=1426) to work on /opt/airflow/dags/welcome_dag1.py
[2024-04-22T17:59:53.013+0000] {processor.py:830} INFO - Processing file /opt/airflow/dags/welcome_dag1.py for tasks to queue
[2024-04-22T17:59:53.018+0000] {logging_mixin.py:188} INFO - [2024-04-22T17:59:53.016+0000] {dagbag.py:540} INFO - Filling up the DagBag from /opt/airflow/dags/welcome_dag1.py
[2024-04-22T17:59:53.131+0000] {processor.py:840} INFO - DAG(s) 'welcome_dag1' retrieved from /opt/airflow/dags/welcome_dag1.py
[2024-04-22T17:59:53.162+0000] {logging_mixin.py:188} INFO - [2024-04-22T17:59:53.161+0000] {dag.py:3096} INFO - Sync 1 DAGs
[2024-04-22T17:59:53.197+0000] {logging_mixin.py:188} INFO - [2024-04-22T17:59:53.196+0000] {dag.py:3954} INFO - Setting next_dagrun for welcome_dag1 to 2024-04-21 23:00:00+00:00, run_after=2024-04-22 23:00:00+00:00
[2024-04-22T17:59:53.250+0000] {processor.py:183} INFO - Processing /opt/airflow/dags/welcome_dag1.py took 0.246 seconds
[2024-04-22T18:00:23.558+0000] {processor.py:161} INFO - Started process (PID=1427) to work on /opt/airflow/dags/welcome_dag1.py
[2024-04-22T18:00:23.560+0000] {processor.py:830} INFO - Processing file /opt/airflow/dags/welcome_dag1.py for tasks to queue
[2024-04-22T18:00:23.561+0000] {logging_mixin.py:188} INFO - [2024-04-22T18:00:23.561+0000] {dagbag.py:540} INFO - Filling up the DagBag from /opt/airflow/dags/welcome_dag1.py
[2024-04-22T18:00:23.634+0000] {processor.py:840} INFO - DAG(s) 'welcome_dag1' retrieved from /opt/airflow/dags/welcome_dag1.py
[2024-04-22T18:00:23.653+0000] {logging_mixin.py:188} INFO - [2024-04-22T18:00:23.653+0000] {dag.py:3096} INFO - Sync 1 DAGs
[2024-04-22T18:00:23.673+0000] {logging_mixin.py:188} INFO - [2024-04-22T18:00:23.672+0000] {dag.py:3954} INFO - Setting next_dagrun for welcome_dag1 to 2024-04-21 23:00:00+00:00, run_after=2024-04-22 23:00:00+00:00
[2024-04-22T18:00:23.703+0000] {processor.py:183} INFO - Processing /opt/airflow/dags/welcome_dag1.py took 0.150 seconds
[2024-04-22T18:00:54.031+0000] {processor.py:161} INFO - Started process (PID=1428) to work on /opt/airflow/dags/welcome_dag1.py
[2024-04-22T18:00:54.033+0000] {processor.py:830} INFO - Processing file /opt/airflow/dags/welcome_dag1.py for tasks to queue
[2024-04-22T18:00:54.034+0000] {logging_mixin.py:188} INFO - [2024-04-22T18:00:54.034+0000] {dagbag.py:540} INFO - Filling up the DagBag from /opt/airflow/dags/welcome_dag1.py
[2024-04-22T18:00:54.108+0000] {processor.py:840} INFO - DAG(s) 'welcome_dag1' retrieved from /opt/airflow/dags/welcome_dag1.py
[2024-04-22T18:00:54.126+0000] {logging_mixin.py:188} INFO - [2024-04-22T18:00:54.126+0000] {dag.py:3096} INFO - Sync 1 DAGs
[2024-04-22T18:00:54.144+0000] {logging_mixin.py:188} INFO - [2024-04-22T18:00:54.143+0000] {dag.py:3954} INFO - Setting next_dagrun for welcome_dag1 to 2024-04-21 23:00:00+00:00, run_after=2024-04-22 23:00:00+00:00
[2024-04-22T18:00:54.172+0000] {processor.py:183} INFO - Processing /opt/airflow/dags/welcome_dag1.py took 0.146 seconds
[2024-04-22T18:01:24.453+0000] {processor.py:161} INFO - Started process (PID=1429) to work on /opt/airflow/dags/welcome_dag1.py
[2024-04-22T18:01:24.454+0000] {processor.py:830} INFO - Processing file /opt/airflow/dags/welcome_dag1.py for tasks to queue
[2024-04-22T18:01:24.455+0000] {logging_mixin.py:188} INFO - [2024-04-22T18:01:24.455+0000] {dagbag.py:540} INFO - Filling up the DagBag from /opt/airflow/dags/welcome_dag1.py
[2024-04-22T18:01:24.519+0000] {processor.py:840} INFO - DAG(s) 'welcome_dag1' retrieved from /opt/airflow/dags/welcome_dag1.py
[2024-04-22T18:01:24.543+0000] {logging_mixin.py:188} INFO - [2024-04-22T18:01:24.542+0000] {dag.py:3096} INFO - Sync 1 DAGs
[2024-04-22T18:01:24.563+0000] {logging_mixin.py:188} INFO - [2024-04-22T18:01:24.563+0000] {dag.py:3954} INFO - Setting next_dagrun for welcome_dag1 to 2024-04-21 23:00:00+00:00, run_after=2024-04-22 23:00:00+00:00
[2024-04-22T18:01:24.599+0000] {processor.py:183} INFO - Processing /opt/airflow/dags/welcome_dag1.py took 0.152 seconds
[2024-04-22T18:01:54.772+0000] {processor.py:161} INFO - Started process (PID=1430) to work on /opt/airflow/dags/welcome_dag1.py
[2024-04-22T18:01:54.774+0000] {processor.py:830} INFO - Processing file /opt/airflow/dags/welcome_dag1.py for tasks to queue
[2024-04-22T18:01:54.776+0000] {logging_mixin.py:188} INFO - [2024-04-22T18:01:54.776+0000] {dagbag.py:540} INFO - Filling up the DagBag from /opt/airflow/dags/welcome_dag1.py
[2024-04-22T18:01:54.851+0000] {processor.py:840} INFO - DAG(s) 'welcome_dag1' retrieved from /opt/airflow/dags/welcome_dag1.py
[2024-04-22T18:01:54.869+0000] {logging_mixin.py:188} INFO - [2024-04-22T18:01:54.869+0000] {dag.py:3096} INFO - Sync 1 DAGs
[2024-04-22T18:01:54.885+0000] {logging_mixin.py:188} INFO - [2024-04-22T18:01:54.885+0000] {dag.py:3954} INFO - Setting next_dagrun for welcome_dag1 to 2024-04-21 23:00:00+00:00, run_after=2024-04-22 23:00:00+00:00
[2024-04-22T18:01:54.916+0000] {processor.py:183} INFO - Processing /opt/airflow/dags/welcome_dag1.py took 0.150 seconds
[2024-04-22T18:02:25.161+0000] {processor.py:161} INFO - Started process (PID=1431) to work on /opt/airflow/dags/welcome_dag1.py
[2024-04-22T18:02:25.164+0000] {processor.py:830} INFO - Processing file /opt/airflow/dags/welcome_dag1.py for tasks to queue
[2024-04-22T18:02:25.166+0000] {logging_mixin.py:188} INFO - [2024-04-22T18:02:25.165+0000] {dagbag.py:540} INFO - Filling up the DagBag from /opt/airflow/dags/welcome_dag1.py
[2024-04-22T18:02:25.271+0000] {processor.py:840} INFO - DAG(s) 'welcome_dag1' retrieved from /opt/airflow/dags/welcome_dag1.py
[2024-04-22T18:02:25.296+0000] {logging_mixin.py:188} INFO - [2024-04-22T18:02:25.296+0000] {dag.py:3096} INFO - Sync 1 DAGs
[2024-04-22T18:02:25.317+0000] {logging_mixin.py:188} INFO - [2024-04-22T18:02:25.317+0000] {dag.py:3954} INFO - Setting next_dagrun for welcome_dag1 to 2024-04-21 23:00:00+00:00, run_after=2024-04-22 23:00:00+00:00
[2024-04-22T18:02:25.356+0000] {processor.py:183} INFO - Processing /opt/airflow/dags/welcome_dag1.py took 0.200 seconds
