[2024-04-25T14:51:37.998+0000] {processor.py:161} INFO - Started process (PID=78) to work on /opt/airflow/dags/dischem_dbt_dag.py
[2024-04-25T14:51:38.000+0000] {processor.py:830} INFO - Processing file /opt/airflow/dags/dischem_dbt_dag.py for tasks to queue
[2024-04-25T14:51:38.004+0000] {logging_mixin.py:188} INFO - [2024-04-25T14:51:38.002+0000] {dagbag.py:540} INFO - Filling up the DagBag from /opt/airflow/dags/dischem_dbt_dag.py
[2024-04-25T14:51:38.068+0000] {processor.py:840} INFO - DAG(s) 'dischem_dbt' retrieved from /opt/airflow/dags/dischem_dbt_dag.py
[2024-04-25T14:51:38.080+0000] {logging_mixin.py:188} INFO - [2024-04-25T14:51:38.080+0000] {dag.py:3096} INFO - Sync 1 DAGs
[2024-04-25T14:51:38.093+0000] {logging_mixin.py:188} INFO - [2024-04-25T14:51:38.093+0000] {dag.py:3954} INFO - Setting next_dagrun for dischem_dbt to None, run_after=None
[2024-04-25T14:51:38.125+0000] {processor.py:183} INFO - Processing /opt/airflow/dags/dischem_dbt_dag.py took 0.135 seconds
[2024-04-25T14:52:36.586+0000] {processor.py:161} INFO - Started process (PID=78) to work on /opt/airflow/dags/dischem_dbt_dag.py
[2024-04-25T14:52:36.589+0000] {processor.py:830} INFO - Processing file /opt/airflow/dags/dischem_dbt_dag.py for tasks to queue
[2024-04-25T14:52:36.592+0000] {logging_mixin.py:188} INFO - [2024-04-25T14:52:36.591+0000] {dagbag.py:540} INFO - Filling up the DagBag from /opt/airflow/dags/dischem_dbt_dag.py
[2024-04-25T14:52:36.683+0000] {processor.py:840} INFO - DAG(s) 'dischem_dbt' retrieved from /opt/airflow/dags/dischem_dbt_dag.py
[2024-04-25T14:52:36.936+0000] {logging_mixin.py:188} INFO - [2024-04-25T14:52:36.935+0000] {override.py:1829} INFO - Created Permission View: can read on DAG:dischem_dbt
[2024-04-25T14:52:36.951+0000] {logging_mixin.py:188} INFO - [2024-04-25T14:52:36.950+0000] {override.py:1829} INFO - Created Permission View: can edit on DAG:dischem_dbt
[2024-04-25T14:52:36.963+0000] {logging_mixin.py:188} INFO - [2024-04-25T14:52:36.962+0000] {override.py:1829} INFO - Created Permission View: can delete on DAG:dischem_dbt
[2024-04-25T14:52:36.964+0000] {logging_mixin.py:188} INFO - [2024-04-25T14:52:36.964+0000] {dag.py:3096} INFO - Sync 1 DAGs
[2024-04-25T14:52:36.974+0000] {logging_mixin.py:188} INFO - [2024-04-25T14:52:36.973+0000] {dag.py:3118} INFO - Creating ORM DAG for dischem_dbt
[2024-04-25T14:52:36.975+0000] {logging_mixin.py:188} INFO - [2024-04-25T14:52:36.975+0000] {dag.py:3954} INFO - Setting next_dagrun for dischem_dbt to None, run_after=None
[2024-04-25T14:52:37.010+0000] {processor.py:183} INFO - Processing /opt/airflow/dags/dischem_dbt_dag.py took 0.428 seconds
[2024-04-25T14:53:07.185+0000] {processor.py:161} INFO - Started process (PID=96) to work on /opt/airflow/dags/dischem_dbt_dag.py
[2024-04-25T14:53:07.187+0000] {processor.py:830} INFO - Processing file /opt/airflow/dags/dischem_dbt_dag.py for tasks to queue
[2024-04-25T14:53:07.190+0000] {logging_mixin.py:188} INFO - [2024-04-25T14:53:07.189+0000] {dagbag.py:540} INFO - Filling up the DagBag from /opt/airflow/dags/dischem_dbt_dag.py
[2024-04-25T14:53:07.274+0000] {processor.py:840} INFO - DAG(s) 'dischem_dbt' retrieved from /opt/airflow/dags/dischem_dbt_dag.py
[2024-04-25T14:53:07.327+0000] {logging_mixin.py:188} INFO - [2024-04-25T14:53:07.327+0000] {dag.py:3096} INFO - Sync 1 DAGs
[2024-04-25T14:53:07.339+0000] {logging_mixin.py:188} INFO - [2024-04-25T14:53:07.339+0000] {dag.py:3954} INFO - Setting next_dagrun for dischem_dbt to None, run_after=None
[2024-04-25T14:53:07.373+0000] {processor.py:183} INFO - Processing /opt/airflow/dags/dischem_dbt_dag.py took 0.193 seconds
