[2024-04-25T14:51:34.245+0000] {processor.py:161} INFO - Started process (PID=63) to work on /opt/airflow/dags/dischem_ingestion_dag.py
[2024-04-25T14:51:34.247+0000] {processor.py:830} INFO - Processing file /opt/airflow/dags/dischem_ingestion_dag.py for tasks to queue
[2024-04-25T14:51:34.250+0000] {logging_mixin.py:188} INFO - [2024-04-25T14:51:34.249+0000] {dagbag.py:540} INFO - Filling up the DagBag from /opt/airflow/dags/dischem_ingestion_dag.py
[2024-04-25T14:51:34.327+0000] {processor.py:840} INFO - DAG(s) 'dischem_file_ingestion' retrieved from /opt/airflow/dags/dischem_ingestion_dag.py
[2024-04-25T14:51:34.338+0000] {logging_mixin.py:188} INFO - [2024-04-25T14:51:34.338+0000] {dag.py:3096} INFO - Sync 1 DAGs
[2024-04-25T14:51:34.354+0000] {logging_mixin.py:188} INFO - [2024-04-25T14:51:34.353+0000] {dag.py:3954} INFO - Setting next_dagrun for dischem_file_ingestion to None, run_after=None
[2024-04-25T14:51:34.386+0000] {processor.py:183} INFO - Processing /opt/airflow/dags/dischem_ingestion_dag.py took 0.146 seconds
[2024-04-25T14:52:04.689+0000] {processor.py:161} INFO - Started process (PID=80) to work on /opt/airflow/dags/dischem_ingestion_dag.py
[2024-04-25T14:52:04.691+0000] {processor.py:830} INFO - Processing file /opt/airflow/dags/dischem_ingestion_dag.py for tasks to queue
[2024-04-25T14:52:04.694+0000] {logging_mixin.py:188} INFO - [2024-04-25T14:52:04.694+0000] {dagbag.py:540} INFO - Filling up the DagBag from /opt/airflow/dags/dischem_ingestion_dag.py
[2024-04-25T14:52:04.790+0000] {processor.py:840} INFO - DAG(s) 'dischem_file_ingestion' retrieved from /opt/airflow/dags/dischem_ingestion_dag.py
[2024-04-25T14:52:05.094+0000] {logging_mixin.py:188} INFO - [2024-04-25T14:52:05.094+0000] {dag.py:3096} INFO - Sync 1 DAGs
[2024-04-25T14:52:05.101+0000] {logging_mixin.py:188} INFO - [2024-04-25T14:52:05.101+0000] {dag.py:3954} INFO - Setting next_dagrun for dischem_file_ingestion to None, run_after=None
[2024-04-25T14:52:05.124+0000] {processor.py:183} INFO - Processing /opt/airflow/dags/dischem_ingestion_dag.py took 0.440 seconds
[2024-04-25T14:52:30.562+0000] {processor.py:161} INFO - Started process (PID=64) to work on /opt/airflow/dags/dischem_ingestion_dag.py
[2024-04-25T14:52:30.565+0000] {processor.py:830} INFO - Processing file /opt/airflow/dags/dischem_ingestion_dag.py for tasks to queue
[2024-04-25T14:52:30.568+0000] {logging_mixin.py:188} INFO - [2024-04-25T14:52:30.567+0000] {dagbag.py:540} INFO - Filling up the DagBag from /opt/airflow/dags/dischem_ingestion_dag.py
[2024-04-25T14:52:30.665+0000] {processor.py:840} INFO - DAG(s) 'dischem_file_ingestion' retrieved from /opt/airflow/dags/dischem_ingestion_dag.py
[2024-04-25T14:52:31.014+0000] {logging_mixin.py:188} INFO - [2024-04-25T14:52:31.013+0000] {override.py:1829} INFO - Created Permission View: can read on DAG:dischem_file_ingestion
[2024-04-25T14:52:31.027+0000] {logging_mixin.py:188} INFO - [2024-04-25T14:52:31.027+0000] {override.py:1829} INFO - Created Permission View: can edit on DAG:dischem_file_ingestion
[2024-04-25T14:52:31.037+0000] {logging_mixin.py:188} INFO - [2024-04-25T14:52:31.036+0000] {override.py:1829} INFO - Created Permission View: can delete on DAG:dischem_file_ingestion
[2024-04-25T14:52:31.038+0000] {logging_mixin.py:188} INFO - [2024-04-25T14:52:31.038+0000] {dag.py:3096} INFO - Sync 1 DAGs
[2024-04-25T14:52:31.050+0000] {logging_mixin.py:188} INFO - [2024-04-25T14:52:31.050+0000] {dag.py:3118} INFO - Creating ORM DAG for dischem_file_ingestion
[2024-04-25T14:52:31.051+0000] {logging_mixin.py:188} INFO - [2024-04-25T14:52:31.051+0000] {dag.py:3954} INFO - Setting next_dagrun for dischem_file_ingestion to None, run_after=None
[2024-04-25T14:52:31.261+0000] {processor.py:183} INFO - Processing /opt/airflow/dags/dischem_ingestion_dag.py took 0.703 seconds
[2024-04-25T14:53:01.646+0000] {processor.py:161} INFO - Started process (PID=93) to work on /opt/airflow/dags/dischem_ingestion_dag.py
[2024-04-25T14:53:01.650+0000] {processor.py:830} INFO - Processing file /opt/airflow/dags/dischem_ingestion_dag.py for tasks to queue
[2024-04-25T14:53:01.656+0000] {logging_mixin.py:188} INFO - [2024-04-25T14:53:01.655+0000] {dagbag.py:540} INFO - Filling up the DagBag from /opt/airflow/dags/dischem_ingestion_dag.py
[2024-04-25T14:53:01.767+0000] {processor.py:840} INFO - DAG(s) 'dischem_file_ingestion' retrieved from /opt/airflow/dags/dischem_ingestion_dag.py
[2024-04-25T14:53:01.844+0000] {logging_mixin.py:188} INFO - [2024-04-25T14:53:01.844+0000] {dag.py:3096} INFO - Sync 1 DAGs
[2024-04-25T14:53:01.858+0000] {logging_mixin.py:188} INFO - [2024-04-25T14:53:01.858+0000] {dag.py:3954} INFO - Setting next_dagrun for dischem_file_ingestion to None, run_after=None
[2024-04-25T14:53:02.043+0000] {processor.py:183} INFO - Processing /opt/airflow/dags/dischem_ingestion_dag.py took 0.405 seconds
[2024-04-25T14:53:32.209+0000] {processor.py:161} INFO - Started process (PID=98) to work on /opt/airflow/dags/dischem_ingestion_dag.py
[2024-04-25T14:53:32.211+0000] {processor.py:830} INFO - Processing file /opt/airflow/dags/dischem_ingestion_dag.py for tasks to queue
[2024-04-25T14:53:32.214+0000] {logging_mixin.py:188} INFO - [2024-04-25T14:53:32.214+0000] {dagbag.py:540} INFO - Filling up the DagBag from /opt/airflow/dags/dischem_ingestion_dag.py
[2024-04-25T14:53:32.292+0000] {processor.py:840} INFO - DAG(s) 'dischem_file_ingestion' retrieved from /opt/airflow/dags/dischem_ingestion_dag.py
[2024-04-25T14:53:32.373+0000] {logging_mixin.py:188} INFO - [2024-04-25T14:53:32.372+0000] {dag.py:3096} INFO - Sync 1 DAGs
[2024-04-25T14:53:32.406+0000] {logging_mixin.py:188} INFO - [2024-04-25T14:53:32.405+0000] {dag.py:3954} INFO - Setting next_dagrun for dischem_file_ingestion to None, run_after=None
[2024-04-25T14:53:32.458+0000] {processor.py:183} INFO - Processing /opt/airflow/dags/dischem_ingestion_dag.py took 0.254 seconds
