[2024-04-25T14:51:36.929+0000] {processor.py:161} INFO - Started process (PID=77) to work on /opt/airflow/dags/dischem_dag_caller.py
[2024-04-25T14:51:36.931+0000] {processor.py:830} INFO - Processing file /opt/airflow/dags/dischem_dag_caller.py for tasks to queue
[2024-04-25T14:51:36.934+0000] {logging_mixin.py:188} INFO - [2024-04-25T14:51:36.933+0000] {dagbag.py:540} INFO - Filling up the DagBag from /opt/airflow/dags/dischem_dag_caller.py
[2024-04-25T14:51:37.010+0000] {processor.py:840} INFO - DAG(s) 'dischem_dag_caller' retrieved from /opt/airflow/dags/dischem_dag_caller.py
[2024-04-25T14:51:37.019+0000] {logging_mixin.py:188} INFO - [2024-04-25T14:51:37.019+0000] {dag.py:3096} INFO - Sync 1 DAGs
[2024-04-25T14:51:37.036+0000] {logging_mixin.py:188} INFO - [2024-04-25T14:51:37.036+0000] {dag.py:3954} INFO - Setting next_dagrun for dischem_dag_caller to None, run_after=None
[2024-04-25T14:51:37.073+0000] {processor.py:183} INFO - Processing /opt/airflow/dags/dischem_dag_caller.py took 0.150 seconds
[2024-04-25T14:52:34.989+0000] {processor.py:161} INFO - Started process (PID=77) to work on /opt/airflow/dags/dischem_dag_caller.py
[2024-04-25T14:52:34.991+0000] {processor.py:830} INFO - Processing file /opt/airflow/dags/dischem_dag_caller.py for tasks to queue
[2024-04-25T14:52:34.994+0000] {logging_mixin.py:188} INFO - [2024-04-25T14:52:34.993+0000] {dagbag.py:540} INFO - Filling up the DagBag from /opt/airflow/dags/dischem_dag_caller.py
[2024-04-25T14:52:35.061+0000] {processor.py:840} INFO - DAG(s) 'dischem_dag_caller' retrieved from /opt/airflow/dags/dischem_dag_caller.py
[2024-04-25T14:52:35.321+0000] {logging_mixin.py:188} INFO - [2024-04-25T14:52:35.320+0000] {override.py:1829} INFO - Created Permission View: can read on DAG:dischem_dag_caller
[2024-04-25T14:52:35.338+0000] {logging_mixin.py:188} INFO - [2024-04-25T14:52:35.338+0000] {override.py:1829} INFO - Created Permission View: can edit on DAG:dischem_dag_caller
[2024-04-25T14:52:35.350+0000] {logging_mixin.py:188} INFO - [2024-04-25T14:52:35.350+0000] {override.py:1829} INFO - Created Permission View: can delete on DAG:dischem_dag_caller
[2024-04-25T14:52:35.352+0000] {logging_mixin.py:188} INFO - [2024-04-25T14:52:35.352+0000] {dag.py:3096} INFO - Sync 1 DAGs
[2024-04-25T14:52:35.362+0000] {logging_mixin.py:188} INFO - [2024-04-25T14:52:35.362+0000] {dag.py:3118} INFO - Creating ORM DAG for dischem_dag_caller
[2024-04-25T14:52:35.364+0000] {logging_mixin.py:188} INFO - [2024-04-25T14:52:35.363+0000] {dag.py:3954} INFO - Setting next_dagrun for dischem_dag_caller to None, run_after=None
[2024-04-25T14:52:35.400+0000] {processor.py:183} INFO - Processing /opt/airflow/dags/dischem_dag_caller.py took 0.416 seconds
[2024-04-25T14:53:05.774+0000] {processor.py:161} INFO - Started process (PID=95) to work on /opt/airflow/dags/dischem_dag_caller.py
[2024-04-25T14:53:05.776+0000] {processor.py:830} INFO - Processing file /opt/airflow/dags/dischem_dag_caller.py for tasks to queue
[2024-04-25T14:53:05.779+0000] {logging_mixin.py:188} INFO - [2024-04-25T14:53:05.778+0000] {dagbag.py:540} INFO - Filling up the DagBag from /opt/airflow/dags/dischem_dag_caller.py
[2024-04-25T14:53:05.859+0000] {processor.py:840} INFO - DAG(s) 'dischem_dag_caller' retrieved from /opt/airflow/dags/dischem_dag_caller.py
[2024-04-25T14:53:05.899+0000] {logging_mixin.py:188} INFO - [2024-04-25T14:53:05.899+0000] {dag.py:3096} INFO - Sync 1 DAGs
[2024-04-25T14:53:05.912+0000] {logging_mixin.py:188} INFO - [2024-04-25T14:53:05.912+0000] {dag.py:3954} INFO - Setting next_dagrun for dischem_dag_caller to None, run_after=None
[2024-04-25T14:53:05.946+0000] {processor.py:183} INFO - Processing /opt/airflow/dags/dischem_dag_caller.py took 0.178 seconds
