[2024-04-11T19:49:21.480+0000] {processor.py:161} INFO - Started process (PID=155) to work on /opt/airflow/dags/example_dag.py
[2024-04-11T19:49:21.482+0000] {processor.py:830} INFO - Processing file /opt/airflow/dags/example_dag.py for tasks to queue
[2024-04-11T19:49:21.486+0000] {logging_mixin.py:188} INFO - [2024-04-11T19:49:21.485+0000] {dagbag.py:540} INFO - Filling up the DagBag from /opt/airflow/dags/example_dag.py
[2024-04-11T19:49:21.621+0000] {processor.py:840} INFO - DAG(s) 'example_dag' retrieved from /opt/airflow/dags/example_dag.py
[2024-04-11T19:49:21.984+0000] {logging_mixin.py:188} INFO - [2024-04-11T19:49:21.983+0000] {override.py:1829} INFO - Created Permission View: can delete on DAG:example_dag
[2024-04-11T19:49:22.082+0000] {logging_mixin.py:188} INFO - [2024-04-11T19:49:22.081+0000] {override.py:1829} INFO - Created Permission View: can read on DAG:example_dag
[2024-04-11T19:49:22.194+0000] {logging_mixin.py:188} INFO - [2024-04-11T19:49:22.193+0000] {override.py:1829} INFO - Created Permission View: can edit on DAG:example_dag
[2024-04-11T19:49:22.196+0000] {logging_mixin.py:188} INFO - [2024-04-11T19:49:22.196+0000] {dag.py:3096} INFO - Sync 1 DAGs
[2024-04-11T19:49:22.242+0000] {logging_mixin.py:188} INFO - [2024-04-11T19:49:22.241+0000] {dag.py:3118} INFO - Creating ORM DAG for example_dag
[2024-04-11T19:49:22.244+0000] {logging_mixin.py:188} INFO - [2024-04-11T19:49:22.244+0000] {dag.py:3954} INFO - Setting next_dagrun for example_dag to None, run_after=None
[2024-04-11T19:49:22.522+0000] {processor.py:183} INFO - Processing /opt/airflow/dags/example_dag.py took 1.048 seconds
[2024-04-11T19:49:53.594+0000] {processor.py:161} INFO - Started process (PID=157) to work on /opt/airflow/dags/example_dag.py
[2024-04-11T19:49:53.595+0000] {processor.py:830} INFO - Processing file /opt/airflow/dags/example_dag.py for tasks to queue
[2024-04-11T19:49:53.598+0000] {logging_mixin.py:188} INFO - [2024-04-11T19:49:53.598+0000] {dagbag.py:540} INFO - Filling up the DagBag from /opt/airflow/dags/example_dag.py
[2024-04-11T19:49:53.677+0000] {processor.py:840} INFO - DAG(s) 'example_dag' retrieved from /opt/airflow/dags/example_dag.py
[2024-04-11T19:49:53.751+0000] {logging_mixin.py:188} INFO - [2024-04-11T19:49:53.751+0000] {dag.py:3096} INFO - Sync 1 DAGs
[2024-04-11T19:49:53.792+0000] {logging_mixin.py:188} INFO - [2024-04-11T19:49:53.791+0000] {dag.py:3954} INFO - Setting next_dagrun for example_dag to None, run_after=None
[2024-04-11T19:49:53.989+0000] {processor.py:183} INFO - Processing /opt/airflow/dags/example_dag.py took 0.401 seconds
[2024-04-11T19:50:24.913+0000] {processor.py:161} INFO - Started process (PID=159) to work on /opt/airflow/dags/example_dag.py
[2024-04-11T19:50:24.916+0000] {processor.py:830} INFO - Processing file /opt/airflow/dags/example_dag.py for tasks to queue
[2024-04-11T19:50:24.919+0000] {logging_mixin.py:188} INFO - [2024-04-11T19:50:24.918+0000] {dagbag.py:540} INFO - Filling up the DagBag from /opt/airflow/dags/example_dag.py
[2024-04-11T19:50:25.023+0000] {processor.py:840} INFO - DAG(s) 'example_dag' retrieved from /opt/airflow/dags/example_dag.py
[2024-04-11T19:50:25.092+0000] {logging_mixin.py:188} INFO - [2024-04-11T19:50:25.092+0000] {dag.py:3096} INFO - Sync 1 DAGs
[2024-04-11T19:50:25.116+0000] {logging_mixin.py:188} INFO - [2024-04-11T19:50:25.115+0000] {dag.py:3954} INFO - Setting next_dagrun for example_dag to None, run_after=None
[2024-04-11T19:50:25.392+0000] {processor.py:183} INFO - Processing /opt/airflow/dags/example_dag.py took 0.484 seconds
[2024-04-11T19:50:56.624+0000] {processor.py:161} INFO - Started process (PID=161) to work on /opt/airflow/dags/example_dag.py
[2024-04-11T19:50:56.626+0000] {processor.py:830} INFO - Processing file /opt/airflow/dags/example_dag.py for tasks to queue
[2024-04-11T19:50:56.628+0000] {logging_mixin.py:188} INFO - [2024-04-11T19:50:56.627+0000] {dagbag.py:540} INFO - Filling up the DagBag from /opt/airflow/dags/example_dag.py
[2024-04-11T19:50:56.689+0000] {processor.py:840} INFO - DAG(s) 'example_dag' retrieved from /opt/airflow/dags/example_dag.py
[2024-04-11T19:50:56.748+0000] {logging_mixin.py:188} INFO - [2024-04-11T19:50:56.748+0000] {dag.py:3096} INFO - Sync 1 DAGs
[2024-04-11T19:50:56.773+0000] {logging_mixin.py:188} INFO - [2024-04-11T19:50:56.773+0000] {dag.py:3954} INFO - Setting next_dagrun for example_dag to None, run_after=None
[2024-04-11T19:50:57.013+0000] {processor.py:183} INFO - Processing /opt/airflow/dags/example_dag.py took 0.394 seconds
[2024-04-11T19:51:27.854+0000] {processor.py:161} INFO - Started process (PID=163) to work on /opt/airflow/dags/example_dag.py
[2024-04-11T19:51:27.857+0000] {processor.py:830} INFO - Processing file /opt/airflow/dags/example_dag.py for tasks to queue
[2024-04-11T19:51:27.861+0000] {logging_mixin.py:188} INFO - [2024-04-11T19:51:27.860+0000] {dagbag.py:540} INFO - Filling up the DagBag from /opt/airflow/dags/example_dag.py
[2024-04-11T19:51:27.958+0000] {processor.py:840} INFO - DAG(s) 'example_dag' retrieved from /opt/airflow/dags/example_dag.py
[2024-04-11T19:51:28.025+0000] {logging_mixin.py:188} INFO - [2024-04-11T19:51:28.025+0000] {dag.py:3096} INFO - Sync 1 DAGs
[2024-04-11T19:51:28.043+0000] {logging_mixin.py:188} INFO - [2024-04-11T19:51:28.043+0000] {dag.py:3954} INFO - Setting next_dagrun for example_dag to None, run_after=None
[2024-04-11T19:51:28.267+0000] {processor.py:183} INFO - Processing /opt/airflow/dags/example_dag.py took 0.418 seconds
[2024-04-11T19:51:59.099+0000] {processor.py:161} INFO - Started process (PID=165) to work on /opt/airflow/dags/example_dag.py
[2024-04-11T19:51:59.101+0000] {processor.py:830} INFO - Processing file /opt/airflow/dags/example_dag.py for tasks to queue
[2024-04-11T19:51:59.103+0000] {logging_mixin.py:188} INFO - [2024-04-11T19:51:59.102+0000] {dagbag.py:540} INFO - Filling up the DagBag from /opt/airflow/dags/example_dag.py
[2024-04-11T19:51:59.187+0000] {processor.py:840} INFO - DAG(s) 'example_dag' retrieved from /opt/airflow/dags/example_dag.py
[2024-04-11T19:51:59.252+0000] {logging_mixin.py:188} INFO - [2024-04-11T19:51:59.252+0000] {dag.py:3096} INFO - Sync 1 DAGs
[2024-04-11T19:51:59.278+0000] {logging_mixin.py:188} INFO - [2024-04-11T19:51:59.277+0000] {dag.py:3954} INFO - Setting next_dagrun for example_dag to None, run_after=None
[2024-04-11T19:51:59.508+0000] {processor.py:183} INFO - Processing /opt/airflow/dags/example_dag.py took 0.414 seconds
[2024-04-11T19:52:31.023+0000] {processor.py:161} INFO - Started process (PID=167) to work on /opt/airflow/dags/example_dag.py
[2024-04-11T19:52:31.025+0000] {processor.py:830} INFO - Processing file /opt/airflow/dags/example_dag.py for tasks to queue
[2024-04-11T19:52:31.029+0000] {logging_mixin.py:188} INFO - [2024-04-11T19:52:31.028+0000] {dagbag.py:540} INFO - Filling up the DagBag from /opt/airflow/dags/example_dag.py
[2024-04-11T19:52:31.119+0000] {processor.py:840} INFO - DAG(s) 'example_dag' retrieved from /opt/airflow/dags/example_dag.py
[2024-04-11T19:52:31.184+0000] {logging_mixin.py:188} INFO - [2024-04-11T19:52:31.183+0000] {dag.py:3096} INFO - Sync 1 DAGs
[2024-04-11T19:52:31.206+0000] {logging_mixin.py:188} INFO - [2024-04-11T19:52:31.206+0000] {dag.py:3954} INFO - Setting next_dagrun for example_dag to None, run_after=None
[2024-04-11T19:52:31.365+0000] {processor.py:183} INFO - Processing /opt/airflow/dags/example_dag.py took 0.350 seconds
[2024-04-11T19:53:02.945+0000] {processor.py:161} INFO - Started process (PID=169) to work on /opt/airflow/dags/example_dag.py
[2024-04-11T19:53:02.947+0000] {processor.py:830} INFO - Processing file /opt/airflow/dags/example_dag.py for tasks to queue
[2024-04-11T19:53:02.950+0000] {logging_mixin.py:188} INFO - [2024-04-11T19:53:02.949+0000] {dagbag.py:540} INFO - Filling up the DagBag from /opt/airflow/dags/example_dag.py
[2024-04-11T19:53:03.026+0000] {processor.py:840} INFO - DAG(s) 'example_dag' retrieved from /opt/airflow/dags/example_dag.py
[2024-04-11T19:53:03.079+0000] {logging_mixin.py:188} INFO - [2024-04-11T19:53:03.079+0000] {dag.py:3096} INFO - Sync 1 DAGs
[2024-04-11T19:53:03.100+0000] {logging_mixin.py:188} INFO - [2024-04-11T19:53:03.099+0000] {dag.py:3954} INFO - Setting next_dagrun for example_dag to None, run_after=None
[2024-04-11T19:53:03.319+0000] {processor.py:183} INFO - Processing /opt/airflow/dags/example_dag.py took 0.380 seconds
[2024-04-11T19:53:33.582+0000] {processor.py:161} INFO - Started process (PID=171) to work on /opt/airflow/dags/example_dag.py
[2024-04-11T19:53:33.584+0000] {processor.py:830} INFO - Processing file /opt/airflow/dags/example_dag.py for tasks to queue
[2024-04-11T19:53:33.587+0000] {logging_mixin.py:188} INFO - [2024-04-11T19:53:33.587+0000] {dagbag.py:540} INFO - Filling up the DagBag from /opt/airflow/dags/example_dag.py
[2024-04-11T19:53:33.712+0000] {processor.py:840} INFO - DAG(s) 'example_dag' retrieved from /opt/airflow/dags/example_dag.py
[2024-04-11T19:53:33.773+0000] {logging_mixin.py:188} INFO - [2024-04-11T19:53:33.773+0000] {dag.py:3096} INFO - Sync 1 DAGs
[2024-04-11T19:53:33.800+0000] {logging_mixin.py:188} INFO - [2024-04-11T19:53:33.800+0000] {dag.py:3954} INFO - Setting next_dagrun for example_dag to None, run_after=None
[2024-04-11T19:53:34.007+0000] {processor.py:183} INFO - Processing /opt/airflow/dags/example_dag.py took 0.430 seconds
[2024-04-11T19:54:05.170+0000] {processor.py:161} INFO - Started process (PID=173) to work on /opt/airflow/dags/example_dag.py
[2024-04-11T19:54:05.172+0000] {processor.py:830} INFO - Processing file /opt/airflow/dags/example_dag.py for tasks to queue
[2024-04-11T19:54:05.176+0000] {logging_mixin.py:188} INFO - [2024-04-11T19:54:05.175+0000] {dagbag.py:540} INFO - Filling up the DagBag from /opt/airflow/dags/example_dag.py
[2024-04-11T19:54:05.258+0000] {processor.py:840} INFO - DAG(s) 'example_dag' retrieved from /opt/airflow/dags/example_dag.py
[2024-04-11T19:54:05.304+0000] {logging_mixin.py:188} INFO - [2024-04-11T19:54:05.304+0000] {dag.py:3096} INFO - Sync 1 DAGs
[2024-04-11T19:54:05.326+0000] {logging_mixin.py:188} INFO - [2024-04-11T19:54:05.325+0000] {dag.py:3954} INFO - Setting next_dagrun for example_dag to None, run_after=None
[2024-04-11T19:54:05.525+0000] {processor.py:183} INFO - Processing /opt/airflow/dags/example_dag.py took 0.364 seconds
[2024-04-11T19:54:36.458+0000] {processor.py:161} INFO - Started process (PID=175) to work on /opt/airflow/dags/example_dag.py
[2024-04-11T19:54:36.460+0000] {processor.py:830} INFO - Processing file /opt/airflow/dags/example_dag.py for tasks to queue
[2024-04-11T19:54:36.463+0000] {logging_mixin.py:188} INFO - [2024-04-11T19:54:36.463+0000] {dagbag.py:540} INFO - Filling up the DagBag from /opt/airflow/dags/example_dag.py
[2024-04-11T19:54:36.553+0000] {processor.py:840} INFO - DAG(s) 'example_dag' retrieved from /opt/airflow/dags/example_dag.py
[2024-04-11T19:54:36.614+0000] {logging_mixin.py:188} INFO - [2024-04-11T19:54:36.614+0000] {dag.py:3096} INFO - Sync 1 DAGs
[2024-04-11T19:54:36.636+0000] {logging_mixin.py:188} INFO - [2024-04-11T19:54:36.635+0000] {dag.py:3954} INFO - Setting next_dagrun for example_dag to None, run_after=None
[2024-04-11T19:54:36.846+0000] {processor.py:183} INFO - Processing /opt/airflow/dags/example_dag.py took 0.393 seconds
[2024-04-11T19:55:08.266+0000] {processor.py:161} INFO - Started process (PID=177) to work on /opt/airflow/dags/example_dag.py
[2024-04-11T19:55:08.268+0000] {processor.py:830} INFO - Processing file /opt/airflow/dags/example_dag.py for tasks to queue
[2024-04-11T19:55:08.270+0000] {logging_mixin.py:188} INFO - [2024-04-11T19:55:08.270+0000] {dagbag.py:540} INFO - Filling up the DagBag from /opt/airflow/dags/example_dag.py
[2024-04-11T19:55:08.383+0000] {processor.py:840} INFO - DAG(s) 'example_dag' retrieved from /opt/airflow/dags/example_dag.py
[2024-04-11T19:55:08.451+0000] {logging_mixin.py:188} INFO - [2024-04-11T19:55:08.450+0000] {dag.py:3096} INFO - Sync 1 DAGs
[2024-04-11T19:55:08.473+0000] {logging_mixin.py:188} INFO - [2024-04-11T19:55:08.473+0000] {dag.py:3954} INFO - Setting next_dagrun for example_dag to None, run_after=None
[2024-04-11T19:55:08.660+0000] {processor.py:183} INFO - Processing /opt/airflow/dags/example_dag.py took 0.400 seconds
[2024-04-11T19:55:39.651+0000] {processor.py:161} INFO - Started process (PID=179) to work on /opt/airflow/dags/example_dag.py
[2024-04-11T19:55:39.652+0000] {processor.py:830} INFO - Processing file /opt/airflow/dags/example_dag.py for tasks to queue
[2024-04-11T19:55:39.655+0000] {logging_mixin.py:188} INFO - [2024-04-11T19:55:39.654+0000] {dagbag.py:540} INFO - Filling up the DagBag from /opt/airflow/dags/example_dag.py
[2024-04-11T19:55:39.754+0000] {processor.py:840} INFO - DAG(s) 'example_dag' retrieved from /opt/airflow/dags/example_dag.py
[2024-04-11T19:55:39.805+0000] {logging_mixin.py:188} INFO - [2024-04-11T19:55:39.804+0000] {dag.py:3096} INFO - Sync 1 DAGs
[2024-04-11T19:55:39.828+0000] {logging_mixin.py:188} INFO - [2024-04-11T19:55:39.827+0000] {dag.py:3954} INFO - Setting next_dagrun for example_dag to None, run_after=None
[2024-04-11T19:55:40.076+0000] {processor.py:183} INFO - Processing /opt/airflow/dags/example_dag.py took 0.430 seconds
[2024-04-11T19:56:10.403+0000] {processor.py:161} INFO - Started process (PID=181) to work on /opt/airflow/dags/example_dag.py
[2024-04-11T19:56:10.405+0000] {processor.py:830} INFO - Processing file /opt/airflow/dags/example_dag.py for tasks to queue
[2024-04-11T19:56:10.409+0000] {logging_mixin.py:188} INFO - [2024-04-11T19:56:10.408+0000] {dagbag.py:540} INFO - Filling up the DagBag from /opt/airflow/dags/example_dag.py
[2024-04-11T19:56:10.527+0000] {processor.py:840} INFO - DAG(s) 'example_dag' retrieved from /opt/airflow/dags/example_dag.py
[2024-04-11T19:56:10.611+0000] {logging_mixin.py:188} INFO - [2024-04-11T19:56:10.611+0000] {dag.py:3096} INFO - Sync 1 DAGs
[2024-04-11T19:56:10.635+0000] {logging_mixin.py:188} INFO - [2024-04-11T19:56:10.635+0000] {dag.py:3954} INFO - Setting next_dagrun for example_dag to None, run_after=None
[2024-04-11T19:56:10.868+0000] {processor.py:183} INFO - Processing /opt/airflow/dags/example_dag.py took 0.472 seconds
[2024-04-11T19:56:42.113+0000] {processor.py:161} INFO - Started process (PID=183) to work on /opt/airflow/dags/example_dag.py
[2024-04-11T19:56:42.116+0000] {processor.py:830} INFO - Processing file /opt/airflow/dags/example_dag.py for tasks to queue
[2024-04-11T19:56:42.119+0000] {logging_mixin.py:188} INFO - [2024-04-11T19:56:42.119+0000] {dagbag.py:540} INFO - Filling up the DagBag from /opt/airflow/dags/example_dag.py
[2024-04-11T19:56:42.224+0000] {processor.py:840} INFO - DAG(s) 'example_dag' retrieved from /opt/airflow/dags/example_dag.py
[2024-04-11T19:56:42.285+0000] {logging_mixin.py:188} INFO - [2024-04-11T19:56:42.285+0000] {dag.py:3096} INFO - Sync 1 DAGs
[2024-04-11T19:56:42.305+0000] {logging_mixin.py:188} INFO - [2024-04-11T19:56:42.305+0000] {dag.py:3954} INFO - Setting next_dagrun for example_dag to None, run_after=None
[2024-04-11T19:56:42.504+0000] {processor.py:183} INFO - Processing /opt/airflow/dags/example_dag.py took 0.395 seconds
[2024-04-11T19:57:13.242+0000] {processor.py:161} INFO - Started process (PID=185) to work on /opt/airflow/dags/example_dag.py
[2024-04-11T19:57:13.245+0000] {processor.py:830} INFO - Processing file /opt/airflow/dags/example_dag.py for tasks to queue
[2024-04-11T19:57:13.248+0000] {logging_mixin.py:188} INFO - [2024-04-11T19:57:13.248+0000] {dagbag.py:540} INFO - Filling up the DagBag from /opt/airflow/dags/example_dag.py
[2024-04-11T19:57:13.360+0000] {processor.py:840} INFO - DAG(s) 'example_dag' retrieved from /opt/airflow/dags/example_dag.py
[2024-04-11T19:57:13.434+0000] {logging_mixin.py:188} INFO - [2024-04-11T19:57:13.433+0000] {dag.py:3096} INFO - Sync 1 DAGs
[2024-04-11T19:57:13.458+0000] {logging_mixin.py:188} INFO - [2024-04-11T19:57:13.458+0000] {dag.py:3954} INFO - Setting next_dagrun for example_dag to None, run_after=None
[2024-04-11T19:57:13.746+0000] {processor.py:183} INFO - Processing /opt/airflow/dags/example_dag.py took 0.509 seconds
[2024-04-11T19:57:44.224+0000] {processor.py:161} INFO - Started process (PID=187) to work on /opt/airflow/dags/example_dag.py
[2024-04-11T19:57:44.226+0000] {processor.py:830} INFO - Processing file /opt/airflow/dags/example_dag.py for tasks to queue
[2024-04-11T19:57:44.230+0000] {logging_mixin.py:188} INFO - [2024-04-11T19:57:44.229+0000] {dagbag.py:540} INFO - Filling up the DagBag from /opt/airflow/dags/example_dag.py
[2024-04-11T19:57:44.339+0000] {processor.py:840} INFO - DAG(s) 'example_dag' retrieved from /opt/airflow/dags/example_dag.py
[2024-04-11T19:57:44.404+0000] {logging_mixin.py:188} INFO - [2024-04-11T19:57:44.404+0000] {dag.py:3096} INFO - Sync 1 DAGs
[2024-04-11T19:57:44.427+0000] {logging_mixin.py:188} INFO - [2024-04-11T19:57:44.427+0000] {dag.py:3954} INFO - Setting next_dagrun for example_dag to None, run_after=None
[2024-04-11T19:57:44.703+0000] {processor.py:183} INFO - Processing /opt/airflow/dags/example_dag.py took 0.484 seconds
[2024-04-11T19:58:15.356+0000] {processor.py:161} INFO - Started process (PID=189) to work on /opt/airflow/dags/example_dag.py
[2024-04-11T19:58:15.358+0000] {processor.py:830} INFO - Processing file /opt/airflow/dags/example_dag.py for tasks to queue
[2024-04-11T19:58:15.361+0000] {logging_mixin.py:188} INFO - [2024-04-11T19:58:15.360+0000] {dagbag.py:540} INFO - Filling up the DagBag from /opt/airflow/dags/example_dag.py
[2024-04-11T19:58:15.416+0000] {processor.py:840} INFO - DAG(s) 'example_dag' retrieved from /opt/airflow/dags/example_dag.py
[2024-04-11T19:58:15.466+0000] {logging_mixin.py:188} INFO - [2024-04-11T19:58:15.466+0000] {dag.py:3096} INFO - Sync 1 DAGs
[2024-04-11T19:58:15.483+0000] {logging_mixin.py:188} INFO - [2024-04-11T19:58:15.483+0000] {dag.py:3954} INFO - Setting next_dagrun for example_dag to None, run_after=None
[2024-04-11T19:58:15.716+0000] {processor.py:183} INFO - Processing /opt/airflow/dags/example_dag.py took 0.364 seconds
[2024-04-11T19:58:45.961+0000] {processor.py:161} INFO - Started process (PID=191) to work on /opt/airflow/dags/example_dag.py
[2024-04-11T19:58:45.963+0000] {processor.py:830} INFO - Processing file /opt/airflow/dags/example_dag.py for tasks to queue
[2024-04-11T19:58:45.967+0000] {logging_mixin.py:188} INFO - [2024-04-11T19:58:45.966+0000] {dagbag.py:540} INFO - Filling up the DagBag from /opt/airflow/dags/example_dag.py
[2024-04-11T19:58:46.064+0000] {processor.py:840} INFO - DAG(s) 'example_dag' retrieved from /opt/airflow/dags/example_dag.py
[2024-04-11T19:58:46.127+0000] {logging_mixin.py:188} INFO - [2024-04-11T19:58:46.127+0000] {dag.py:3096} INFO - Sync 1 DAGs
[2024-04-11T19:58:46.151+0000] {logging_mixin.py:188} INFO - [2024-04-11T19:58:46.151+0000] {dag.py:3954} INFO - Setting next_dagrun for example_dag to None, run_after=None
[2024-04-11T19:58:46.419+0000] {processor.py:183} INFO - Processing /opt/airflow/dags/example_dag.py took 0.463 seconds
[2024-04-11T19:59:16.631+0000] {processor.py:161} INFO - Started process (PID=193) to work on /opt/airflow/dags/example_dag.py
[2024-04-11T19:59:16.633+0000] {processor.py:830} INFO - Processing file /opt/airflow/dags/example_dag.py for tasks to queue
[2024-04-11T19:59:16.635+0000] {logging_mixin.py:188} INFO - [2024-04-11T19:59:16.635+0000] {dagbag.py:540} INFO - Filling up the DagBag from /opt/airflow/dags/example_dag.py
[2024-04-11T19:59:16.704+0000] {processor.py:840} INFO - DAG(s) 'example_dag' retrieved from /opt/airflow/dags/example_dag.py
[2024-04-11T19:59:16.755+0000] {logging_mixin.py:188} INFO - [2024-04-11T19:59:16.755+0000] {dag.py:3096} INFO - Sync 1 DAGs
[2024-04-11T19:59:16.774+0000] {logging_mixin.py:188} INFO - [2024-04-11T19:59:16.774+0000] {dag.py:3954} INFO - Setting next_dagrun for example_dag to None, run_after=None
[2024-04-11T19:59:16.947+0000] {processor.py:183} INFO - Processing /opt/airflow/dags/example_dag.py took 0.321 seconds
[2024-04-11T19:59:38.651+0000] {processor.py:161} INFO - Started process (PID=195) to work on /opt/airflow/dags/example_dag.py
[2024-04-11T19:59:38.653+0000] {processor.py:830} INFO - Processing file /opt/airflow/dags/example_dag.py for tasks to queue
[2024-04-11T19:59:38.656+0000] {logging_mixin.py:188} INFO - [2024-04-11T19:59:38.656+0000] {dagbag.py:540} INFO - Filling up the DagBag from /opt/airflow/dags/example_dag.py
[2024-04-11T19:59:38.815+0000] {processor.py:840} INFO - DAG(s) 'example_dag' retrieved from /opt/airflow/dags/example_dag.py
[2024-04-11T19:59:38.877+0000] {logging_mixin.py:188} INFO - [2024-04-11T19:59:38.877+0000] {dag.py:3096} INFO - Sync 1 DAGs
[2024-04-11T19:59:38.900+0000] {logging_mixin.py:188} INFO - [2024-04-11T19:59:38.900+0000] {dag.py:3954} INFO - Setting next_dagrun for example_dag to None, run_after=None
[2024-04-11T19:59:39.222+0000] {processor.py:183} INFO - Processing /opt/airflow/dags/example_dag.py took 0.577 seconds
[2024-04-11T20:00:09.854+0000] {processor.py:161} INFO - Started process (PID=197) to work on /opt/airflow/dags/example_dag.py
[2024-04-11T20:00:09.856+0000] {processor.py:830} INFO - Processing file /opt/airflow/dags/example_dag.py for tasks to queue
[2024-04-11T20:00:09.859+0000] {logging_mixin.py:188} INFO - [2024-04-11T20:00:09.858+0000] {dagbag.py:540} INFO - Filling up the DagBag from /opt/airflow/dags/example_dag.py
[2024-04-11T20:00:09.945+0000] {processor.py:840} INFO - DAG(s) 'example_dag' retrieved from /opt/airflow/dags/example_dag.py
[2024-04-11T20:00:10.001+0000] {logging_mixin.py:188} INFO - [2024-04-11T20:00:10.001+0000] {dag.py:3096} INFO - Sync 1 DAGs
[2024-04-11T20:00:10.022+0000] {logging_mixin.py:188} INFO - [2024-04-11T20:00:10.022+0000] {dag.py:3954} INFO - Setting next_dagrun for example_dag to None, run_after=None
[2024-04-11T20:00:10.247+0000] {processor.py:183} INFO - Processing /opt/airflow/dags/example_dag.py took 0.398 seconds
[2024-04-11T20:00:40.548+0000] {processor.py:161} INFO - Started process (PID=199) to work on /opt/airflow/dags/example_dag.py
[2024-04-11T20:00:40.550+0000] {processor.py:830} INFO - Processing file /opt/airflow/dags/example_dag.py for tasks to queue
[2024-04-11T20:00:40.553+0000] {logging_mixin.py:188} INFO - [2024-04-11T20:00:40.552+0000] {dagbag.py:540} INFO - Filling up the DagBag from /opt/airflow/dags/example_dag.py
[2024-04-11T20:00:40.610+0000] {processor.py:840} INFO - DAG(s) 'example_dag' retrieved from /opt/airflow/dags/example_dag.py
[2024-04-11T20:00:40.662+0000] {logging_mixin.py:188} INFO - [2024-04-11T20:00:40.661+0000] {dag.py:3096} INFO - Sync 1 DAGs
[2024-04-11T20:00:40.689+0000] {logging_mixin.py:188} INFO - [2024-04-11T20:00:40.689+0000] {dag.py:3954} INFO - Setting next_dagrun for example_dag to None, run_after=None
[2024-04-11T20:00:40.872+0000] {processor.py:183} INFO - Processing /opt/airflow/dags/example_dag.py took 0.330 seconds
[2024-04-11T20:01:12.305+0000] {processor.py:161} INFO - Started process (PID=201) to work on /opt/airflow/dags/example_dag.py
[2024-04-11T20:01:12.308+0000] {processor.py:830} INFO - Processing file /opt/airflow/dags/example_dag.py for tasks to queue
[2024-04-11T20:01:12.311+0000] {logging_mixin.py:188} INFO - [2024-04-11T20:01:12.311+0000] {dagbag.py:540} INFO - Filling up the DagBag from /opt/airflow/dags/example_dag.py
[2024-04-11T20:01:12.397+0000] {processor.py:840} INFO - DAG(s) 'example_dag' retrieved from /opt/airflow/dags/example_dag.py
[2024-04-11T20:01:12.452+0000] {logging_mixin.py:188} INFO - [2024-04-11T20:01:12.452+0000] {dag.py:3096} INFO - Sync 1 DAGs
[2024-04-11T20:01:12.470+0000] {logging_mixin.py:188} INFO - [2024-04-11T20:01:12.470+0000] {dag.py:3954} INFO - Setting next_dagrun for example_dag to None, run_after=None
[2024-04-11T20:01:12.685+0000] {processor.py:183} INFO - Processing /opt/airflow/dags/example_dag.py took 0.387 seconds
[2024-04-11T20:01:43.005+0000] {processor.py:161} INFO - Started process (PID=203) to work on /opt/airflow/dags/example_dag.py
[2024-04-11T20:01:43.014+0000] {processor.py:830} INFO - Processing file /opt/airflow/dags/example_dag.py for tasks to queue
[2024-04-11T20:01:43.022+0000] {logging_mixin.py:188} INFO - [2024-04-11T20:01:43.021+0000] {dagbag.py:540} INFO - Filling up the DagBag from /opt/airflow/dags/example_dag.py
[2024-04-11T20:01:43.306+0000] {processor.py:840} INFO - DAG(s) 'example_dag' retrieved from /opt/airflow/dags/example_dag.py
[2024-04-11T20:01:43.494+0000] {logging_mixin.py:188} INFO - [2024-04-11T20:01:43.493+0000] {dag.py:3096} INFO - Sync 1 DAGs
[2024-04-11T20:01:43.596+0000] {logging_mixin.py:188} INFO - [2024-04-11T20:01:43.596+0000] {dag.py:3954} INFO - Setting next_dagrun for example_dag to None, run_after=None
[2024-04-11T20:01:44.268+0000] {processor.py:183} INFO - Processing /opt/airflow/dags/example_dag.py took 1.284 seconds
[2024-04-11T20:02:15.039+0000] {processor.py:161} INFO - Started process (PID=205) to work on /opt/airflow/dags/example_dag.py
[2024-04-11T20:02:15.041+0000] {processor.py:830} INFO - Processing file /opt/airflow/dags/example_dag.py for tasks to queue
[2024-04-11T20:02:15.044+0000] {logging_mixin.py:188} INFO - [2024-04-11T20:02:15.043+0000] {dagbag.py:540} INFO - Filling up the DagBag from /opt/airflow/dags/example_dag.py
[2024-04-11T20:02:15.129+0000] {processor.py:840} INFO - DAG(s) 'example_dag' retrieved from /opt/airflow/dags/example_dag.py
[2024-04-11T20:02:15.180+0000] {logging_mixin.py:188} INFO - [2024-04-11T20:02:15.179+0000] {dag.py:3096} INFO - Sync 1 DAGs
[2024-04-11T20:02:15.200+0000] {logging_mixin.py:188} INFO - [2024-04-11T20:02:15.199+0000] {dag.py:3954} INFO - Setting next_dagrun for example_dag to None, run_after=None
[2024-04-11T20:02:15.378+0000] {processor.py:183} INFO - Processing /opt/airflow/dags/example_dag.py took 0.345 seconds
[2024-04-11T20:02:45.582+0000] {processor.py:161} INFO - Started process (PID=207) to work on /opt/airflow/dags/example_dag.py
[2024-04-11T20:02:45.584+0000] {processor.py:830} INFO - Processing file /opt/airflow/dags/example_dag.py for tasks to queue
[2024-04-11T20:02:45.586+0000] {logging_mixin.py:188} INFO - [2024-04-11T20:02:45.586+0000] {dagbag.py:540} INFO - Filling up the DagBag from /opt/airflow/dags/example_dag.py
[2024-04-11T20:02:45.674+0000] {processor.py:840} INFO - DAG(s) 'example_dag' retrieved from /opt/airflow/dags/example_dag.py
[2024-04-11T20:02:45.728+0000] {logging_mixin.py:188} INFO - [2024-04-11T20:02:45.728+0000] {dag.py:3096} INFO - Sync 1 DAGs
[2024-04-11T20:02:45.750+0000] {logging_mixin.py:188} INFO - [2024-04-11T20:02:45.750+0000] {dag.py:3954} INFO - Setting next_dagrun for example_dag to None, run_after=None
[2024-04-11T20:02:45.964+0000] {processor.py:183} INFO - Processing /opt/airflow/dags/example_dag.py took 0.388 seconds
[2024-04-11T20:03:16.184+0000] {processor.py:161} INFO - Started process (PID=209) to work on /opt/airflow/dags/example_dag.py
[2024-04-11T20:03:16.186+0000] {processor.py:830} INFO - Processing file /opt/airflow/dags/example_dag.py for tasks to queue
[2024-04-11T20:03:16.188+0000] {logging_mixin.py:188} INFO - [2024-04-11T20:03:16.188+0000] {dagbag.py:540} INFO - Filling up the DagBag from /opt/airflow/dags/example_dag.py
[2024-04-11T20:03:16.248+0000] {processor.py:840} INFO - DAG(s) 'example_dag' retrieved from /opt/airflow/dags/example_dag.py
[2024-04-11T20:03:16.291+0000] {logging_mixin.py:188} INFO - [2024-04-11T20:03:16.291+0000] {dag.py:3096} INFO - Sync 1 DAGs
[2024-04-11T20:03:16.310+0000] {logging_mixin.py:188} INFO - [2024-04-11T20:03:16.310+0000] {dag.py:3954} INFO - Setting next_dagrun for example_dag to None, run_after=None
[2024-04-11T20:03:16.494+0000] {processor.py:183} INFO - Processing /opt/airflow/dags/example_dag.py took 0.315 seconds
[2024-04-11T20:03:47.754+0000] {processor.py:161} INFO - Started process (PID=211) to work on /opt/airflow/dags/example_dag.py
[2024-04-11T20:03:47.755+0000] {processor.py:830} INFO - Processing file /opt/airflow/dags/example_dag.py for tasks to queue
[2024-04-11T20:03:47.757+0000] {logging_mixin.py:188} INFO - [2024-04-11T20:03:47.757+0000] {dagbag.py:540} INFO - Filling up the DagBag from /opt/airflow/dags/example_dag.py
[2024-04-11T20:03:47.838+0000] {processor.py:840} INFO - DAG(s) 'example_dag' retrieved from /opt/airflow/dags/example_dag.py
[2024-04-11T20:03:47.907+0000] {logging_mixin.py:188} INFO - [2024-04-11T20:03:47.907+0000] {dag.py:3096} INFO - Sync 1 DAGs
[2024-04-11T20:03:47.929+0000] {logging_mixin.py:188} INFO - [2024-04-11T20:03:47.929+0000] {dag.py:3954} INFO - Setting next_dagrun for example_dag to None, run_after=None
[2024-04-11T20:03:48.092+0000] {processor.py:183} INFO - Processing /opt/airflow/dags/example_dag.py took 0.344 seconds
[2024-04-11T20:04:19.379+0000] {processor.py:161} INFO - Started process (PID=213) to work on /opt/airflow/dags/example_dag.py
[2024-04-11T20:04:19.381+0000] {processor.py:830} INFO - Processing file /opt/airflow/dags/example_dag.py for tasks to queue
[2024-04-11T20:04:19.384+0000] {logging_mixin.py:188} INFO - [2024-04-11T20:04:19.383+0000] {dagbag.py:540} INFO - Filling up the DagBag from /opt/airflow/dags/example_dag.py
[2024-04-11T20:04:19.473+0000] {processor.py:840} INFO - DAG(s) 'example_dag' retrieved from /opt/airflow/dags/example_dag.py
[2024-04-11T20:04:19.538+0000] {logging_mixin.py:188} INFO - [2024-04-11T20:04:19.537+0000] {dag.py:3096} INFO - Sync 1 DAGs
[2024-04-11T20:04:19.562+0000] {logging_mixin.py:188} INFO - [2024-04-11T20:04:19.562+0000] {dag.py:3954} INFO - Setting next_dagrun for example_dag to None, run_after=None
[2024-04-11T20:04:19.760+0000] {processor.py:183} INFO - Processing /opt/airflow/dags/example_dag.py took 0.385 seconds
[2024-04-11T20:04:50.745+0000] {processor.py:161} INFO - Started process (PID=215) to work on /opt/airflow/dags/example_dag.py
[2024-04-11T20:04:50.746+0000] {processor.py:830} INFO - Processing file /opt/airflow/dags/example_dag.py for tasks to queue
[2024-04-11T20:04:50.749+0000] {logging_mixin.py:188} INFO - [2024-04-11T20:04:50.748+0000] {dagbag.py:540} INFO - Filling up the DagBag from /opt/airflow/dags/example_dag.py
[2024-04-11T20:04:50.824+0000] {processor.py:840} INFO - DAG(s) 'example_dag' retrieved from /opt/airflow/dags/example_dag.py
[2024-04-11T20:04:50.867+0000] {logging_mixin.py:188} INFO - [2024-04-11T20:04:50.866+0000] {dag.py:3096} INFO - Sync 1 DAGs
[2024-04-11T20:04:50.886+0000] {logging_mixin.py:188} INFO - [2024-04-11T20:04:50.886+0000] {dag.py:3954} INFO - Setting next_dagrun for example_dag to None, run_after=None
[2024-04-11T20:04:51.051+0000] {processor.py:183} INFO - Processing /opt/airflow/dags/example_dag.py took 0.311 seconds
[2024-04-11T20:05:21.240+0000] {processor.py:161} INFO - Started process (PID=217) to work on /opt/airflow/dags/example_dag.py
[2024-04-11T20:05:21.241+0000] {processor.py:830} INFO - Processing file /opt/airflow/dags/example_dag.py for tasks to queue
[2024-04-11T20:05:21.244+0000] {logging_mixin.py:188} INFO - [2024-04-11T20:05:21.244+0000] {dagbag.py:540} INFO - Filling up the DagBag from /opt/airflow/dags/example_dag.py
[2024-04-11T20:05:21.297+0000] {processor.py:840} INFO - DAG(s) 'example_dag' retrieved from /opt/airflow/dags/example_dag.py
[2024-04-11T20:05:21.350+0000] {logging_mixin.py:188} INFO - [2024-04-11T20:05:21.350+0000] {dag.py:3096} INFO - Sync 1 DAGs
[2024-04-11T20:05:21.368+0000] {logging_mixin.py:188} INFO - [2024-04-11T20:05:21.368+0000] {dag.py:3954} INFO - Setting next_dagrun for example_dag to None, run_after=None
[2024-04-11T20:05:21.535+0000] {processor.py:183} INFO - Processing /opt/airflow/dags/example_dag.py took 0.300 seconds
[2024-04-11T20:05:52.722+0000] {processor.py:161} INFO - Started process (PID=219) to work on /opt/airflow/dags/example_dag.py
[2024-04-11T20:05:52.724+0000] {processor.py:830} INFO - Processing file /opt/airflow/dags/example_dag.py for tasks to queue
[2024-04-11T20:05:52.726+0000] {logging_mixin.py:188} INFO - [2024-04-11T20:05:52.725+0000] {dagbag.py:540} INFO - Filling up the DagBag from /opt/airflow/dags/example_dag.py
[2024-04-11T20:05:52.799+0000] {processor.py:840} INFO - DAG(s) 'example_dag' retrieved from /opt/airflow/dags/example_dag.py
[2024-04-11T20:05:52.848+0000] {logging_mixin.py:188} INFO - [2024-04-11T20:05:52.847+0000] {dag.py:3096} INFO - Sync 1 DAGs
[2024-04-11T20:05:52.866+0000] {logging_mixin.py:188} INFO - [2024-04-11T20:05:52.866+0000] {dag.py:3954} INFO - Setting next_dagrun for example_dag to None, run_after=None
[2024-04-11T20:05:53.042+0000] {processor.py:183} INFO - Processing /opt/airflow/dags/example_dag.py took 0.325 seconds
[2024-04-11T20:06:23.865+0000] {processor.py:161} INFO - Started process (PID=221) to work on /opt/airflow/dags/example_dag.py
[2024-04-11T20:06:23.867+0000] {processor.py:830} INFO - Processing file /opt/airflow/dags/example_dag.py for tasks to queue
[2024-04-11T20:06:23.870+0000] {logging_mixin.py:188} INFO - [2024-04-11T20:06:23.870+0000] {dagbag.py:540} INFO - Filling up the DagBag from /opt/airflow/dags/example_dag.py
[2024-04-11T20:06:23.958+0000] {processor.py:840} INFO - DAG(s) 'example_dag' retrieved from /opt/airflow/dags/example_dag.py
[2024-04-11T20:06:24.031+0000] {logging_mixin.py:188} INFO - [2024-04-11T20:06:24.031+0000] {dag.py:3096} INFO - Sync 1 DAGs
[2024-04-11T20:06:24.053+0000] {logging_mixin.py:188} INFO - [2024-04-11T20:06:24.052+0000] {dag.py:3954} INFO - Setting next_dagrun for example_dag to None, run_after=None
[2024-04-11T20:06:24.219+0000] {processor.py:183} INFO - Processing /opt/airflow/dags/example_dag.py took 0.358 seconds
[2024-04-11T20:06:54.887+0000] {processor.py:161} INFO - Started process (PID=223) to work on /opt/airflow/dags/example_dag.py
[2024-04-11T20:06:54.889+0000] {processor.py:830} INFO - Processing file /opt/airflow/dags/example_dag.py for tasks to queue
[2024-04-11T20:06:54.892+0000] {logging_mixin.py:188} INFO - [2024-04-11T20:06:54.892+0000] {dagbag.py:540} INFO - Filling up the DagBag from /opt/airflow/dags/example_dag.py
[2024-04-11T20:06:55.000+0000] {processor.py:840} INFO - DAG(s) 'example_dag' retrieved from /opt/airflow/dags/example_dag.py
[2024-04-11T20:06:55.074+0000] {logging_mixin.py:188} INFO - [2024-04-11T20:06:55.073+0000] {dag.py:3096} INFO - Sync 1 DAGs
[2024-04-11T20:06:55.097+0000] {logging_mixin.py:188} INFO - [2024-04-11T20:06:55.097+0000] {dag.py:3954} INFO - Setting next_dagrun for example_dag to None, run_after=None
[2024-04-11T20:06:55.304+0000] {processor.py:183} INFO - Processing /opt/airflow/dags/example_dag.py took 0.424 seconds
[2024-04-11T20:07:25.978+0000] {processor.py:161} INFO - Started process (PID=225) to work on /opt/airflow/dags/example_dag.py
[2024-04-11T20:07:25.980+0000] {processor.py:830} INFO - Processing file /opt/airflow/dags/example_dag.py for tasks to queue
[2024-04-11T20:07:25.983+0000] {logging_mixin.py:188} INFO - [2024-04-11T20:07:25.982+0000] {dagbag.py:540} INFO - Filling up the DagBag from /opt/airflow/dags/example_dag.py
[2024-04-11T20:07:26.078+0000] {processor.py:840} INFO - DAG(s) 'example_dag' retrieved from /opt/airflow/dags/example_dag.py
[2024-04-11T20:07:26.138+0000] {logging_mixin.py:188} INFO - [2024-04-11T20:07:26.138+0000] {dag.py:3096} INFO - Sync 1 DAGs
[2024-04-11T20:07:26.157+0000] {logging_mixin.py:188} INFO - [2024-04-11T20:07:26.157+0000] {dag.py:3954} INFO - Setting next_dagrun for example_dag to None, run_after=None
[2024-04-11T20:07:26.365+0000] {processor.py:183} INFO - Processing /opt/airflow/dags/example_dag.py took 0.392 seconds
[2024-04-11T20:07:57.238+0000] {processor.py:161} INFO - Started process (PID=227) to work on /opt/airflow/dags/example_dag.py
[2024-04-11T20:07:57.240+0000] {processor.py:830} INFO - Processing file /opt/airflow/dags/example_dag.py for tasks to queue
[2024-04-11T20:07:57.243+0000] {logging_mixin.py:188} INFO - [2024-04-11T20:07:57.242+0000] {dagbag.py:540} INFO - Filling up the DagBag from /opt/airflow/dags/example_dag.py
[2024-04-11T20:07:57.324+0000] {processor.py:840} INFO - DAG(s) 'example_dag' retrieved from /opt/airflow/dags/example_dag.py
[2024-04-11T20:07:57.377+0000] {logging_mixin.py:188} INFO - [2024-04-11T20:07:57.377+0000] {dag.py:3096} INFO - Sync 1 DAGs
[2024-04-11T20:07:57.393+0000] {logging_mixin.py:188} INFO - [2024-04-11T20:07:57.393+0000] {dag.py:3954} INFO - Setting next_dagrun for example_dag to None, run_after=None
[2024-04-11T20:07:57.581+0000] {processor.py:183} INFO - Processing /opt/airflow/dags/example_dag.py took 0.348 seconds
[2024-04-11T20:08:27.926+0000] {processor.py:161} INFO - Started process (PID=229) to work on /opt/airflow/dags/example_dag.py
[2024-04-11T20:08:27.929+0000] {processor.py:830} INFO - Processing file /opt/airflow/dags/example_dag.py for tasks to queue
[2024-04-11T20:08:27.932+0000] {logging_mixin.py:188} INFO - [2024-04-11T20:08:27.932+0000] {dagbag.py:540} INFO - Filling up the DagBag from /opt/airflow/dags/example_dag.py
[2024-04-11T20:08:28.012+0000] {processor.py:840} INFO - DAG(s) 'example_dag' retrieved from /opt/airflow/dags/example_dag.py
[2024-04-11T20:08:28.076+0000] {logging_mixin.py:188} INFO - [2024-04-11T20:08:28.076+0000] {dag.py:3096} INFO - Sync 1 DAGs
[2024-04-11T20:08:28.102+0000] {logging_mixin.py:188} INFO - [2024-04-11T20:08:28.102+0000] {dag.py:3954} INFO - Setting next_dagrun for example_dag to None, run_after=None
[2024-04-11T20:08:28.326+0000] {processor.py:183} INFO - Processing /opt/airflow/dags/example_dag.py took 0.404 seconds
[2024-04-11T20:08:59.101+0000] {processor.py:161} INFO - Started process (PID=231) to work on /opt/airflow/dags/example_dag.py
[2024-04-11T20:08:59.103+0000] {processor.py:830} INFO - Processing file /opt/airflow/dags/example_dag.py for tasks to queue
[2024-04-11T20:08:59.106+0000] {logging_mixin.py:188} INFO - [2024-04-11T20:08:59.106+0000] {dagbag.py:540} INFO - Filling up the DagBag from /opt/airflow/dags/example_dag.py
[2024-04-11T20:08:59.164+0000] {processor.py:840} INFO - DAG(s) 'example_dag' retrieved from /opt/airflow/dags/example_dag.py
[2024-04-11T20:08:59.225+0000] {logging_mixin.py:188} INFO - [2024-04-11T20:08:59.224+0000] {dag.py:3096} INFO - Sync 1 DAGs
[2024-04-11T20:08:59.248+0000] {logging_mixin.py:188} INFO - [2024-04-11T20:08:59.248+0000] {dag.py:3954} INFO - Setting next_dagrun for example_dag to None, run_after=None
[2024-04-11T20:08:59.385+0000] {processor.py:183} INFO - Processing /opt/airflow/dags/example_dag.py took 0.289 seconds
[2024-04-11T20:09:29.919+0000] {processor.py:161} INFO - Started process (PID=233) to work on /opt/airflow/dags/example_dag.py
[2024-04-11T20:09:29.920+0000] {processor.py:830} INFO - Processing file /opt/airflow/dags/example_dag.py for tasks to queue
[2024-04-11T20:09:29.922+0000] {logging_mixin.py:188} INFO - [2024-04-11T20:09:29.922+0000] {dagbag.py:540} INFO - Filling up the DagBag from /opt/airflow/dags/example_dag.py
[2024-04-11T20:09:29.975+0000] {processor.py:840} INFO - DAG(s) 'example_dag' retrieved from /opt/airflow/dags/example_dag.py
[2024-04-11T20:09:30.031+0000] {logging_mixin.py:188} INFO - [2024-04-11T20:09:30.031+0000] {dag.py:3096} INFO - Sync 1 DAGs
[2024-04-11T20:09:30.051+0000] {logging_mixin.py:188} INFO - [2024-04-11T20:09:30.051+0000] {dag.py:3954} INFO - Setting next_dagrun for example_dag to None, run_after=None
[2024-04-11T20:09:30.280+0000] {processor.py:183} INFO - Processing /opt/airflow/dags/example_dag.py took 0.366 seconds
[2024-04-11T20:10:00.835+0000] {processor.py:161} INFO - Started process (PID=235) to work on /opt/airflow/dags/example_dag.py
[2024-04-11T20:10:00.837+0000] {processor.py:830} INFO - Processing file /opt/airflow/dags/example_dag.py for tasks to queue
[2024-04-11T20:10:00.840+0000] {logging_mixin.py:188} INFO - [2024-04-11T20:10:00.839+0000] {dagbag.py:540} INFO - Filling up the DagBag from /opt/airflow/dags/example_dag.py
[2024-04-11T20:10:00.905+0000] {processor.py:840} INFO - DAG(s) 'example_dag' retrieved from /opt/airflow/dags/example_dag.py
[2024-04-11T20:10:00.959+0000] {logging_mixin.py:188} INFO - [2024-04-11T20:10:00.958+0000] {dag.py:3096} INFO - Sync 1 DAGs
[2024-04-11T20:10:00.979+0000] {logging_mixin.py:188} INFO - [2024-04-11T20:10:00.979+0000] {dag.py:3954} INFO - Setting next_dagrun for example_dag to None, run_after=None
[2024-04-11T20:10:01.162+0000] {processor.py:183} INFO - Processing /opt/airflow/dags/example_dag.py took 0.334 seconds
[2024-04-11T20:10:31.855+0000] {processor.py:161} INFO - Started process (PID=237) to work on /opt/airflow/dags/example_dag.py
[2024-04-11T20:10:31.857+0000] {processor.py:830} INFO - Processing file /opt/airflow/dags/example_dag.py for tasks to queue
[2024-04-11T20:10:31.860+0000] {logging_mixin.py:188} INFO - [2024-04-11T20:10:31.859+0000] {dagbag.py:540} INFO - Filling up the DagBag from /opt/airflow/dags/example_dag.py
[2024-04-11T20:10:31.948+0000] {processor.py:840} INFO - DAG(s) 'example_dag' retrieved from /opt/airflow/dags/example_dag.py
[2024-04-11T20:10:31.991+0000] {logging_mixin.py:188} INFO - [2024-04-11T20:10:31.991+0000] {dag.py:3096} INFO - Sync 1 DAGs
[2024-04-11T20:10:32.011+0000] {logging_mixin.py:188} INFO - [2024-04-11T20:10:32.011+0000] {dag.py:3954} INFO - Setting next_dagrun for example_dag to None, run_after=None
[2024-04-11T20:10:32.203+0000] {processor.py:183} INFO - Processing /opt/airflow/dags/example_dag.py took 0.357 seconds
