[2024-04-11T19:34:20.508+0000] {processor.py:161} INFO - Started process (PID=87) to work on /opt/airflow/dags/welcome.py
[2024-04-11T19:34:20.513+0000] {processor.py:830} INFO - Processing file /opt/airflow/dags/welcome.py for tasks to queue
[2024-04-11T19:34:20.518+0000] {logging_mixin.py:188} INFO - [2024-04-11T19:34:20.516+0000] {dagbag.py:540} INFO - Filling up the DagBag from /opt/airflow/dags/welcome.py
[2024-04-11T19:34:20.681+0000] {processor.py:840} INFO - DAG(s) 'welcome_dag' retrieved from /opt/airflow/dags/welcome.py
[2024-04-11T19:34:21.355+0000] {logging_mixin.py:188} INFO - [2024-04-11T19:34:21.353+0000] {override.py:1829} INFO - Created Permission View: can delete on DAG:welcome_dag
[2024-04-11T19:34:21.646+0000] {logging_mixin.py:188} INFO - [2024-04-11T19:34:21.645+0000] {override.py:1829} INFO - Created Permission View: can read on DAG:welcome_dag
[2024-04-11T19:34:21.962+0000] {logging_mixin.py:188} INFO - [2024-04-11T19:34:21.961+0000] {override.py:1829} INFO - Created Permission View: can edit on DAG:welcome_dag
[2024-04-11T19:34:21.964+0000] {logging_mixin.py:188} INFO - [2024-04-11T19:34:21.963+0000] {dag.py:3096} INFO - Sync 1 DAGs
[2024-04-11T19:34:22.052+0000] {logging_mixin.py:188} INFO - [2024-04-11T19:34:22.051+0000] {dag.py:3118} INFO - Creating ORM DAG for welcome_dag
[2024-04-11T19:34:22.203+0000] {logging_mixin.py:188} INFO - [2024-04-11T19:34:22.202+0000] {dag.py:3954} INFO - Setting next_dagrun for welcome_dag to 2024-04-10 23:00:00+00:00, run_after=2024-04-11 23:00:00+00:00
[2024-04-11T19:34:22.862+0000] {processor.py:183} INFO - Processing /opt/airflow/dags/welcome.py took 2.368 seconds
[2024-04-11T19:34:53.801+0000] {processor.py:161} INFO - Started process (PID=88) to work on /opt/airflow/dags/welcome.py
[2024-04-11T19:34:53.803+0000] {processor.py:830} INFO - Processing file /opt/airflow/dags/welcome.py for tasks to queue
[2024-04-11T19:34:53.806+0000] {logging_mixin.py:188} INFO - [2024-04-11T19:34:53.805+0000] {dagbag.py:540} INFO - Filling up the DagBag from /opt/airflow/dags/welcome.py
[2024-04-11T19:34:53.893+0000] {processor.py:840} INFO - DAG(s) 'welcome_dag' retrieved from /opt/airflow/dags/welcome.py
[2024-04-11T19:34:53.955+0000] {logging_mixin.py:188} INFO - [2024-04-11T19:34:53.954+0000] {dag.py:3096} INFO - Sync 1 DAGs
[2024-04-11T19:34:54.012+0000] {logging_mixin.py:188} INFO - [2024-04-11T19:34:54.012+0000] {dag.py:3954} INFO - Setting next_dagrun for welcome_dag to 2024-04-10 23:00:00+00:00, run_after=2024-04-11 23:00:00+00:00
[2024-04-11T19:34:54.335+0000] {processor.py:183} INFO - Processing /opt/airflow/dags/welcome.py took 0.539 seconds
[2024-04-11T19:35:25.381+0000] {processor.py:161} INFO - Started process (PID=89) to work on /opt/airflow/dags/welcome.py
[2024-04-11T19:35:25.383+0000] {processor.py:830} INFO - Processing file /opt/airflow/dags/welcome.py for tasks to queue
[2024-04-11T19:35:25.386+0000] {logging_mixin.py:188} INFO - [2024-04-11T19:35:25.385+0000] {dagbag.py:540} INFO - Filling up the DagBag from /opt/airflow/dags/welcome.py
[2024-04-11T19:35:25.461+0000] {processor.py:840} INFO - DAG(s) 'welcome_dag' retrieved from /opt/airflow/dags/welcome.py
[2024-04-11T19:35:25.523+0000] {logging_mixin.py:188} INFO - [2024-04-11T19:35:25.523+0000] {dag.py:3096} INFO - Sync 1 DAGs
[2024-04-11T19:35:25.569+0000] {logging_mixin.py:188} INFO - [2024-04-11T19:35:25.569+0000] {dag.py:3954} INFO - Setting next_dagrun for welcome_dag to 2024-04-10 23:00:00+00:00, run_after=2024-04-11 23:00:00+00:00
[2024-04-11T19:35:25.814+0000] {processor.py:183} INFO - Processing /opt/airflow/dags/welcome.py took 0.438 seconds
[2024-04-11T19:35:56.915+0000] {processor.py:161} INFO - Started process (PID=90) to work on /opt/airflow/dags/welcome.py
[2024-04-11T19:35:56.917+0000] {processor.py:830} INFO - Processing file /opt/airflow/dags/welcome.py for tasks to queue
[2024-04-11T19:35:56.920+0000] {logging_mixin.py:188} INFO - [2024-04-11T19:35:56.920+0000] {dagbag.py:540} INFO - Filling up the DagBag from /opt/airflow/dags/welcome.py
[2024-04-11T19:35:57.016+0000] {processor.py:840} INFO - DAG(s) 'welcome_dag' retrieved from /opt/airflow/dags/welcome.py
[2024-04-11T19:35:57.082+0000] {logging_mixin.py:188} INFO - [2024-04-11T19:35:57.082+0000] {dag.py:3096} INFO - Sync 1 DAGs
[2024-04-11T19:35:57.135+0000] {logging_mixin.py:188} INFO - [2024-04-11T19:35:57.135+0000] {dag.py:3954} INFO - Setting next_dagrun for welcome_dag to 2024-04-10 23:00:00+00:00, run_after=2024-04-11 23:00:00+00:00
[2024-04-11T19:35:57.355+0000] {processor.py:183} INFO - Processing /opt/airflow/dags/welcome.py took 0.444 seconds
[2024-04-11T19:36:27.747+0000] {processor.py:161} INFO - Started process (PID=104) to work on /opt/airflow/dags/welcome.py
[2024-04-11T19:36:27.749+0000] {processor.py:830} INFO - Processing file /opt/airflow/dags/welcome.py for tasks to queue
[2024-04-11T19:36:27.752+0000] {logging_mixin.py:188} INFO - [2024-04-11T19:36:27.751+0000] {dagbag.py:540} INFO - Filling up the DagBag from /opt/airflow/dags/welcome.py
[2024-04-11T19:36:27.841+0000] {processor.py:840} INFO - DAG(s) 'welcome_dag' retrieved from /opt/airflow/dags/welcome.py
[2024-04-11T19:36:27.898+0000] {logging_mixin.py:188} INFO - [2024-04-11T19:36:27.897+0000] {dag.py:3096} INFO - Sync 1 DAGs
[2024-04-11T19:36:27.943+0000] {logging_mixin.py:188} INFO - [2024-04-11T19:36:27.942+0000] {dag.py:3954} INFO - Setting next_dagrun for welcome_dag to 2024-04-10 23:00:00+00:00, run_after=2024-04-11 23:00:00+00:00
[2024-04-11T19:36:28.114+0000] {processor.py:183} INFO - Processing /opt/airflow/dags/welcome.py took 0.371 seconds
[2024-04-11T19:36:59.254+0000] {processor.py:161} INFO - Started process (PID=131) to work on /opt/airflow/dags/welcome.py
[2024-04-11T19:36:59.256+0000] {processor.py:830} INFO - Processing file /opt/airflow/dags/welcome.py for tasks to queue
[2024-04-11T19:36:59.258+0000] {logging_mixin.py:188} INFO - [2024-04-11T19:36:59.258+0000] {dagbag.py:540} INFO - Filling up the DagBag from /opt/airflow/dags/welcome.py
[2024-04-11T19:36:59.333+0000] {processor.py:840} INFO - DAG(s) 'welcome_dag' retrieved from /opt/airflow/dags/welcome.py
[2024-04-11T19:36:59.385+0000] {logging_mixin.py:188} INFO - [2024-04-11T19:36:59.384+0000] {dag.py:3096} INFO - Sync 1 DAGs
[2024-04-11T19:36:59.429+0000] {logging_mixin.py:188} INFO - [2024-04-11T19:36:59.428+0000] {dag.py:3954} INFO - Setting next_dagrun for welcome_dag to 2024-04-10 23:00:00+00:00, run_after=2024-04-11 23:00:00+00:00
[2024-04-11T19:36:59.594+0000] {processor.py:183} INFO - Processing /opt/airflow/dags/welcome.py took 0.345 seconds
[2024-04-11T19:37:30.548+0000] {processor.py:161} INFO - Started process (PID=132) to work on /opt/airflow/dags/welcome.py
[2024-04-11T19:37:30.549+0000] {processor.py:830} INFO - Processing file /opt/airflow/dags/welcome.py for tasks to queue
[2024-04-11T19:37:30.552+0000] {logging_mixin.py:188} INFO - [2024-04-11T19:37:30.551+0000] {dagbag.py:540} INFO - Filling up the DagBag from /opt/airflow/dags/welcome.py
[2024-04-11T19:37:30.640+0000] {processor.py:840} INFO - DAG(s) 'welcome_dag' retrieved from /opt/airflow/dags/welcome.py
[2024-04-11T19:37:30.695+0000] {logging_mixin.py:188} INFO - [2024-04-11T19:37:30.695+0000] {dag.py:3096} INFO - Sync 1 DAGs
[2024-04-11T19:37:30.742+0000] {logging_mixin.py:188} INFO - [2024-04-11T19:37:30.741+0000] {dag.py:3954} INFO - Setting next_dagrun for welcome_dag to 2024-04-10 23:00:00+00:00, run_after=2024-04-11 23:00:00+00:00
[2024-04-11T19:37:30.939+0000] {processor.py:183} INFO - Processing /opt/airflow/dags/welcome.py took 0.396 seconds
[2024-04-11T19:38:01.331+0000] {processor.py:161} INFO - Started process (PID=133) to work on /opt/airflow/dags/welcome.py
[2024-04-11T19:38:01.333+0000] {processor.py:830} INFO - Processing file /opt/airflow/dags/welcome.py for tasks to queue
[2024-04-11T19:38:01.337+0000] {logging_mixin.py:188} INFO - [2024-04-11T19:38:01.337+0000] {dagbag.py:540} INFO - Filling up the DagBag from /opt/airflow/dags/welcome.py
[2024-04-11T19:38:01.423+0000] {processor.py:840} INFO - DAG(s) 'welcome_dag' retrieved from /opt/airflow/dags/welcome.py
[2024-04-11T19:38:01.485+0000] {logging_mixin.py:188} INFO - [2024-04-11T19:38:01.485+0000] {dag.py:3096} INFO - Sync 1 DAGs
[2024-04-11T19:38:01.532+0000] {logging_mixin.py:188} INFO - [2024-04-11T19:38:01.532+0000] {dag.py:3954} INFO - Setting next_dagrun for welcome_dag to 2024-04-10 23:00:00+00:00, run_after=2024-04-11 23:00:00+00:00
[2024-04-11T19:38:01.712+0000] {processor.py:183} INFO - Processing /opt/airflow/dags/welcome.py took 0.386 seconds
[2024-04-11T19:38:32.890+0000] {processor.py:161} INFO - Started process (PID=134) to work on /opt/airflow/dags/welcome.py
[2024-04-11T19:38:32.891+0000] {processor.py:830} INFO - Processing file /opt/airflow/dags/welcome.py for tasks to queue
[2024-04-11T19:38:32.894+0000] {logging_mixin.py:188} INFO - [2024-04-11T19:38:32.894+0000] {dagbag.py:540} INFO - Filling up the DagBag from /opt/airflow/dags/welcome.py
[2024-04-11T19:38:32.959+0000] {processor.py:840} INFO - DAG(s) 'welcome_dag' retrieved from /opt/airflow/dags/welcome.py
[2024-04-11T19:38:33.009+0000] {logging_mixin.py:188} INFO - [2024-04-11T19:38:33.008+0000] {dag.py:3096} INFO - Sync 1 DAGs
[2024-04-11T19:38:33.047+0000] {logging_mixin.py:188} INFO - [2024-04-11T19:38:33.047+0000] {dag.py:3954} INFO - Setting next_dagrun for welcome_dag to 2024-04-10 23:00:00+00:00, run_after=2024-04-11 23:00:00+00:00
[2024-04-11T19:38:33.216+0000] {processor.py:183} INFO - Processing /opt/airflow/dags/welcome.py took 0.330 seconds
[2024-04-11T19:39:03.468+0000] {processor.py:161} INFO - Started process (PID=135) to work on /opt/airflow/dags/welcome.py
[2024-04-11T19:39:03.470+0000] {processor.py:830} INFO - Processing file /opt/airflow/dags/welcome.py for tasks to queue
[2024-04-11T19:39:03.475+0000] {logging_mixin.py:188} INFO - [2024-04-11T19:39:03.474+0000] {dagbag.py:540} INFO - Filling up the DagBag from /opt/airflow/dags/welcome.py
[2024-04-11T19:39:03.535+0000] {processor.py:840} INFO - DAG(s) 'welcome_dag' retrieved from /opt/airflow/dags/welcome.py
[2024-04-11T19:39:03.598+0000] {logging_mixin.py:188} INFO - [2024-04-11T19:39:03.598+0000] {dag.py:3096} INFO - Sync 1 DAGs
[2024-04-11T19:39:03.657+0000] {logging_mixin.py:188} INFO - [2024-04-11T19:39:03.656+0000] {dag.py:3954} INFO - Setting next_dagrun for welcome_dag to 2024-04-10 23:00:00+00:00, run_after=2024-04-11 23:00:00+00:00
[2024-04-11T19:39:03.851+0000] {processor.py:183} INFO - Processing /opt/airflow/dags/welcome.py took 0.394 seconds
[2024-04-11T19:39:35.055+0000] {processor.py:161} INFO - Started process (PID=136) to work on /opt/airflow/dags/welcome.py
[2024-04-11T19:39:35.058+0000] {processor.py:830} INFO - Processing file /opt/airflow/dags/welcome.py for tasks to queue
[2024-04-11T19:39:35.062+0000] {logging_mixin.py:188} INFO - [2024-04-11T19:39:35.061+0000] {dagbag.py:540} INFO - Filling up the DagBag from /opt/airflow/dags/welcome.py
[2024-04-11T19:39:35.160+0000] {processor.py:840} INFO - DAG(s) 'welcome_dag' retrieved from /opt/airflow/dags/welcome.py
[2024-04-11T19:39:35.221+0000] {logging_mixin.py:188} INFO - [2024-04-11T19:39:35.221+0000] {dag.py:3096} INFO - Sync 1 DAGs
[2024-04-11T19:39:35.265+0000] {logging_mixin.py:188} INFO - [2024-04-11T19:39:35.265+0000] {dag.py:3954} INFO - Setting next_dagrun for welcome_dag to 2024-04-10 23:00:00+00:00, run_after=2024-04-11 23:00:00+00:00
[2024-04-11T19:39:35.480+0000] {processor.py:183} INFO - Processing /opt/airflow/dags/welcome.py took 0.437 seconds
[2024-04-11T19:40:06.675+0000] {processor.py:161} INFO - Started process (PID=137) to work on /opt/airflow/dags/welcome.py
[2024-04-11T19:40:06.677+0000] {processor.py:830} INFO - Processing file /opt/airflow/dags/welcome.py for tasks to queue
[2024-04-11T19:40:06.681+0000] {logging_mixin.py:188} INFO - [2024-04-11T19:40:06.681+0000] {dagbag.py:540} INFO - Filling up the DagBag from /opt/airflow/dags/welcome.py
[2024-04-11T19:40:06.747+0000] {processor.py:840} INFO - DAG(s) 'welcome_dag' retrieved from /opt/airflow/dags/welcome.py
[2024-04-11T19:40:06.796+0000] {logging_mixin.py:188} INFO - [2024-04-11T19:40:06.796+0000] {dag.py:3096} INFO - Sync 1 DAGs
[2024-04-11T19:40:06.837+0000] {logging_mixin.py:188} INFO - [2024-04-11T19:40:06.837+0000] {dag.py:3954} INFO - Setting next_dagrun for welcome_dag to 2024-04-10 23:00:00+00:00, run_after=2024-04-11 23:00:00+00:00
[2024-04-11T19:40:07.021+0000] {processor.py:183} INFO - Processing /opt/airflow/dags/welcome.py took 0.351 seconds
[2024-04-11T19:40:37.561+0000] {processor.py:161} INFO - Started process (PID=138) to work on /opt/airflow/dags/welcome.py
[2024-04-11T19:40:37.563+0000] {processor.py:830} INFO - Processing file /opt/airflow/dags/welcome.py for tasks to queue
[2024-04-11T19:40:37.566+0000] {logging_mixin.py:188} INFO - [2024-04-11T19:40:37.565+0000] {dagbag.py:540} INFO - Filling up the DagBag from /opt/airflow/dags/welcome.py
[2024-04-11T19:40:37.664+0000] {processor.py:840} INFO - DAG(s) 'welcome_dag' retrieved from /opt/airflow/dags/welcome.py
[2024-04-11T19:40:37.715+0000] {logging_mixin.py:188} INFO - [2024-04-11T19:40:37.714+0000] {dag.py:3096} INFO - Sync 1 DAGs
[2024-04-11T19:40:37.755+0000] {logging_mixin.py:188} INFO - [2024-04-11T19:40:37.755+0000] {dag.py:3954} INFO - Setting next_dagrun for welcome_dag to 2024-04-10 23:00:00+00:00, run_after=2024-04-11 23:00:00+00:00
[2024-04-11T19:40:37.946+0000] {processor.py:183} INFO - Processing /opt/airflow/dags/welcome.py took 0.390 seconds
[2024-04-11T19:41:09.378+0000] {processor.py:161} INFO - Started process (PID=139) to work on /opt/airflow/dags/welcome.py
[2024-04-11T19:41:09.380+0000] {processor.py:830} INFO - Processing file /opt/airflow/dags/welcome.py for tasks to queue
[2024-04-11T19:41:09.383+0000] {logging_mixin.py:188} INFO - [2024-04-11T19:41:09.382+0000] {dagbag.py:540} INFO - Filling up the DagBag from /opt/airflow/dags/welcome.py
[2024-04-11T19:41:09.466+0000] {processor.py:840} INFO - DAG(s) 'welcome_dag' retrieved from /opt/airflow/dags/welcome.py
[2024-04-11T19:41:09.521+0000] {logging_mixin.py:188} INFO - [2024-04-11T19:41:09.521+0000] {dag.py:3096} INFO - Sync 1 DAGs
[2024-04-11T19:41:09.563+0000] {logging_mixin.py:188} INFO - [2024-04-11T19:41:09.563+0000] {dag.py:3954} INFO - Setting next_dagrun for welcome_dag to 2024-04-10 23:00:00+00:00, run_after=2024-04-11 23:00:00+00:00
[2024-04-11T19:41:09.754+0000] {processor.py:183} INFO - Processing /opt/airflow/dags/welcome.py took 0.381 seconds
[2024-04-11T19:41:40.445+0000] {processor.py:161} INFO - Started process (PID=140) to work on /opt/airflow/dags/welcome.py
[2024-04-11T19:41:40.447+0000] {processor.py:830} INFO - Processing file /opt/airflow/dags/welcome.py for tasks to queue
[2024-04-11T19:41:40.449+0000] {logging_mixin.py:188} INFO - [2024-04-11T19:41:40.449+0000] {dagbag.py:540} INFO - Filling up the DagBag from /opt/airflow/dags/welcome.py
[2024-04-11T19:41:40.550+0000] {processor.py:840} INFO - DAG(s) 'welcome_dag' retrieved from /opt/airflow/dags/welcome.py
[2024-04-11T19:41:40.602+0000] {logging_mixin.py:188} INFO - [2024-04-11T19:41:40.602+0000] {dag.py:3096} INFO - Sync 1 DAGs
[2024-04-11T19:41:40.640+0000] {logging_mixin.py:188} INFO - [2024-04-11T19:41:40.640+0000] {dag.py:3954} INFO - Setting next_dagrun for welcome_dag to 2024-04-10 23:00:00+00:00, run_after=2024-04-11 23:00:00+00:00
[2024-04-11T19:41:40.850+0000] {processor.py:183} INFO - Processing /opt/airflow/dags/welcome.py took 0.409 seconds
[2024-04-11T19:42:11.308+0000] {processor.py:161} INFO - Started process (PID=141) to work on /opt/airflow/dags/welcome.py
[2024-04-11T19:42:11.309+0000] {processor.py:830} INFO - Processing file /opt/airflow/dags/welcome.py for tasks to queue
[2024-04-11T19:42:11.312+0000] {logging_mixin.py:188} INFO - [2024-04-11T19:42:11.311+0000] {dagbag.py:540} INFO - Filling up the DagBag from /opt/airflow/dags/welcome.py
[2024-04-11T19:42:11.401+0000] {processor.py:840} INFO - DAG(s) 'welcome_dag' retrieved from /opt/airflow/dags/welcome.py
[2024-04-11T19:42:11.458+0000] {logging_mixin.py:188} INFO - [2024-04-11T19:42:11.458+0000] {dag.py:3096} INFO - Sync 1 DAGs
[2024-04-11T19:42:11.501+0000] {logging_mixin.py:188} INFO - [2024-04-11T19:42:11.501+0000] {dag.py:3954} INFO - Setting next_dagrun for welcome_dag to 2024-04-10 23:00:00+00:00, run_after=2024-04-11 23:00:00+00:00
[2024-04-11T19:42:11.715+0000] {processor.py:183} INFO - Processing /opt/airflow/dags/welcome.py took 0.415 seconds
[2024-04-11T19:42:42.352+0000] {processor.py:161} INFO - Started process (PID=142) to work on /opt/airflow/dags/welcome.py
[2024-04-11T19:42:42.354+0000] {processor.py:830} INFO - Processing file /opt/airflow/dags/welcome.py for tasks to queue
[2024-04-11T19:42:42.357+0000] {logging_mixin.py:188} INFO - [2024-04-11T19:42:42.356+0000] {dagbag.py:540} INFO - Filling up the DagBag from /opt/airflow/dags/welcome.py
[2024-04-11T19:42:42.468+0000] {processor.py:840} INFO - DAG(s) 'welcome_dag' retrieved from /opt/airflow/dags/welcome.py
[2024-04-11T19:42:42.539+0000] {logging_mixin.py:188} INFO - [2024-04-11T19:42:42.538+0000] {dag.py:3096} INFO - Sync 1 DAGs
[2024-04-11T19:42:42.593+0000] {logging_mixin.py:188} INFO - [2024-04-11T19:42:42.593+0000] {dag.py:3954} INFO - Setting next_dagrun for welcome_dag to 2024-04-10 23:00:00+00:00, run_after=2024-04-11 23:00:00+00:00
[2024-04-11T19:42:42.838+0000] {processor.py:183} INFO - Processing /opt/airflow/dags/welcome.py took 0.492 seconds
[2024-04-11T19:43:13.789+0000] {processor.py:161} INFO - Started process (PID=143) to work on /opt/airflow/dags/welcome.py
[2024-04-11T19:43:13.791+0000] {processor.py:830} INFO - Processing file /opt/airflow/dags/welcome.py for tasks to queue
[2024-04-11T19:43:13.794+0000] {logging_mixin.py:188} INFO - [2024-04-11T19:43:13.793+0000] {dagbag.py:540} INFO - Filling up the DagBag from /opt/airflow/dags/welcome.py
[2024-04-11T19:43:13.871+0000] {processor.py:840} INFO - DAG(s) 'welcome_dag' retrieved from /opt/airflow/dags/welcome.py
[2024-04-11T19:43:13.929+0000] {logging_mixin.py:188} INFO - [2024-04-11T19:43:13.929+0000] {dag.py:3096} INFO - Sync 1 DAGs
[2024-04-11T19:43:13.979+0000] {logging_mixin.py:188} INFO - [2024-04-11T19:43:13.979+0000] {dag.py:3954} INFO - Setting next_dagrun for welcome_dag to 2024-04-10 23:00:00+00:00, run_after=2024-04-11 23:00:00+00:00
[2024-04-11T19:43:14.205+0000] {processor.py:183} INFO - Processing /opt/airflow/dags/welcome.py took 0.427 seconds
[2024-04-11T19:43:45.029+0000] {processor.py:161} INFO - Started process (PID=144) to work on /opt/airflow/dags/welcome.py
[2024-04-11T19:43:45.031+0000] {processor.py:830} INFO - Processing file /opt/airflow/dags/welcome.py for tasks to queue
[2024-04-11T19:43:45.033+0000] {logging_mixin.py:188} INFO - [2024-04-11T19:43:45.033+0000] {dagbag.py:540} INFO - Filling up the DagBag from /opt/airflow/dags/welcome.py
[2024-04-11T19:43:45.108+0000] {processor.py:840} INFO - DAG(s) 'welcome_dag' retrieved from /opt/airflow/dags/welcome.py
[2024-04-11T19:43:45.147+0000] {logging_mixin.py:188} INFO - [2024-04-11T19:43:45.147+0000] {dag.py:3096} INFO - Sync 1 DAGs
[2024-04-11T19:43:45.184+0000] {logging_mixin.py:188} INFO - [2024-04-11T19:43:45.184+0000] {dag.py:3954} INFO - Setting next_dagrun for welcome_dag to 2024-04-10 23:00:00+00:00, run_after=2024-04-11 23:00:00+00:00
[2024-04-11T19:43:45.356+0000] {processor.py:183} INFO - Processing /opt/airflow/dags/welcome.py took 0.331 seconds
[2024-04-11T19:44:15.569+0000] {processor.py:161} INFO - Started process (PID=145) to work on /opt/airflow/dags/welcome.py
[2024-04-11T19:44:15.571+0000] {processor.py:830} INFO - Processing file /opt/airflow/dags/welcome.py for tasks to queue
[2024-04-11T19:44:15.574+0000] {logging_mixin.py:188} INFO - [2024-04-11T19:44:15.574+0000] {dagbag.py:540} INFO - Filling up the DagBag from /opt/airflow/dags/welcome.py
[2024-04-11T19:44:15.661+0000] {processor.py:840} INFO - DAG(s) 'welcome_dag' retrieved from /opt/airflow/dags/welcome.py
[2024-04-11T19:44:15.716+0000] {logging_mixin.py:188} INFO - [2024-04-11T19:44:15.715+0000] {dag.py:3096} INFO - Sync 1 DAGs
[2024-04-11T19:44:15.760+0000] {logging_mixin.py:188} INFO - [2024-04-11T19:44:15.759+0000] {dag.py:3954} INFO - Setting next_dagrun for welcome_dag to 2024-04-10 23:00:00+00:00, run_after=2024-04-11 23:00:00+00:00
[2024-04-11T19:44:16.024+0000] {processor.py:183} INFO - Processing /opt/airflow/dags/welcome.py took 0.460 seconds
[2024-04-11T19:44:46.845+0000] {processor.py:161} INFO - Started process (PID=146) to work on /opt/airflow/dags/welcome.py
[2024-04-11T19:44:46.847+0000] {processor.py:830} INFO - Processing file /opt/airflow/dags/welcome.py for tasks to queue
[2024-04-11T19:44:46.849+0000] {logging_mixin.py:188} INFO - [2024-04-11T19:44:46.849+0000] {dagbag.py:540} INFO - Filling up the DagBag from /opt/airflow/dags/welcome.py
[2024-04-11T19:44:46.941+0000] {processor.py:840} INFO - DAG(s) 'welcome_dag' retrieved from /opt/airflow/dags/welcome.py
[2024-04-11T19:44:47.005+0000] {logging_mixin.py:188} INFO - [2024-04-11T19:44:47.005+0000] {dag.py:3096} INFO - Sync 1 DAGs
[2024-04-11T19:44:47.048+0000] {logging_mixin.py:188} INFO - [2024-04-11T19:44:47.048+0000] {dag.py:3954} INFO - Setting next_dagrun for welcome_dag to 2024-04-10 23:00:00+00:00, run_after=2024-04-11 23:00:00+00:00
[2024-04-11T19:44:47.240+0000] {processor.py:183} INFO - Processing /opt/airflow/dags/welcome.py took 0.400 seconds
[2024-04-11T19:45:17.899+0000] {processor.py:161} INFO - Started process (PID=147) to work on /opt/airflow/dags/welcome.py
[2024-04-11T19:45:17.901+0000] {processor.py:830} INFO - Processing file /opt/airflow/dags/welcome.py for tasks to queue
[2024-04-11T19:45:17.904+0000] {logging_mixin.py:188} INFO - [2024-04-11T19:45:17.903+0000] {dagbag.py:540} INFO - Filling up the DagBag from /opt/airflow/dags/welcome.py
[2024-04-11T19:45:17.956+0000] {processor.py:840} INFO - DAG(s) 'welcome_dag' retrieved from /opt/airflow/dags/welcome.py
[2024-04-11T19:45:18.010+0000] {logging_mixin.py:188} INFO - [2024-04-11T19:45:18.010+0000] {dag.py:3096} INFO - Sync 1 DAGs
[2024-04-11T19:45:18.048+0000] {logging_mixin.py:188} INFO - [2024-04-11T19:45:18.048+0000] {dag.py:3954} INFO - Setting next_dagrun for welcome_dag to 2024-04-10 23:00:00+00:00, run_after=2024-04-11 23:00:00+00:00
[2024-04-11T19:45:18.207+0000] {processor.py:183} INFO - Processing /opt/airflow/dags/welcome.py took 0.314 seconds
[2024-04-11T19:45:48.718+0000] {processor.py:161} INFO - Started process (PID=148) to work on /opt/airflow/dags/welcome.py
[2024-04-11T19:45:48.719+0000] {processor.py:830} INFO - Processing file /opt/airflow/dags/welcome.py for tasks to queue
[2024-04-11T19:45:48.723+0000] {logging_mixin.py:188} INFO - [2024-04-11T19:45:48.722+0000] {dagbag.py:540} INFO - Filling up the DagBag from /opt/airflow/dags/welcome.py
[2024-04-11T19:45:48.772+0000] {processor.py:840} INFO - DAG(s) 'welcome_dag' retrieved from /opt/airflow/dags/welcome.py
[2024-04-11T19:45:48.828+0000] {logging_mixin.py:188} INFO - [2024-04-11T19:45:48.828+0000] {dag.py:3096} INFO - Sync 1 DAGs
[2024-04-11T19:45:48.875+0000] {logging_mixin.py:188} INFO - [2024-04-11T19:45:48.875+0000] {dag.py:3954} INFO - Setting next_dagrun for welcome_dag to 2024-04-10 23:00:00+00:00, run_after=2024-04-11 23:00:00+00:00
[2024-04-11T19:45:49.162+0000] {processor.py:183} INFO - Processing /opt/airflow/dags/welcome.py took 0.449 seconds
[2024-04-11T19:46:19.612+0000] {processor.py:161} INFO - Started process (PID=149) to work on /opt/airflow/dags/welcome.py
[2024-04-11T19:46:19.614+0000] {processor.py:830} INFO - Processing file /opt/airflow/dags/welcome.py for tasks to queue
[2024-04-11T19:46:19.616+0000] {logging_mixin.py:188} INFO - [2024-04-11T19:46:19.616+0000] {dagbag.py:540} INFO - Filling up the DagBag from /opt/airflow/dags/welcome.py
[2024-04-11T19:46:19.676+0000] {processor.py:840} INFO - DAG(s) 'welcome_dag' retrieved from /opt/airflow/dags/welcome.py
[2024-04-11T19:46:19.731+0000] {logging_mixin.py:188} INFO - [2024-04-11T19:46:19.730+0000] {dag.py:3096} INFO - Sync 1 DAGs
[2024-04-11T19:46:19.765+0000] {logging_mixin.py:188} INFO - [2024-04-11T19:46:19.765+0000] {dag.py:3954} INFO - Setting next_dagrun for welcome_dag to 2024-04-10 23:00:00+00:00, run_after=2024-04-11 23:00:00+00:00
[2024-04-11T19:46:19.933+0000] {processor.py:183} INFO - Processing /opt/airflow/dags/welcome.py took 0.326 seconds
[2024-04-11T19:46:50.921+0000] {processor.py:161} INFO - Started process (PID=150) to work on /opt/airflow/dags/welcome.py
[2024-04-11T19:46:50.923+0000] {processor.py:830} INFO - Processing file /opt/airflow/dags/welcome.py for tasks to queue
[2024-04-11T19:46:50.926+0000] {logging_mixin.py:188} INFO - [2024-04-11T19:46:50.925+0000] {dagbag.py:540} INFO - Filling up the DagBag from /opt/airflow/dags/welcome.py
[2024-04-11T19:46:50.989+0000] {processor.py:840} INFO - DAG(s) 'welcome_dag' retrieved from /opt/airflow/dags/welcome.py
[2024-04-11T19:46:51.035+0000] {logging_mixin.py:188} INFO - [2024-04-11T19:46:51.034+0000] {dag.py:3096} INFO - Sync 1 DAGs
[2024-04-11T19:46:51.068+0000] {logging_mixin.py:188} INFO - [2024-04-11T19:46:51.068+0000] {dag.py:3954} INFO - Setting next_dagrun for welcome_dag to 2024-04-10 23:00:00+00:00, run_after=2024-04-11 23:00:00+00:00
[2024-04-11T19:46:51.220+0000] {processor.py:183} INFO - Processing /opt/airflow/dags/welcome.py took 0.306 seconds
[2024-04-11T19:47:21.978+0000] {processor.py:161} INFO - Started process (PID=151) to work on /opt/airflow/dags/welcome.py
[2024-04-11T19:47:21.980+0000] {processor.py:830} INFO - Processing file /opt/airflow/dags/welcome.py for tasks to queue
[2024-04-11T19:47:21.983+0000] {logging_mixin.py:188} INFO - [2024-04-11T19:47:21.983+0000] {dagbag.py:540} INFO - Filling up the DagBag from /opt/airflow/dags/welcome.py
[2024-04-11T19:47:22.097+0000] {processor.py:840} INFO - DAG(s) 'welcome_dag' retrieved from /opt/airflow/dags/welcome.py
[2024-04-11T19:47:22.163+0000] {logging_mixin.py:188} INFO - [2024-04-11T19:47:22.162+0000] {dag.py:3096} INFO - Sync 1 DAGs
[2024-04-11T19:47:22.217+0000] {logging_mixin.py:188} INFO - [2024-04-11T19:47:22.217+0000] {dag.py:3954} INFO - Setting next_dagrun for welcome_dag to 2024-04-10 23:00:00+00:00, run_after=2024-04-11 23:00:00+00:00
[2024-04-11T19:47:22.461+0000] {processor.py:183} INFO - Processing /opt/airflow/dags/welcome.py took 0.490 seconds
[2024-04-11T19:47:53.452+0000] {processor.py:161} INFO - Started process (PID=152) to work on /opt/airflow/dags/welcome.py
[2024-04-11T19:47:53.454+0000] {processor.py:830} INFO - Processing file /opt/airflow/dags/welcome.py for tasks to queue
[2024-04-11T19:47:53.458+0000] {logging_mixin.py:188} INFO - [2024-04-11T19:47:53.458+0000] {dagbag.py:540} INFO - Filling up the DagBag from /opt/airflow/dags/welcome.py
[2024-04-11T19:47:53.553+0000] {processor.py:840} INFO - DAG(s) 'welcome_dag' retrieved from /opt/airflow/dags/welcome.py
[2024-04-11T19:47:53.612+0000] {logging_mixin.py:188} INFO - [2024-04-11T19:47:53.612+0000] {dag.py:3096} INFO - Sync 1 DAGs
[2024-04-11T19:47:53.659+0000] {logging_mixin.py:188} INFO - [2024-04-11T19:47:53.659+0000] {dag.py:3954} INFO - Setting next_dagrun for welcome_dag to 2024-04-10 23:00:00+00:00, run_after=2024-04-11 23:00:00+00:00
[2024-04-11T19:47:53.928+0000] {processor.py:183} INFO - Processing /opt/airflow/dags/welcome.py took 0.482 seconds
[2024-04-11T19:48:24.730+0000] {processor.py:161} INFO - Started process (PID=153) to work on /opt/airflow/dags/welcome.py
[2024-04-11T19:48:24.731+0000] {processor.py:830} INFO - Processing file /opt/airflow/dags/welcome.py for tasks to queue
[2024-04-11T19:48:24.734+0000] {logging_mixin.py:188} INFO - [2024-04-11T19:48:24.734+0000] {dagbag.py:540} INFO - Filling up the DagBag from /opt/airflow/dags/welcome.py
[2024-04-11T19:48:24.828+0000] {processor.py:840} INFO - DAG(s) 'welcome_dag' retrieved from /opt/airflow/dags/welcome.py
[2024-04-11T19:48:24.889+0000] {logging_mixin.py:188} INFO - [2024-04-11T19:48:24.889+0000] {dag.py:3096} INFO - Sync 1 DAGs
[2024-04-11T19:48:24.937+0000] {logging_mixin.py:188} INFO - [2024-04-11T19:48:24.937+0000] {dag.py:3954} INFO - Setting next_dagrun for welcome_dag to 2024-04-10 23:00:00+00:00, run_after=2024-04-11 23:00:00+00:00
[2024-04-11T19:48:25.120+0000] {processor.py:183} INFO - Processing /opt/airflow/dags/welcome.py took 0.395 seconds
[2024-04-11T19:48:55.842+0000] {processor.py:161} INFO - Started process (PID=154) to work on /opt/airflow/dags/welcome.py
[2024-04-11T19:48:55.844+0000] {processor.py:830} INFO - Processing file /opt/airflow/dags/welcome.py for tasks to queue
[2024-04-11T19:48:55.847+0000] {logging_mixin.py:188} INFO - [2024-04-11T19:48:55.846+0000] {dagbag.py:540} INFO - Filling up the DagBag from /opt/airflow/dags/welcome.py
[2024-04-11T19:48:55.932+0000] {processor.py:840} INFO - DAG(s) 'welcome_dag' retrieved from /opt/airflow/dags/welcome.py
[2024-04-11T19:48:56.000+0000] {logging_mixin.py:188} INFO - [2024-04-11T19:48:55.999+0000] {dag.py:3096} INFO - Sync 1 DAGs
[2024-04-11T19:48:56.049+0000] {logging_mixin.py:188} INFO - [2024-04-11T19:48:56.048+0000] {dag.py:3954} INFO - Setting next_dagrun for welcome_dag to 2024-04-10 23:00:00+00:00, run_after=2024-04-11 23:00:00+00:00
[2024-04-11T19:48:56.302+0000] {processor.py:183} INFO - Processing /opt/airflow/dags/welcome.py took 0.467 seconds
[2024-04-11T19:49:26.559+0000] {processor.py:161} INFO - Started process (PID=156) to work on /opt/airflow/dags/welcome.py
[2024-04-11T19:49:26.561+0000] {processor.py:830} INFO - Processing file /opt/airflow/dags/welcome.py for tasks to queue
[2024-04-11T19:49:26.564+0000] {logging_mixin.py:188} INFO - [2024-04-11T19:49:26.564+0000] {dagbag.py:540} INFO - Filling up the DagBag from /opt/airflow/dags/welcome.py
[2024-04-11T19:49:26.642+0000] {processor.py:840} INFO - DAG(s) 'welcome_dag' retrieved from /opt/airflow/dags/welcome.py
[2024-04-11T19:49:26.697+0000] {logging_mixin.py:188} INFO - [2024-04-11T19:49:26.697+0000] {dag.py:3096} INFO - Sync 1 DAGs
[2024-04-11T19:49:26.736+0000] {logging_mixin.py:188} INFO - [2024-04-11T19:49:26.735+0000] {dag.py:3954} INFO - Setting next_dagrun for welcome_dag to 2024-04-10 23:00:00+00:00, run_after=2024-04-11 23:00:00+00:00
[2024-04-11T19:49:26.948+0000] {processor.py:183} INFO - Processing /opt/airflow/dags/welcome.py took 0.394 seconds
[2024-04-11T19:49:57.592+0000] {processor.py:161} INFO - Started process (PID=158) to work on /opt/airflow/dags/welcome.py
[2024-04-11T19:49:57.594+0000] {processor.py:830} INFO - Processing file /opt/airflow/dags/welcome.py for tasks to queue
[2024-04-11T19:49:57.597+0000] {logging_mixin.py:188} INFO - [2024-04-11T19:49:57.596+0000] {dagbag.py:540} INFO - Filling up the DagBag from /opt/airflow/dags/welcome.py
[2024-04-11T19:49:57.691+0000] {processor.py:840} INFO - DAG(s) 'welcome_dag' retrieved from /opt/airflow/dags/welcome.py
[2024-04-11T19:49:57.757+0000] {logging_mixin.py:188} INFO - [2024-04-11T19:49:57.757+0000] {dag.py:3096} INFO - Sync 1 DAGs
[2024-04-11T19:49:57.793+0000] {logging_mixin.py:188} INFO - [2024-04-11T19:49:57.793+0000] {dag.py:3954} INFO - Setting next_dagrun for welcome_dag to 2024-04-10 23:00:00+00:00, run_after=2024-04-11 23:00:00+00:00
[2024-04-11T19:49:57.922+0000] {processor.py:183} INFO - Processing /opt/airflow/dags/welcome.py took 0.336 seconds
[2024-04-11T19:50:28.167+0000] {processor.py:161} INFO - Started process (PID=160) to work on /opt/airflow/dags/welcome.py
[2024-04-11T19:50:28.168+0000] {processor.py:830} INFO - Processing file /opt/airflow/dags/welcome.py for tasks to queue
[2024-04-11T19:50:28.171+0000] {logging_mixin.py:188} INFO - [2024-04-11T19:50:28.170+0000] {dagbag.py:540} INFO - Filling up the DagBag from /opt/airflow/dags/welcome.py
[2024-04-11T19:50:28.225+0000] {processor.py:840} INFO - DAG(s) 'welcome_dag' retrieved from /opt/airflow/dags/welcome.py
[2024-04-11T19:50:28.271+0000] {logging_mixin.py:188} INFO - [2024-04-11T19:50:28.271+0000] {dag.py:3096} INFO - Sync 1 DAGs
[2024-04-11T19:50:28.311+0000] {logging_mixin.py:188} INFO - [2024-04-11T19:50:28.311+0000] {dag.py:3954} INFO - Setting next_dagrun for welcome_dag to 2024-04-10 23:00:00+00:00, run_after=2024-04-11 23:00:00+00:00
[2024-04-11T19:50:28.497+0000] {processor.py:183} INFO - Processing /opt/airflow/dags/welcome.py took 0.336 seconds
[2024-04-11T19:50:59.243+0000] {processor.py:161} INFO - Started process (PID=162) to work on /opt/airflow/dags/welcome.py
[2024-04-11T19:50:59.246+0000] {processor.py:830} INFO - Processing file /opt/airflow/dags/welcome.py for tasks to queue
[2024-04-11T19:50:59.250+0000] {logging_mixin.py:188} INFO - [2024-04-11T19:50:59.249+0000] {dagbag.py:540} INFO - Filling up the DagBag from /opt/airflow/dags/welcome.py
[2024-04-11T19:50:59.352+0000] {processor.py:840} INFO - DAG(s) 'welcome_dag' retrieved from /opt/airflow/dags/welcome.py
[2024-04-11T19:50:59.424+0000] {logging_mixin.py:188} INFO - [2024-04-11T19:50:59.424+0000] {dag.py:3096} INFO - Sync 1 DAGs
[2024-04-11T19:50:59.493+0000] {logging_mixin.py:188} INFO - [2024-04-11T19:50:59.493+0000] {dag.py:3954} INFO - Setting next_dagrun for welcome_dag to 2024-04-10 23:00:00+00:00, run_after=2024-04-11 23:00:00+00:00
[2024-04-11T19:50:59.664+0000] {processor.py:183} INFO - Processing /opt/airflow/dags/welcome.py took 0.432 seconds
[2024-04-11T19:51:30.489+0000] {processor.py:161} INFO - Started process (PID=164) to work on /opt/airflow/dags/welcome.py
[2024-04-11T19:51:30.491+0000] {processor.py:830} INFO - Processing file /opt/airflow/dags/welcome.py for tasks to queue
[2024-04-11T19:51:30.495+0000] {logging_mixin.py:188} INFO - [2024-04-11T19:51:30.494+0000] {dagbag.py:540} INFO - Filling up the DagBag from /opt/airflow/dags/welcome.py
[2024-04-11T19:51:30.595+0000] {processor.py:840} INFO - DAG(s) 'welcome_dag' retrieved from /opt/airflow/dags/welcome.py
[2024-04-11T19:51:30.647+0000] {logging_mixin.py:188} INFO - [2024-04-11T19:51:30.647+0000] {dag.py:3096} INFO - Sync 1 DAGs
[2024-04-11T19:51:30.691+0000] {logging_mixin.py:188} INFO - [2024-04-11T19:51:30.691+0000] {dag.py:3954} INFO - Setting next_dagrun for welcome_dag to 2024-04-10 23:00:00+00:00, run_after=2024-04-11 23:00:00+00:00
[2024-04-11T19:51:30.930+0000] {processor.py:183} INFO - Processing /opt/airflow/dags/welcome.py took 0.450 seconds
[2024-04-11T19:52:01.732+0000] {processor.py:161} INFO - Started process (PID=166) to work on /opt/airflow/dags/welcome.py
[2024-04-11T19:52:01.733+0000] {processor.py:830} INFO - Processing file /opt/airflow/dags/welcome.py for tasks to queue
[2024-04-11T19:52:01.736+0000] {logging_mixin.py:188} INFO - [2024-04-11T19:52:01.736+0000] {dagbag.py:540} INFO - Filling up the DagBag from /opt/airflow/dags/welcome.py
[2024-04-11T19:52:01.818+0000] {processor.py:840} INFO - DAG(s) 'welcome_dag' retrieved from /opt/airflow/dags/welcome.py
[2024-04-11T19:52:01.878+0000] {logging_mixin.py:188} INFO - [2024-04-11T19:52:01.877+0000] {dag.py:3096} INFO - Sync 1 DAGs
[2024-04-11T19:52:01.916+0000] {logging_mixin.py:188} INFO - [2024-04-11T19:52:01.916+0000] {dag.py:3954} INFO - Setting next_dagrun for welcome_dag to 2024-04-10 23:00:00+00:00, run_after=2024-04-11 23:00:00+00:00
[2024-04-11T19:52:02.084+0000] {processor.py:183} INFO - Processing /opt/airflow/dags/welcome.py took 0.357 seconds
[2024-04-11T19:52:32.862+0000] {processor.py:161} INFO - Started process (PID=168) to work on /opt/airflow/dags/welcome.py
[2024-04-11T19:52:32.864+0000] {processor.py:830} INFO - Processing file /opt/airflow/dags/welcome.py for tasks to queue
[2024-04-11T19:52:32.866+0000] {logging_mixin.py:188} INFO - [2024-04-11T19:52:32.866+0000] {dagbag.py:540} INFO - Filling up the DagBag from /opt/airflow/dags/welcome.py
[2024-04-11T19:52:32.928+0000] {processor.py:840} INFO - DAG(s) 'welcome_dag' retrieved from /opt/airflow/dags/welcome.py
[2024-04-11T19:52:32.979+0000] {logging_mixin.py:188} INFO - [2024-04-11T19:52:32.979+0000] {dag.py:3096} INFO - Sync 1 DAGs
[2024-04-11T19:52:33.015+0000] {logging_mixin.py:188} INFO - [2024-04-11T19:52:33.015+0000] {dag.py:3954} INFO - Setting next_dagrun for welcome_dag to 2024-04-10 23:00:00+00:00, run_after=2024-04-11 23:00:00+00:00
[2024-04-11T19:52:33.166+0000] {processor.py:183} INFO - Processing /opt/airflow/dags/welcome.py took 0.308 seconds
[2024-04-11T19:53:03.964+0000] {processor.py:161} INFO - Started process (PID=170) to work on /opt/airflow/dags/welcome.py
[2024-04-11T19:53:03.965+0000] {processor.py:830} INFO - Processing file /opt/airflow/dags/welcome.py for tasks to queue
[2024-04-11T19:53:03.968+0000] {logging_mixin.py:188} INFO - [2024-04-11T19:53:03.968+0000] {dagbag.py:540} INFO - Filling up the DagBag from /opt/airflow/dags/welcome.py
[2024-04-11T19:53:04.079+0000] {processor.py:840} INFO - DAG(s) 'welcome_dag' retrieved from /opt/airflow/dags/welcome.py
[2024-04-11T19:53:04.116+0000] {logging_mixin.py:188} INFO - [2024-04-11T19:53:04.116+0000] {dag.py:3096} INFO - Sync 1 DAGs
[2024-04-11T19:53:04.160+0000] {logging_mixin.py:188} INFO - [2024-04-11T19:53:04.160+0000] {dag.py:3954} INFO - Setting next_dagrun for welcome_dag to 2024-04-10 23:00:00+00:00, run_after=2024-04-11 23:00:00+00:00
[2024-04-11T19:53:04.299+0000] {processor.py:183} INFO - Processing /opt/airflow/dags/welcome.py took 0.341 seconds
[2024-04-11T19:53:35.067+0000] {processor.py:161} INFO - Started process (PID=172) to work on /opt/airflow/dags/welcome.py
[2024-04-11T19:53:35.069+0000] {processor.py:830} INFO - Processing file /opt/airflow/dags/welcome.py for tasks to queue
[2024-04-11T19:53:35.072+0000] {logging_mixin.py:188} INFO - [2024-04-11T19:53:35.071+0000] {dagbag.py:540} INFO - Filling up the DagBag from /opt/airflow/dags/welcome.py
[2024-04-11T19:53:35.148+0000] {processor.py:840} INFO - DAG(s) 'welcome_dag' retrieved from /opt/airflow/dags/welcome.py
[2024-04-11T19:53:35.202+0000] {logging_mixin.py:188} INFO - [2024-04-11T19:53:35.202+0000] {dag.py:3096} INFO - Sync 1 DAGs
[2024-04-11T19:53:35.252+0000] {logging_mixin.py:188} INFO - [2024-04-11T19:53:35.251+0000] {dag.py:3954} INFO - Setting next_dagrun for welcome_dag to 2024-04-10 23:00:00+00:00, run_after=2024-04-11 23:00:00+00:00
[2024-04-11T19:53:35.519+0000] {processor.py:183} INFO - Processing /opt/airflow/dags/welcome.py took 0.456 seconds
[2024-04-11T19:54:06.533+0000] {processor.py:161} INFO - Started process (PID=174) to work on /opt/airflow/dags/welcome.py
[2024-04-11T19:54:06.538+0000] {processor.py:830} INFO - Processing file /opt/airflow/dags/welcome.py for tasks to queue
[2024-04-11T19:54:06.541+0000] {logging_mixin.py:188} INFO - [2024-04-11T19:54:06.540+0000] {dagbag.py:540} INFO - Filling up the DagBag from /opt/airflow/dags/welcome.py
[2024-04-11T19:54:06.605+0000] {processor.py:840} INFO - DAG(s) 'welcome_dag' retrieved from /opt/airflow/dags/welcome.py
[2024-04-11T19:54:06.653+0000] {logging_mixin.py:188} INFO - [2024-04-11T19:54:06.653+0000] {dag.py:3096} INFO - Sync 1 DAGs
[2024-04-11T19:54:06.692+0000] {logging_mixin.py:188} INFO - [2024-04-11T19:54:06.692+0000] {dag.py:3954} INFO - Setting next_dagrun for welcome_dag to 2024-04-10 23:00:00+00:00, run_after=2024-04-11 23:00:00+00:00
[2024-04-11T19:54:06.916+0000] {processor.py:183} INFO - Processing /opt/airflow/dags/welcome.py took 0.391 seconds
[2024-04-11T19:54:37.851+0000] {processor.py:161} INFO - Started process (PID=176) to work on /opt/airflow/dags/welcome.py
[2024-04-11T19:54:37.853+0000] {processor.py:830} INFO - Processing file /opt/airflow/dags/welcome.py for tasks to queue
[2024-04-11T19:54:37.856+0000] {logging_mixin.py:188} INFO - [2024-04-11T19:54:37.855+0000] {dagbag.py:540} INFO - Filling up the DagBag from /opt/airflow/dags/welcome.py
[2024-04-11T19:54:37.952+0000] {processor.py:840} INFO - DAG(s) 'welcome_dag' retrieved from /opt/airflow/dags/welcome.py
[2024-04-11T19:54:38.022+0000] {logging_mixin.py:188} INFO - [2024-04-11T19:54:38.022+0000] {dag.py:3096} INFO - Sync 1 DAGs
[2024-04-11T19:54:38.082+0000] {logging_mixin.py:188} INFO - [2024-04-11T19:54:38.082+0000] {dag.py:3954} INFO - Setting next_dagrun for welcome_dag to 2024-04-10 23:00:00+00:00, run_after=2024-04-11 23:00:00+00:00
[2024-04-11T19:54:38.418+0000] {processor.py:183} INFO - Processing /opt/airflow/dags/welcome.py took 0.574 seconds
[2024-04-11T19:55:09.160+0000] {processor.py:161} INFO - Started process (PID=178) to work on /opt/airflow/dags/welcome.py
[2024-04-11T19:55:09.162+0000] {processor.py:830} INFO - Processing file /opt/airflow/dags/welcome.py for tasks to queue
[2024-04-11T19:55:09.164+0000] {logging_mixin.py:188} INFO - [2024-04-11T19:55:09.163+0000] {dagbag.py:540} INFO - Filling up the DagBag from /opt/airflow/dags/welcome.py
[2024-04-11T19:55:09.244+0000] {processor.py:840} INFO - DAG(s) 'welcome_dag' retrieved from /opt/airflow/dags/welcome.py
[2024-04-11T19:55:09.298+0000] {logging_mixin.py:188} INFO - [2024-04-11T19:55:09.298+0000] {dag.py:3096} INFO - Sync 1 DAGs
[2024-04-11T19:55:09.346+0000] {logging_mixin.py:188} INFO - [2024-04-11T19:55:09.345+0000] {dag.py:3954} INFO - Setting next_dagrun for welcome_dag to 2024-04-10 23:00:00+00:00, run_after=2024-04-11 23:00:00+00:00
[2024-04-11T19:55:09.516+0000] {processor.py:183} INFO - Processing /opt/airflow/dags/welcome.py took 0.361 seconds
[2024-04-11T19:55:40.813+0000] {processor.py:161} INFO - Started process (PID=180) to work on /opt/airflow/dags/welcome.py
[2024-04-11T19:55:40.815+0000] {processor.py:830} INFO - Processing file /opt/airflow/dags/welcome.py for tasks to queue
[2024-04-11T19:55:40.817+0000] {logging_mixin.py:188} INFO - [2024-04-11T19:55:40.816+0000] {dagbag.py:540} INFO - Filling up the DagBag from /opt/airflow/dags/welcome.py
[2024-04-11T19:55:40.889+0000] {processor.py:840} INFO - DAG(s) 'welcome_dag' retrieved from /opt/airflow/dags/welcome.py
[2024-04-11T19:55:40.948+0000] {logging_mixin.py:188} INFO - [2024-04-11T19:55:40.947+0000] {dag.py:3096} INFO - Sync 1 DAGs
[2024-04-11T19:55:40.993+0000] {logging_mixin.py:188} INFO - [2024-04-11T19:55:40.993+0000] {dag.py:3954} INFO - Setting next_dagrun for welcome_dag to 2024-04-10 23:00:00+00:00, run_after=2024-04-11 23:00:00+00:00
[2024-04-11T19:55:41.154+0000] {processor.py:183} INFO - Processing /opt/airflow/dags/welcome.py took 0.346 seconds
[2024-04-11T19:56:12.413+0000] {processor.py:161} INFO - Started process (PID=182) to work on /opt/airflow/dags/welcome.py
[2024-04-11T19:56:12.415+0000] {processor.py:830} INFO - Processing file /opt/airflow/dags/welcome.py for tasks to queue
[2024-04-11T19:56:12.418+0000] {logging_mixin.py:188} INFO - [2024-04-11T19:56:12.417+0000] {dagbag.py:540} INFO - Filling up the DagBag from /opt/airflow/dags/welcome.py
[2024-04-11T19:56:12.496+0000] {processor.py:840} INFO - DAG(s) 'welcome_dag' retrieved from /opt/airflow/dags/welcome.py
[2024-04-11T19:56:12.556+0000] {logging_mixin.py:188} INFO - [2024-04-11T19:56:12.555+0000] {dag.py:3096} INFO - Sync 1 DAGs
[2024-04-11T19:56:12.601+0000] {logging_mixin.py:188} INFO - [2024-04-11T19:56:12.600+0000] {dag.py:3954} INFO - Setting next_dagrun for welcome_dag to 2024-04-10 23:00:00+00:00, run_after=2024-04-11 23:00:00+00:00
[2024-04-11T19:56:12.793+0000] {processor.py:183} INFO - Processing /opt/airflow/dags/welcome.py took 0.384 seconds
[2024-04-11T19:56:43.475+0000] {processor.py:161} INFO - Started process (PID=184) to work on /opt/airflow/dags/welcome.py
[2024-04-11T19:56:43.477+0000] {processor.py:830} INFO - Processing file /opt/airflow/dags/welcome.py for tasks to queue
[2024-04-11T19:56:43.480+0000] {logging_mixin.py:188} INFO - [2024-04-11T19:56:43.480+0000] {dagbag.py:540} INFO - Filling up the DagBag from /opt/airflow/dags/welcome.py
[2024-04-11T19:56:43.578+0000] {processor.py:840} INFO - DAG(s) 'welcome_dag' retrieved from /opt/airflow/dags/welcome.py
[2024-04-11T19:56:43.652+0000] {logging_mixin.py:188} INFO - [2024-04-11T19:56:43.652+0000] {dag.py:3096} INFO - Sync 1 DAGs
[2024-04-11T19:56:43.698+0000] {logging_mixin.py:188} INFO - [2024-04-11T19:56:43.698+0000] {dag.py:3954} INFO - Setting next_dagrun for welcome_dag to 2024-04-10 23:00:00+00:00, run_after=2024-04-11 23:00:00+00:00
[2024-04-11T19:56:43.909+0000] {processor.py:183} INFO - Processing /opt/airflow/dags/welcome.py took 0.440 seconds
[2024-04-11T19:57:15.105+0000] {processor.py:161} INFO - Started process (PID=186) to work on /opt/airflow/dags/welcome.py
[2024-04-11T19:57:15.107+0000] {processor.py:830} INFO - Processing file /opt/airflow/dags/welcome.py for tasks to queue
[2024-04-11T19:57:15.111+0000] {logging_mixin.py:188} INFO - [2024-04-11T19:57:15.110+0000] {dagbag.py:540} INFO - Filling up the DagBag from /opt/airflow/dags/welcome.py
[2024-04-11T19:57:15.176+0000] {processor.py:840} INFO - DAG(s) 'welcome_dag' retrieved from /opt/airflow/dags/welcome.py
[2024-04-11T19:57:15.398+0000] {logging_mixin.py:188} INFO - [2024-04-11T19:57:15.398+0000] {dag.py:3096} INFO - Sync 1 DAGs
[2024-04-11T19:57:15.437+0000] {logging_mixin.py:188} INFO - [2024-04-11T19:57:15.437+0000] {dag.py:3954} INFO - Setting next_dagrun for welcome_dag to 2024-04-10 23:00:00+00:00, run_after=2024-04-11 23:00:00+00:00
[2024-04-11T19:57:15.619+0000] {processor.py:183} INFO - Processing /opt/airflow/dags/welcome.py took 0.519 seconds
[2024-04-11T19:57:46.243+0000] {processor.py:161} INFO - Started process (PID=188) to work on /opt/airflow/dags/welcome.py
[2024-04-11T19:57:46.245+0000] {processor.py:830} INFO - Processing file /opt/airflow/dags/welcome.py for tasks to queue
[2024-04-11T19:57:46.248+0000] {logging_mixin.py:188} INFO - [2024-04-11T19:57:46.248+0000] {dagbag.py:540} INFO - Filling up the DagBag from /opt/airflow/dags/welcome.py
[2024-04-11T19:57:46.324+0000] {processor.py:840} INFO - DAG(s) 'welcome_dag' retrieved from /opt/airflow/dags/welcome.py
[2024-04-11T19:57:46.371+0000] {logging_mixin.py:188} INFO - [2024-04-11T19:57:46.371+0000] {dag.py:3096} INFO - Sync 1 DAGs
[2024-04-11T19:57:46.409+0000] {logging_mixin.py:188} INFO - [2024-04-11T19:57:46.409+0000] {dag.py:3954} INFO - Setting next_dagrun for welcome_dag to 2024-04-10 23:00:00+00:00, run_after=2024-04-11 23:00:00+00:00
[2024-04-11T19:57:46.605+0000] {processor.py:183} INFO - Processing /opt/airflow/dags/welcome.py took 0.367 seconds
[2024-04-11T19:58:17.287+0000] {processor.py:161} INFO - Started process (PID=190) to work on /opt/airflow/dags/welcome.py
[2024-04-11T19:58:17.289+0000] {processor.py:830} INFO - Processing file /opt/airflow/dags/welcome.py for tasks to queue
[2024-04-11T19:58:17.292+0000] {logging_mixin.py:188} INFO - [2024-04-11T19:58:17.292+0000] {dagbag.py:540} INFO - Filling up the DagBag from /opt/airflow/dags/welcome.py
[2024-04-11T19:58:17.396+0000] {processor.py:840} INFO - DAG(s) 'welcome_dag' retrieved from /opt/airflow/dags/welcome.py
[2024-04-11T19:58:17.443+0000] {logging_mixin.py:188} INFO - [2024-04-11T19:58:17.442+0000] {dag.py:3096} INFO - Sync 1 DAGs
[2024-04-11T19:58:17.498+0000] {logging_mixin.py:188} INFO - [2024-04-11T19:58:17.497+0000] {dag.py:3954} INFO - Setting next_dagrun for welcome_dag to 2024-04-10 23:00:00+00:00, run_after=2024-04-11 23:00:00+00:00
[2024-04-11T19:58:17.712+0000] {processor.py:183} INFO - Processing /opt/airflow/dags/welcome.py took 0.433 seconds
[2024-04-11T19:58:48.560+0000] {processor.py:161} INFO - Started process (PID=192) to work on /opt/airflow/dags/welcome.py
[2024-04-11T19:58:48.562+0000] {processor.py:830} INFO - Processing file /opt/airflow/dags/welcome.py for tasks to queue
[2024-04-11T19:58:48.564+0000] {logging_mixin.py:188} INFO - [2024-04-11T19:58:48.564+0000] {dagbag.py:540} INFO - Filling up the DagBag from /opt/airflow/dags/welcome.py
[2024-04-11T19:58:48.665+0000] {processor.py:840} INFO - DAG(s) 'welcome_dag' retrieved from /opt/airflow/dags/welcome.py
[2024-04-11T19:58:48.741+0000] {logging_mixin.py:188} INFO - [2024-04-11T19:58:48.740+0000] {dag.py:3096} INFO - Sync 1 DAGs
[2024-04-11T19:58:48.792+0000] {logging_mixin.py:188} INFO - [2024-04-11T19:58:48.792+0000] {dag.py:3954} INFO - Setting next_dagrun for welcome_dag to 2024-04-10 23:00:00+00:00, run_after=2024-04-11 23:00:00+00:00
[2024-04-11T19:58:49.026+0000] {processor.py:183} INFO - Processing /opt/airflow/dags/welcome.py took 0.472 seconds
[2024-04-11T19:59:19.389+0000] {processor.py:161} INFO - Started process (PID=194) to work on /opt/airflow/dags/welcome.py
[2024-04-11T19:59:19.391+0000] {processor.py:830} INFO - Processing file /opt/airflow/dags/welcome.py for tasks to queue
[2024-04-11T19:59:19.394+0000] {logging_mixin.py:188} INFO - [2024-04-11T19:59:19.394+0000] {dagbag.py:540} INFO - Filling up the DagBag from /opt/airflow/dags/welcome.py
[2024-04-11T19:59:19.486+0000] {processor.py:840} INFO - DAG(s) 'welcome_dag' retrieved from /opt/airflow/dags/welcome.py
[2024-04-11T19:59:19.539+0000] {logging_mixin.py:188} INFO - [2024-04-11T19:59:19.539+0000] {dag.py:3096} INFO - Sync 1 DAGs
[2024-04-11T19:59:19.580+0000] {logging_mixin.py:188} INFO - [2024-04-11T19:59:19.580+0000] {dag.py:3954} INFO - Setting next_dagrun for welcome_dag to 2024-04-10 23:00:00+00:00, run_after=2024-04-11 23:00:00+00:00
[2024-04-11T19:59:19.786+0000] {processor.py:183} INFO - Processing /opt/airflow/dags/welcome.py took 0.401 seconds
[2024-04-11T19:59:50.735+0000] {processor.py:161} INFO - Started process (PID=196) to work on /opt/airflow/dags/welcome.py
[2024-04-11T19:59:50.737+0000] {processor.py:830} INFO - Processing file /opt/airflow/dags/welcome.py for tasks to queue
[2024-04-11T19:59:50.739+0000] {logging_mixin.py:188} INFO - [2024-04-11T19:59:50.739+0000] {dagbag.py:540} INFO - Filling up the DagBag from /opt/airflow/dags/welcome.py
[2024-04-11T19:59:50.810+0000] {processor.py:840} INFO - DAG(s) 'welcome_dag' retrieved from /opt/airflow/dags/welcome.py
[2024-04-11T19:59:50.868+0000] {logging_mixin.py:188} INFO - [2024-04-11T19:59:50.867+0000] {dag.py:3096} INFO - Sync 1 DAGs
[2024-04-11T19:59:50.913+0000] {logging_mixin.py:188} INFO - [2024-04-11T19:59:50.913+0000] {dag.py:3954} INFO - Setting next_dagrun for welcome_dag to 2024-04-10 23:00:00+00:00, run_after=2024-04-11 23:00:00+00:00
[2024-04-11T19:59:51.115+0000] {processor.py:183} INFO - Processing /opt/airflow/dags/welcome.py took 0.385 seconds
[2024-04-11T20:00:21.978+0000] {processor.py:161} INFO - Started process (PID=198) to work on /opt/airflow/dags/welcome.py
[2024-04-11T20:00:21.979+0000] {processor.py:830} INFO - Processing file /opt/airflow/dags/welcome.py for tasks to queue
[2024-04-11T20:00:21.981+0000] {logging_mixin.py:188} INFO - [2024-04-11T20:00:21.981+0000] {dagbag.py:540} INFO - Filling up the DagBag from /opt/airflow/dags/welcome.py
[2024-04-11T20:00:22.077+0000] {processor.py:840} INFO - DAG(s) 'welcome_dag' retrieved from /opt/airflow/dags/welcome.py
[2024-04-11T20:00:22.132+0000] {logging_mixin.py:188} INFO - [2024-04-11T20:00:22.132+0000] {dag.py:3096} INFO - Sync 1 DAGs
[2024-04-11T20:00:22.177+0000] {logging_mixin.py:188} INFO - [2024-04-11T20:00:22.176+0000] {dag.py:3954} INFO - Setting next_dagrun for welcome_dag to 2024-04-10 23:00:00+00:00, run_after=2024-04-11 23:00:00+00:00
[2024-04-11T20:00:22.419+0000] {processor.py:183} INFO - Processing /opt/airflow/dags/welcome.py took 0.446 seconds
[2024-04-11T20:00:53.622+0000] {processor.py:161} INFO - Started process (PID=200) to work on /opt/airflow/dags/welcome.py
[2024-04-11T20:00:53.624+0000] {processor.py:830} INFO - Processing file /opt/airflow/dags/welcome.py for tasks to queue
[2024-04-11T20:00:53.627+0000] {logging_mixin.py:188} INFO - [2024-04-11T20:00:53.627+0000] {dagbag.py:540} INFO - Filling up the DagBag from /opt/airflow/dags/welcome.py
[2024-04-11T20:00:53.734+0000] {processor.py:840} INFO - DAG(s) 'welcome_dag' retrieved from /opt/airflow/dags/welcome.py
[2024-04-11T20:00:53.792+0000] {logging_mixin.py:188} INFO - [2024-04-11T20:00:53.791+0000] {dag.py:3096} INFO - Sync 1 DAGs
[2024-04-11T20:00:53.849+0000] {logging_mixin.py:188} INFO - [2024-04-11T20:00:53.848+0000] {dag.py:3954} INFO - Setting next_dagrun for welcome_dag to 2024-04-10 23:00:00+00:00, run_after=2024-04-11 23:00:00+00:00
[2024-04-11T20:00:54.145+0000] {processor.py:183} INFO - Processing /opt/airflow/dags/welcome.py took 0.527 seconds
[2024-04-11T20:01:24.605+0000] {processor.py:161} INFO - Started process (PID=202) to work on /opt/airflow/dags/welcome.py
[2024-04-11T20:01:24.607+0000] {processor.py:830} INFO - Processing file /opt/airflow/dags/welcome.py for tasks to queue
[2024-04-11T20:01:24.609+0000] {logging_mixin.py:188} INFO - [2024-04-11T20:01:24.608+0000] {dagbag.py:540} INFO - Filling up the DagBag from /opt/airflow/dags/welcome.py
[2024-04-11T20:01:24.676+0000] {processor.py:840} INFO - DAG(s) 'welcome_dag' retrieved from /opt/airflow/dags/welcome.py
[2024-04-11T20:01:24.726+0000] {logging_mixin.py:188} INFO - [2024-04-11T20:01:24.726+0000] {dag.py:3096} INFO - Sync 1 DAGs
[2024-04-11T20:01:24.766+0000] {logging_mixin.py:188} INFO - [2024-04-11T20:01:24.765+0000] {dag.py:3954} INFO - Setting next_dagrun for welcome_dag to 2024-04-10 23:00:00+00:00, run_after=2024-04-11 23:00:00+00:00
[2024-04-11T20:01:25.009+0000] {processor.py:183} INFO - Processing /opt/airflow/dags/welcome.py took 0.409 seconds
[2024-04-11T20:01:55.618+0000] {processor.py:161} INFO - Started process (PID=204) to work on /opt/airflow/dags/welcome.py
[2024-04-11T20:01:55.620+0000] {processor.py:830} INFO - Processing file /opt/airflow/dags/welcome.py for tasks to queue
[2024-04-11T20:01:55.623+0000] {logging_mixin.py:188} INFO - [2024-04-11T20:01:55.622+0000] {dagbag.py:540} INFO - Filling up the DagBag from /opt/airflow/dags/welcome.py
[2024-04-11T20:01:55.683+0000] {processor.py:840} INFO - DAG(s) 'welcome_dag' retrieved from /opt/airflow/dags/welcome.py
[2024-04-11T20:01:55.737+0000] {logging_mixin.py:188} INFO - [2024-04-11T20:01:55.737+0000] {dag.py:3096} INFO - Sync 1 DAGs
[2024-04-11T20:01:55.776+0000] {logging_mixin.py:188} INFO - [2024-04-11T20:01:55.776+0000] {dag.py:3954} INFO - Setting next_dagrun for welcome_dag to 2024-04-10 23:00:00+00:00, run_after=2024-04-11 23:00:00+00:00
[2024-04-11T20:01:55.949+0000] {processor.py:183} INFO - Processing /opt/airflow/dags/welcome.py took 0.338 seconds
[2024-04-11T20:02:26.971+0000] {processor.py:161} INFO - Started process (PID=206) to work on /opt/airflow/dags/welcome.py
[2024-04-11T20:02:26.973+0000] {processor.py:830} INFO - Processing file /opt/airflow/dags/welcome.py for tasks to queue
[2024-04-11T20:02:26.977+0000] {logging_mixin.py:188} INFO - [2024-04-11T20:02:26.976+0000] {dagbag.py:540} INFO - Filling up the DagBag from /opt/airflow/dags/welcome.py
[2024-04-11T20:02:27.053+0000] {processor.py:840} INFO - DAG(s) 'welcome_dag' retrieved from /opt/airflow/dags/welcome.py
[2024-04-11T20:02:27.108+0000] {logging_mixin.py:188} INFO - [2024-04-11T20:02:27.108+0000] {dag.py:3096} INFO - Sync 1 DAGs
[2024-04-11T20:02:27.151+0000] {logging_mixin.py:188} INFO - [2024-04-11T20:02:27.151+0000] {dag.py:3954} INFO - Setting next_dagrun for welcome_dag to 2024-04-10 23:00:00+00:00, run_after=2024-04-11 23:00:00+00:00
[2024-04-11T20:02:27.345+0000] {processor.py:183} INFO - Processing /opt/airflow/dags/welcome.py took 0.381 seconds
[2024-04-11T20:02:57.626+0000] {processor.py:161} INFO - Started process (PID=208) to work on /opt/airflow/dags/welcome.py
[2024-04-11T20:02:57.628+0000] {processor.py:830} INFO - Processing file /opt/airflow/dags/welcome.py for tasks to queue
[2024-04-11T20:02:57.631+0000] {logging_mixin.py:188} INFO - [2024-04-11T20:02:57.630+0000] {dagbag.py:540} INFO - Filling up the DagBag from /opt/airflow/dags/welcome.py
[2024-04-11T20:02:57.694+0000] {processor.py:840} INFO - DAG(s) 'welcome_dag' retrieved from /opt/airflow/dags/welcome.py
[2024-04-11T20:02:57.738+0000] {logging_mixin.py:188} INFO - [2024-04-11T20:02:57.738+0000] {dag.py:3096} INFO - Sync 1 DAGs
[2024-04-11T20:02:57.777+0000] {logging_mixin.py:188} INFO - [2024-04-11T20:02:57.777+0000] {dag.py:3954} INFO - Setting next_dagrun for welcome_dag to 2024-04-10 23:00:00+00:00, run_after=2024-04-11 23:00:00+00:00
[2024-04-11T20:02:57.980+0000] {processor.py:183} INFO - Processing /opt/airflow/dags/welcome.py took 0.358 seconds
[2024-04-11T20:03:28.698+0000] {processor.py:161} INFO - Started process (PID=210) to work on /opt/airflow/dags/welcome.py
[2024-04-11T20:03:28.700+0000] {processor.py:830} INFO - Processing file /opt/airflow/dags/welcome.py for tasks to queue
[2024-04-11T20:03:28.704+0000] {logging_mixin.py:188} INFO - [2024-04-11T20:03:28.703+0000] {dagbag.py:540} INFO - Filling up the DagBag from /opt/airflow/dags/welcome.py
[2024-04-11T20:03:28.801+0000] {processor.py:840} INFO - DAG(s) 'welcome_dag' retrieved from /opt/airflow/dags/welcome.py
[2024-04-11T20:03:28.864+0000] {logging_mixin.py:188} INFO - [2024-04-11T20:03:28.864+0000] {dag.py:3096} INFO - Sync 1 DAGs
[2024-04-11T20:03:28.918+0000] {logging_mixin.py:188} INFO - [2024-04-11T20:03:28.917+0000] {dag.py:3954} INFO - Setting next_dagrun for welcome_dag to 2024-04-10 23:00:00+00:00, run_after=2024-04-11 23:00:00+00:00
[2024-04-11T20:03:29.193+0000] {processor.py:183} INFO - Processing /opt/airflow/dags/welcome.py took 0.502 seconds
[2024-04-11T20:03:59.821+0000] {processor.py:161} INFO - Started process (PID=212) to work on /opt/airflow/dags/welcome.py
[2024-04-11T20:03:59.823+0000] {processor.py:830} INFO - Processing file /opt/airflow/dags/welcome.py for tasks to queue
[2024-04-11T20:03:59.827+0000] {logging_mixin.py:188} INFO - [2024-04-11T20:03:59.827+0000] {dagbag.py:540} INFO - Filling up the DagBag from /opt/airflow/dags/welcome.py
[2024-04-11T20:03:59.925+0000] {processor.py:840} INFO - DAG(s) 'welcome_dag' retrieved from /opt/airflow/dags/welcome.py
[2024-04-11T20:04:00.002+0000] {logging_mixin.py:188} INFO - [2024-04-11T20:04:00.002+0000] {dag.py:3096} INFO - Sync 1 DAGs
[2024-04-11T20:04:00.067+0000] {logging_mixin.py:188} INFO - [2024-04-11T20:04:00.067+0000] {dag.py:3954} INFO - Setting next_dagrun for welcome_dag to 2024-04-10 23:00:00+00:00, run_after=2024-04-11 23:00:00+00:00
[2024-04-11T20:04:00.311+0000] {processor.py:183} INFO - Processing /opt/airflow/dags/welcome.py took 0.498 seconds
[2024-04-11T20:04:30.701+0000] {processor.py:161} INFO - Started process (PID=214) to work on /opt/airflow/dags/welcome.py
[2024-04-11T20:04:30.703+0000] {processor.py:830} INFO - Processing file /opt/airflow/dags/welcome.py for tasks to queue
[2024-04-11T20:04:30.706+0000] {logging_mixin.py:188} INFO - [2024-04-11T20:04:30.705+0000] {dagbag.py:540} INFO - Filling up the DagBag from /opt/airflow/dags/welcome.py
[2024-04-11T20:04:30.808+0000] {processor.py:840} INFO - DAG(s) 'welcome_dag' retrieved from /opt/airflow/dags/welcome.py
[2024-04-11T20:04:30.885+0000] {logging_mixin.py:188} INFO - [2024-04-11T20:04:30.884+0000] {dag.py:3096} INFO - Sync 1 DAGs
[2024-04-11T20:04:30.934+0000] {logging_mixin.py:188} INFO - [2024-04-11T20:04:30.934+0000] {dag.py:3954} INFO - Setting next_dagrun for welcome_dag to 2024-04-10 23:00:00+00:00, run_after=2024-04-11 23:00:00+00:00
[2024-04-11T20:04:31.185+0000] {processor.py:183} INFO - Processing /opt/airflow/dags/welcome.py took 0.489 seconds
[2024-04-11T20:05:01.424+0000] {processor.py:161} INFO - Started process (PID=216) to work on /opt/airflow/dags/welcome.py
[2024-04-11T20:05:01.426+0000] {processor.py:830} INFO - Processing file /opt/airflow/dags/welcome.py for tasks to queue
[2024-04-11T20:05:01.429+0000] {logging_mixin.py:188} INFO - [2024-04-11T20:05:01.429+0000] {dagbag.py:540} INFO - Filling up the DagBag from /opt/airflow/dags/welcome.py
[2024-04-11T20:05:01.508+0000] {processor.py:840} INFO - DAG(s) 'welcome_dag' retrieved from /opt/airflow/dags/welcome.py
[2024-04-11T20:05:01.563+0000] {logging_mixin.py:188} INFO - [2024-04-11T20:05:01.562+0000] {dag.py:3096} INFO - Sync 1 DAGs
[2024-04-11T20:05:01.607+0000] {logging_mixin.py:188} INFO - [2024-04-11T20:05:01.606+0000] {dag.py:3954} INFO - Setting next_dagrun for welcome_dag to 2024-04-10 23:00:00+00:00, run_after=2024-04-11 23:00:00+00:00
[2024-04-11T20:05:01.811+0000] {processor.py:183} INFO - Processing /opt/airflow/dags/welcome.py took 0.393 seconds
[2024-04-11T20:05:32.173+0000] {processor.py:161} INFO - Started process (PID=218) to work on /opt/airflow/dags/welcome.py
[2024-04-11T20:05:32.175+0000] {processor.py:830} INFO - Processing file /opt/airflow/dags/welcome.py for tasks to queue
[2024-04-11T20:05:32.178+0000] {logging_mixin.py:188} INFO - [2024-04-11T20:05:32.178+0000] {dagbag.py:540} INFO - Filling up the DagBag from /opt/airflow/dags/welcome.py
[2024-04-11T20:05:32.264+0000] {processor.py:840} INFO - DAG(s) 'welcome_dag' retrieved from /opt/airflow/dags/welcome.py
[2024-04-11T20:05:32.318+0000] {logging_mixin.py:188} INFO - [2024-04-11T20:05:32.318+0000] {dag.py:3096} INFO - Sync 1 DAGs
[2024-04-11T20:05:32.356+0000] {logging_mixin.py:188} INFO - [2024-04-11T20:05:32.356+0000] {dag.py:3954} INFO - Setting next_dagrun for welcome_dag to 2024-04-10 23:00:00+00:00, run_after=2024-04-11 23:00:00+00:00
[2024-04-11T20:05:32.573+0000] {processor.py:183} INFO - Processing /opt/airflow/dags/welcome.py took 0.405 seconds
[2024-04-11T20:06:03.587+0000] {processor.py:161} INFO - Started process (PID=220) to work on /opt/airflow/dags/welcome.py
[2024-04-11T20:06:03.588+0000] {processor.py:830} INFO - Processing file /opt/airflow/dags/welcome.py for tasks to queue
[2024-04-11T20:06:03.591+0000] {logging_mixin.py:188} INFO - [2024-04-11T20:06:03.591+0000] {dagbag.py:540} INFO - Filling up the DagBag from /opt/airflow/dags/welcome.py
[2024-04-11T20:06:03.694+0000] {processor.py:840} INFO - DAG(s) 'welcome_dag' retrieved from /opt/airflow/dags/welcome.py
[2024-04-11T20:06:03.743+0000] {logging_mixin.py:188} INFO - [2024-04-11T20:06:03.743+0000] {dag.py:3096} INFO - Sync 1 DAGs
[2024-04-11T20:06:03.776+0000] {logging_mixin.py:188} INFO - [2024-04-11T20:06:03.776+0000] {dag.py:3954} INFO - Setting next_dagrun for welcome_dag to 2024-04-10 23:00:00+00:00, run_after=2024-04-11 23:00:00+00:00
[2024-04-11T20:06:03.980+0000] {processor.py:183} INFO - Processing /opt/airflow/dags/welcome.py took 0.398 seconds
[2024-04-11T20:06:34.725+0000] {processor.py:161} INFO - Started process (PID=222) to work on /opt/airflow/dags/welcome.py
[2024-04-11T20:06:34.727+0000] {processor.py:830} INFO - Processing file /opt/airflow/dags/welcome.py for tasks to queue
[2024-04-11T20:06:34.731+0000] {logging_mixin.py:188} INFO - [2024-04-11T20:06:34.730+0000] {dagbag.py:540} INFO - Filling up the DagBag from /opt/airflow/dags/welcome.py
[2024-04-11T20:06:34.829+0000] {processor.py:840} INFO - DAG(s) 'welcome_dag' retrieved from /opt/airflow/dags/welcome.py
[2024-04-11T20:06:34.885+0000] {logging_mixin.py:188} INFO - [2024-04-11T20:06:34.884+0000] {dag.py:3096} INFO - Sync 1 DAGs
[2024-04-11T20:06:34.938+0000] {logging_mixin.py:188} INFO - [2024-04-11T20:06:34.938+0000] {dag.py:3954} INFO - Setting next_dagrun for welcome_dag to 2024-04-10 23:00:00+00:00, run_after=2024-04-11 23:00:00+00:00
[2024-04-11T20:06:35.219+0000] {processor.py:183} INFO - Processing /opt/airflow/dags/welcome.py took 0.499 seconds
[2024-04-11T20:07:06.414+0000] {processor.py:161} INFO - Started process (PID=224) to work on /opt/airflow/dags/welcome.py
[2024-04-11T20:07:06.416+0000] {processor.py:830} INFO - Processing file /opt/airflow/dags/welcome.py for tasks to queue
[2024-04-11T20:07:06.419+0000] {logging_mixin.py:188} INFO - [2024-04-11T20:07:06.419+0000] {dagbag.py:540} INFO - Filling up the DagBag from /opt/airflow/dags/welcome.py
[2024-04-11T20:07:06.526+0000] {processor.py:840} INFO - DAG(s) 'welcome_dag' retrieved from /opt/airflow/dags/welcome.py
[2024-04-11T20:07:06.602+0000] {logging_mixin.py:188} INFO - [2024-04-11T20:07:06.602+0000] {dag.py:3096} INFO - Sync 1 DAGs
[2024-04-11T20:07:06.655+0000] {logging_mixin.py:188} INFO - [2024-04-11T20:07:06.654+0000] {dag.py:3954} INFO - Setting next_dagrun for welcome_dag to 2024-04-10 23:00:00+00:00, run_after=2024-04-11 23:00:00+00:00
[2024-04-11T20:07:06.887+0000] {processor.py:183} INFO - Processing /opt/airflow/dags/welcome.py took 0.479 seconds
[2024-04-11T20:07:37.788+0000] {processor.py:161} INFO - Started process (PID=226) to work on /opt/airflow/dags/welcome.py
[2024-04-11T20:07:37.791+0000] {processor.py:830} INFO - Processing file /opt/airflow/dags/welcome.py for tasks to queue
[2024-04-11T20:07:37.796+0000] {logging_mixin.py:188} INFO - [2024-04-11T20:07:37.794+0000] {dagbag.py:540} INFO - Filling up the DagBag from /opt/airflow/dags/welcome.py
[2024-04-11T20:07:37.925+0000] {processor.py:840} INFO - DAG(s) 'welcome_dag' retrieved from /opt/airflow/dags/welcome.py
[2024-04-11T20:07:37.970+0000] {logging_mixin.py:188} INFO - [2024-04-11T20:07:37.970+0000] {dag.py:3096} INFO - Sync 1 DAGs
[2024-04-11T20:07:38.019+0000] {logging_mixin.py:188} INFO - [2024-04-11T20:07:38.018+0000] {dag.py:3954} INFO - Setting next_dagrun for welcome_dag to 2024-04-10 23:00:00+00:00, run_after=2024-04-11 23:00:00+00:00
[2024-04-11T20:07:38.158+0000] {processor.py:183} INFO - Processing /opt/airflow/dags/welcome.py took 0.383 seconds
[2024-04-11T20:08:09.068+0000] {processor.py:161} INFO - Started process (PID=228) to work on /opt/airflow/dags/welcome.py
[2024-04-11T20:08:09.070+0000] {processor.py:830} INFO - Processing file /opt/airflow/dags/welcome.py for tasks to queue
[2024-04-11T20:08:09.075+0000] {logging_mixin.py:188} INFO - [2024-04-11T20:08:09.073+0000] {dagbag.py:540} INFO - Filling up the DagBag from /opt/airflow/dags/welcome.py
[2024-04-11T20:08:09.191+0000] {processor.py:840} INFO - DAG(s) 'welcome_dag' retrieved from /opt/airflow/dags/welcome.py
[2024-04-11T20:08:09.282+0000] {logging_mixin.py:188} INFO - [2024-04-11T20:08:09.282+0000] {dag.py:3096} INFO - Sync 1 DAGs
[2024-04-11T20:08:09.325+0000] {logging_mixin.py:188} INFO - [2024-04-11T20:08:09.324+0000] {dag.py:3954} INFO - Setting next_dagrun for welcome_dag to 2024-04-10 23:00:00+00:00, run_after=2024-04-11 23:00:00+00:00
[2024-04-11T20:08:09.501+0000] {processor.py:183} INFO - Processing /opt/airflow/dags/welcome.py took 0.438 seconds
[2024-04-11T20:08:40.659+0000] {processor.py:161} INFO - Started process (PID=230) to work on /opt/airflow/dags/welcome.py
[2024-04-11T20:08:40.662+0000] {processor.py:830} INFO - Processing file /opt/airflow/dags/welcome.py for tasks to queue
[2024-04-11T20:08:40.664+0000] {logging_mixin.py:188} INFO - [2024-04-11T20:08:40.664+0000] {dagbag.py:540} INFO - Filling up the DagBag from /opt/airflow/dags/welcome.py
[2024-04-11T20:08:40.775+0000] {processor.py:840} INFO - DAG(s) 'welcome_dag' retrieved from /opt/airflow/dags/welcome.py
[2024-04-11T20:08:40.863+0000] {logging_mixin.py:188} INFO - [2024-04-11T20:08:40.862+0000] {dag.py:3096} INFO - Sync 1 DAGs
[2024-04-11T20:08:40.936+0000] {logging_mixin.py:188} INFO - [2024-04-11T20:08:40.936+0000] {dag.py:3954} INFO - Setting next_dagrun for welcome_dag to 2024-04-10 23:00:00+00:00, run_after=2024-04-11 23:00:00+00:00
[2024-04-11T20:08:41.246+0000] {processor.py:183} INFO - Processing /opt/airflow/dags/welcome.py took 0.595 seconds
[2024-04-11T20:09:12.716+0000] {processor.py:161} INFO - Started process (PID=232) to work on /opt/airflow/dags/welcome.py
[2024-04-11T20:09:12.718+0000] {processor.py:830} INFO - Processing file /opt/airflow/dags/welcome.py for tasks to queue
[2024-04-11T20:09:12.721+0000] {logging_mixin.py:188} INFO - [2024-04-11T20:09:12.721+0000] {dagbag.py:540} INFO - Filling up the DagBag from /opt/airflow/dags/welcome.py
[2024-04-11T20:09:12.825+0000] {processor.py:840} INFO - DAG(s) 'welcome_dag' retrieved from /opt/airflow/dags/welcome.py
[2024-04-11T20:09:12.898+0000] {logging_mixin.py:188} INFO - [2024-04-11T20:09:12.898+0000] {dag.py:3096} INFO - Sync 1 DAGs
[2024-04-11T20:09:12.947+0000] {logging_mixin.py:188} INFO - [2024-04-11T20:09:12.946+0000] {dag.py:3954} INFO - Setting next_dagrun for welcome_dag to 2024-04-10 23:00:00+00:00, run_after=2024-04-11 23:00:00+00:00
[2024-04-11T20:09:13.217+0000] {processor.py:183} INFO - Processing /opt/airflow/dags/welcome.py took 0.509 seconds
[2024-04-11T20:09:43.567+0000] {processor.py:161} INFO - Started process (PID=234) to work on /opt/airflow/dags/welcome.py
[2024-04-11T20:09:43.569+0000] {processor.py:830} INFO - Processing file /opt/airflow/dags/welcome.py for tasks to queue
[2024-04-11T20:09:43.571+0000] {logging_mixin.py:188} INFO - [2024-04-11T20:09:43.571+0000] {dagbag.py:540} INFO - Filling up the DagBag from /opt/airflow/dags/welcome.py
[2024-04-11T20:09:43.640+0000] {processor.py:840} INFO - DAG(s) 'welcome_dag' retrieved from /opt/airflow/dags/welcome.py
[2024-04-11T20:09:43.696+0000] {logging_mixin.py:188} INFO - [2024-04-11T20:09:43.696+0000] {dag.py:3096} INFO - Sync 1 DAGs
[2024-04-11T20:09:43.739+0000] {logging_mixin.py:188} INFO - [2024-04-11T20:09:43.739+0000] {dag.py:3954} INFO - Setting next_dagrun for welcome_dag to 2024-04-10 23:00:00+00:00, run_after=2024-04-11 23:00:00+00:00
[2024-04-11T20:09:43.915+0000] {processor.py:183} INFO - Processing /opt/airflow/dags/welcome.py took 0.354 seconds
[2024-04-11T20:10:14.921+0000] {processor.py:161} INFO - Started process (PID=236) to work on /opt/airflow/dags/welcome.py
[2024-04-11T20:10:14.923+0000] {processor.py:830} INFO - Processing file /opt/airflow/dags/welcome.py for tasks to queue
[2024-04-11T20:10:14.926+0000] {logging_mixin.py:188} INFO - [2024-04-11T20:10:14.925+0000] {dagbag.py:540} INFO - Filling up the DagBag from /opt/airflow/dags/welcome.py
[2024-04-11T20:10:14.998+0000] {processor.py:840} INFO - DAG(s) 'welcome_dag' retrieved from /opt/airflow/dags/welcome.py
[2024-04-11T20:10:15.062+0000] {logging_mixin.py:188} INFO - [2024-04-11T20:10:15.062+0000] {dag.py:3096} INFO - Sync 1 DAGs
[2024-04-11T20:10:15.116+0000] {logging_mixin.py:188} INFO - [2024-04-11T20:10:15.115+0000] {dag.py:3954} INFO - Setting next_dagrun for welcome_dag to 2024-04-10 23:00:00+00:00, run_after=2024-04-11 23:00:00+00:00
[2024-04-11T20:10:15.379+0000] {processor.py:183} INFO - Processing /opt/airflow/dags/welcome.py took 0.465 seconds
[2024-04-11T20:10:46.493+0000] {processor.py:161} INFO - Started process (PID=238) to work on /opt/airflow/dags/welcome.py
[2024-04-11T20:10:46.495+0000] {processor.py:830} INFO - Processing file /opt/airflow/dags/welcome.py for tasks to queue
[2024-04-11T20:10:46.498+0000] {logging_mixin.py:188} INFO - [2024-04-11T20:10:46.498+0000] {dagbag.py:540} INFO - Filling up the DagBag from /opt/airflow/dags/welcome.py
[2024-04-11T20:10:46.585+0000] {processor.py:840} INFO - DAG(s) 'welcome_dag' retrieved from /opt/airflow/dags/welcome.py
[2024-04-11T20:10:46.644+0000] {logging_mixin.py:188} INFO - [2024-04-11T20:10:46.644+0000] {dag.py:3096} INFO - Sync 1 DAGs
[2024-04-11T20:10:46.681+0000] {logging_mixin.py:188} INFO - [2024-04-11T20:10:46.680+0000] {dag.py:3954} INFO - Setting next_dagrun for welcome_dag to 2024-04-10 23:00:00+00:00, run_after=2024-04-11 23:00:00+00:00
[2024-04-11T20:10:46.826+0000] {processor.py:183} INFO - Processing /opt/airflow/dags/welcome.py took 0.338 seconds
